-- The C compiler identification is GNU 9.4.0
-- The CXX compiler identification is GNU 9.4.0
-- Check for working C compiler: /usr/bin/cc
-- Check for working C compiler: /usr/bin/cc -- works
-- Detecting C compiler ABI info
-- Detecting C compiler ABI info - done
-- Detecting C compile features
-- Detecting C compile features - done
-- Check for working CXX compiler: /usr/bin/c++
-- Check for working CXX compiler: /usr/bin/c++ -- works
-- Detecting CXX compiler ABI info
-- Detecting CXX compiler ABI info - done
-- Detecting CXX compile features
-- Detecting CXX compile features - done
-- Found ament_cmake: 0.9.9 (/opt/ros/foxy/share/ament_cmake/cmake)
-- Found PythonInterp: /usr/bin/python3 (found suitable version "3.8.10", minimum required is "3") 
-- Using PYTHON_EXECUTABLE: /usr/bin/python3
-- Found ament_index_cpp: 1.1.0 (/opt/ros/foxy/share/ament_index_cpp/cmake)
-- Found controller_interface: 0.10.0 (/home/d-lab/workspace/ros_ur_driver/src/install/controller_interface/share/controller_interface/cmake)
-- Using all available rosidl_typesupport_c: rosidl_typesupport_fastrtps_c;rosidl_typesupport_introspection_c
-- Found rosidl_adapter: 1.2.1 (/opt/ros/foxy/share/rosidl_adapter/cmake)
-- Found OpenSSL: /usr/lib/x86_64-linux-gnu/libcrypto.so (found version "1.1.1f")  
-- Found FastRTPS: /opt/ros/foxy/include  
-- Using all available rosidl_typesupport_cpp: rosidl_typesupport_fastrtps_cpp;rosidl_typesupport_introspection_cpp
-- Found rmw_implementation_cmake: 1.0.3 (/opt/ros/foxy/share/rmw_implementation_cmake/cmake)
-- Using RMW implementation 'rmw_fastrtps_cpp' as default
-- Looking for pthread.h
-- Looking for pthread.h - found
-- Performing Test CMAKE_HAVE_LIBC_PTHREAD
-- Performing Test CMAKE_HAVE_LIBC_PTHREAD - Failed
-- Looking for pthread_create in pthreads
-- Looking for pthread_create in pthreads - not found
-- Looking for pthread_create in pthread
-- Looking for pthread_create in pthread - found
-- Found Threads: TRUE  
-- Found controller_manager_msgs: 0.10.0 (/home/d-lab/workspace/ros_ur_driver/src/install/controller_manager_msgs/share/controller_manager_msgs/cmake)
-- Found ament_cmake_gmock: 0.9.9 (/opt/ros/foxy/share/ament_cmake_gmock/cmake)
-- Found ament_cmake_gtest: 0.9.9 (/opt/ros/foxy/share/ament_cmake_gtest/cmake)
-- Found ament_lint_auto: 0.9.6 (/opt/ros/foxy/share/ament_lint_auto/cmake)
-- Found ros2_control_test_assets: 0.10.0 (/home/d-lab/workspace/ros_ur_driver/src/install/ros2_control_test_assets/share/ros2_control_test_assets/cmake)
-- Found gmock sources under '/opt/ros/foxy/src/gmock_vendor': C++ tests using 'Google Mock' will be built
-- Found gtest sources under '/opt/ros/foxy/src/gtest_vendor': C++ tests using 'Google Test' will be built
-- Added test 'copyright' to check source files copyright and LICENSE
-- Added test 'cppcheck' to perform static code analysis on C / C++ code
-- Configured cppcheck include dirs: /home/d-lab/workspace/ros_ur_driver/src/ros2_control/controller_manager/include
-- Configured cppcheck exclude dirs and/or files: 
-- Added test 'flake8' to check Python code syntax and style conventions
-- Added test 'lint_cmake' to check CMake code style
-- Added test 'pep257' to check Python code against some of the style conventions in PEP 257
-- Added test 'xmllint' to check XML markup files
-- Configuring done
-- Generating done
-- Build files have been written to: /home/d-lab/workspace/ros_ur_driver/src/build/controller_manager
[35m[1mScanning dependencies of target gmock_main[0m
[35m[1mScanning dependencies of target gmock[0m
[35m[1mScanning dependencies of target controller_manager[0m
[  4%] [32mBuilding CXX object gmock/CMakeFiles/gmock_main.dir/src/gmock_main.cc.o[0m
[  8%] [32mBuilding CXX object gmock/CMakeFiles/gmock.dir/opt/ros/foxy/src/gtest_vendor/src/gtest-all.cc.o[0m
[ 12%] [32mBuilding CXX object gmock/CMakeFiles/gmock.dir/src/gmock-all.cc.o[0m
[ 16%] [32mBuilding CXX object CMakeFiles/controller_manager.dir/src/controller_manager.cpp.o[0m
[ 20%] [32m[1mLinking CXX static library libgmock_main.a[0m
[ 20%] Built target gmock_main
[ 24%] [32m[1mLinking CXX static library libgmock.a[0m
[ 24%] Built target gmock
[ 28%] [32m[1mLinking CXX shared library libcontroller_manager.so[0m
[ 28%] Built target controller_manager
[35m[1mScanning dependencies of target test_controller_with_interfaces[0m
[35m[1mScanning dependencies of target test_controller_failed_init[0m
[35m[1mScanning dependencies of target ros2_control_node[0m
[35m[1mScanning dependencies of target test_controller[0m
[ 32%] [32mBuilding CXX object CMakeFiles/ros2_control_node.dir/src/ros2_control_node.cpp.o[0m
[ 36%] [32mBuilding CXX object CMakeFiles/test_controller_with_interfaces.dir/test/test_controller_with_interfaces/test_controller_with_interfaces.cpp.o[0m
[ 40%] [32mBuilding CXX object CMakeFiles/test_controller_failed_init.dir/test/test_controller_failed_init/test_controller_failed_init.cpp.o[0m
[ 44%] [32mBuilding CXX object CMakeFiles/test_controller.dir/test/test_controller/test_controller.cpp.o[0m
[ 48%] [32m[1mLinking CXX shared library libtest_controller_failed_init.so[0m
[ 52%] [32m[1mLinking CXX shared library libtest_controller_with_interfaces.so[0m
[ 56%] [32m[1mLinking CXX shared library libtest_controller.so[0m
[ 60%] [32m[1mLinking CXX executable ros2_control_node[0m
[ 60%] Built target test_controller_failed_init
[ 60%] Built target test_controller_with_interfaces
[ 60%] Built target test_controller
[35m[1mScanning dependencies of target test_release_interfaces[0m
[35m[1mScanning dependencies of target test_load_controller[0m
[35m[1mScanning dependencies of target test_controller_manager[0m
[35m[1mScanning dependencies of target test_spawner_unspawner[0m
[35m[1mScanning dependencies of target test_controller_manager_srvs[0m
[ 64%] [32mBuilding CXX object CMakeFiles/test_release_interfaces.dir/test/test_release_interfaces.cpp.o[0m
[ 68%] [32mBuilding CXX object CMakeFiles/test_spawner_unspawner.dir/test/test_spawner_unspawner.cpp.o[0m
[ 72%] [32mBuilding CXX object CMakeFiles/test_load_controller.dir/test/test_load_controller.cpp.o[0m
[ 76%] [32mBuilding CXX object CMakeFiles/test_controller_manager.dir/test/test_controller_manager.cpp.o[0m
[ 76%] Built target ros2_control_node
[ 80%] [32mBuilding CXX object CMakeFiles/test_controller_manager_srvs.dir/test/test_controller_manager_srvs.cpp.o[0m
make[2]: *** [CMakeFiles/test_spawner_unspawner.dir/build.make:63: CMakeFiles/test_spawner_unspawner.dir/test/test_spawner_unspawner.cpp.o] Interrupt
make[2]: *** [CMakeFiles/test_release_interfaces.dir/build.make:63: CMakeFiles/test_release_interfaces.dir/test/test_release_interfaces.cpp.o] Interrupt
make[2]: *** wait: No child processes.  Stop.
make[2]: *** Waiting for unfinished jobs....
make[2]: *** wait: No child processes.  Stop.
make[2]: *** wait: No child processes.  Stop.
make[1]: *** [CMakeFiles/Makefile2:395: CMakeFiles/test_spawner_unspawner.dir/all] Interrupt
make[2]: *** Waiting for unfinished jobs....
make[2]: *** wait: No child processes.  Stop.
make[1]: *** [CMakeFiles/Makefile2:334: CMakeFiles/test_controller_manager.dir/all] Error 2
make[1]: *** [CMakeFiles/Makefile2:425: CMakeFiles/test_controller_manager_srvs.dir/all] Error 2
make[2]: *** [CMakeFiles/test_load_controller.dir/build.make:63: CMakeFiles/test_load_controller.dir/test/test_load_controller.cpp.o] Interrupt
make[1]: *** [CMakeFiles/Makefile2:304: CMakeFiles/test_release_interfaces.dir/all] Interrupt
make[1]: *** [CMakeFiles/Makefile2:365: CMakeFiles/test_load_controller.dir/all] Interrupt
make: *** [Makefile:141: all] Interrupt
