[0.041s] Invoking command in '/home/d-lab/workspace/ros_ur_driver/build/diff_drive_controller': AMENT_PREFIX_PATH=/home/d-lab/workspace/ros_ur_driver/install/controller_manager:/home/d-lab/workspace/ros_ur_driver/install/controller_interface:/home/d-lab/workspace/ros_ur_driver/install/hardware_interface:/home/d-lab/workspace/ros_ur_driver/install/ros2_control_test_assets:/home/d-lab/workspace/ros_ur_driver/install/controller_manager_msgs:/home/d-lab/workspace/ros_ur_driver/install/control_msgs:${AMENT_PREFIX_PATH} CMAKE_PREFIX_PATH=/home/d-lab/workspace/ros_ur_driver/install/controller_manager:/home/d-lab/workspace/ros_ur_driver/install/controller_interface:/home/d-lab/workspace/ros_ur_driver/install/hardware_interface:/home/d-lab/workspace/ros_ur_driver/install/ros2_control_test_assets:/home/d-lab/workspace/ros_ur_driver/install/controller_manager_msgs:/home/d-lab/workspace/ros_ur_driver/install/control_msgs:/opt/ros/foxy LD_LIBRARY_PATH=/home/d-lab/workspace/ros_ur_driver/install/controller_manager/lib:/home/d-lab/workspace/ros_ur_driver/install/controller_interface/lib:/home/d-lab/workspace/ros_ur_driver/install/hardware_interface/lib:/home/d-lab/workspace/ros_ur_driver/install/controller_manager_msgs/lib:/home/d-lab/workspace/ros_ur_driver/install/control_msgs/lib:${LD_LIBRARY_PATH} PYTHONPATH=/home/d-lab/workspace/ros_ur_driver/install/controller_manager/lib/python3.8/site-packages:/home/d-lab/workspace/ros_ur_driver/install/controller_manager_msgs/lib/python3.8/site-packages:/home/d-lab/workspace/ros_ur_driver/install/control_msgs/lib/python3.8/site-packages:${PYTHONPATH} /usr/bin/cmake --build /home/d-lab/workspace/ros_ur_driver/build/diff_drive_controller -- -j16 -l16
[0.105s] [  6%] [32mBuilding CXX object CMakeFiles/diff_drive_controller.dir/src/diff_drive_controller.cpp.o[0m
[0.113s] [ 20%] Built target gmock_main
[0.113s] [ 40%] Built target gmock
[0.134s] [ 53%] Built target test_accumulator
[0.153s] [ 66%] Built target test_load_diff_drive_controller
[1.488s] In file included from [01m[K/home/d-lab/workspace/ros_ur_driver/src/ros2_controllers/diff_drive_controller/src/diff_drive_controller.cpp:25[m[K:
[1.488s] [01m[K/home/d-lab/workspace/ros_ur_driver/src/ros2_controllers/diff_drive_controller/include/diff_drive_controller/diff_drive_controller.hpp:67:18:[m[K [01;31m[Kerror: [m[Kâ€˜[01m[Krclcpp_lifecycle::node_interfaces::LifecycleNodeInterface::CallbackReturn diff_drive_controller::DiffDriveController::on_init()[m[Kâ€™ marked â€˜[01m[Koverride[m[Kâ€™, but does not override
[1.488s]    67 |   CallbackReturn [01;31m[Kon_init[m[K() override;
[1.488s]       |                  [01;31m[K^~~~~~~[m[K
[1.524s] [01m[K/home/d-lab/workspace/ros_ur_driver/src/ros2_controllers/diff_drive_controller/src/diff_drive_controller.cpp:[m[K In member function â€˜[01m[Kvirtual controller_interface::return_type diff_drive_controller::DiffDriveController::update()[m[Kâ€™:
[1.525s] [01m[K/home/d-lab/workspace/ros_ur_driver/src/ros2_controllers/diff_drive_controller/src/diff_drive_controller.cpp:138:7:[m[K [01;31m[Kerror: [m[Kâ€˜[01m[Kget_state[m[Kâ€™ was not declared in this scope; did you mean â€˜[01m[Ksetstate[m[Kâ€™?
[1.525s]   138 |   if ([01;31m[Kget_state[m[K().id() == State::PRIMARY_STATE_INACTIVE)
[1.525s]       |       [01;31m[K^~~~~~~~~[m[K
[1.525s]       |       [32m[Ksetstate[m[K
[3.443s] make[2]: *** [CMakeFiles/diff_drive_controller.dir/build.make:63: CMakeFiles/diff_drive_controller.dir/src/diff_drive_controller.cpp.o] Error 1
[3.444s] make[1]: *** [CMakeFiles/Makefile2:212: CMakeFiles/diff_drive_controller.dir/all] Error 2
[3.444s] make: *** [Makefile:141: all] Error 2
