[ 18%] Built target gmock_main
[ 45%] Built target gmock
[ 54%] [32mBuilding CXX object CMakeFiles/joint_state_broadcaster.dir/src/joint_state_broadcaster.cpp.o[0m
[ 72%] Built target test_load_joint_state_broadcaster
In file included from [01m[K/home/d-lab/workspace/ros_ur_driver/src/ros2_controllers/joint_state_broadcaster/src/joint_state_broadcaster.cpp:15[m[K:
[01m[K/home/d-lab/workspace/ros_ur_driver/src/ros2_controllers/joint_state_broadcaster/include/joint_state_broadcaster/joint_state_broadcaster.hpp:60:77:[m[K [01;31m[Kerror: [m[Kâ€˜[01m[Krclcpp_lifecycle::node_interfaces::LifecycleNodeInterface::CallbackReturn joint_state_broadcaster::JointStateBroadcaster::on_init()[m[Kâ€™ marked â€˜[01m[Koverride[m[Kâ€™, but does not override
   60 |   rclcpp_lifecycle::node_interfaces::LifecycleNodeInterface::CallbackReturn [01;31m[Kon_init[m[K() override;
      |                                                                             [01;31m[K^~~~~~~[m[K
make[2]: *** [CMakeFiles/joint_state_broadcaster.dir/build.make:63: CMakeFiles/joint_state_broadcaster.dir/src/joint_state_broadcaster.cpp.o] Error 1
make[1]: *** [CMakeFiles/Makefile2:153: CMakeFiles/joint_state_broadcaster.dir/all] Error 2
make: *** [Makefile:141: all] Error 2
