[0.046s] Invoking command in '/home/d-lab/workspace/ros_ur_driver/build/joint_state_broadcaster': AMENT_PREFIX_PATH=/home/d-lab/workspace/ros_ur_driver/install/controller_manager:/home/d-lab/workspace/ros_ur_driver/install/controller_interface:/home/d-lab/workspace/ros_ur_driver/install/hardware_interface:/home/d-lab/workspace/ros_ur_driver/install/ros2_control_test_assets:/home/d-lab/workspace/ros_ur_driver/install/controller_manager_msgs:/home/d-lab/workspace/ros_ur_driver/install/control_msgs:${AMENT_PREFIX_PATH} CMAKE_PREFIX_PATH=/home/d-lab/workspace/ros_ur_driver/install/controller_manager:/home/d-lab/workspace/ros_ur_driver/install/controller_interface:/home/d-lab/workspace/ros_ur_driver/install/hardware_interface:/home/d-lab/workspace/ros_ur_driver/install/ros2_control_test_assets:/home/d-lab/workspace/ros_ur_driver/install/controller_manager_msgs:/home/d-lab/workspace/ros_ur_driver/install/control_msgs:/opt/ros/foxy LD_LIBRARY_PATH=/home/d-lab/workspace/ros_ur_driver/install/controller_manager/lib:/home/d-lab/workspace/ros_ur_driver/install/controller_interface/lib:/home/d-lab/workspace/ros_ur_driver/install/hardware_interface/lib:/home/d-lab/workspace/ros_ur_driver/install/controller_manager_msgs/lib:/home/d-lab/workspace/ros_ur_driver/install/control_msgs/lib:${LD_LIBRARY_PATH} PYTHONPATH=/home/d-lab/workspace/ros_ur_driver/install/controller_manager/lib/python3.8/site-packages:/home/d-lab/workspace/ros_ur_driver/install/controller_manager_msgs/lib/python3.8/site-packages:/home/d-lab/workspace/ros_ur_driver/install/control_msgs/lib/python3.8/site-packages:${PYTHONPATH} /usr/bin/cmake --build /home/d-lab/workspace/ros_ur_driver/build/joint_state_broadcaster -- -j16 -l16
[0.088s] [ 18%] Built target gmock_main
[0.091s] [ 45%] Built target gmock
[0.099s] [ 54%] [32mBuilding CXX object CMakeFiles/joint_state_broadcaster.dir/src/joint_state_broadcaster.cpp.o[0m
[0.133s] [ 72%] Built target test_load_joint_state_broadcaster
[1.161s] In file included from [01m[K/home/d-lab/workspace/ros_ur_driver/src/ros2_controllers/joint_state_broadcaster/src/joint_state_broadcaster.cpp:15[m[K:
[1.161s] [01m[K/home/d-lab/workspace/ros_ur_driver/src/ros2_controllers/joint_state_broadcaster/include/joint_state_broadcaster/joint_state_broadcaster.hpp:60:77:[m[K [01;31m[Kerror: [m[Kâ€˜[01m[Krclcpp_lifecycle::node_interfaces::LifecycleNodeInterface::CallbackReturn joint_state_broadcaster::JointStateBroadcaster::on_init()[m[Kâ€™ marked â€˜[01m[Koverride[m[Kâ€™, but does not override
[1.161s]    60 |   rclcpp_lifecycle::node_interfaces::LifecycleNodeInterface::CallbackReturn [01;31m[Kon_init[m[K() override;
[1.161s]       |                                                                             [01;31m[K^~~~~~~[m[K
[2.110s] make[2]: *** [CMakeFiles/joint_state_broadcaster.dir/build.make:63: CMakeFiles/joint_state_broadcaster.dir/src/joint_state_broadcaster.cpp.o] Error 1
[2.110s] make[1]: *** [CMakeFiles/Makefile2:153: CMakeFiles/joint_state_broadcaster.dir/all] Error 2
[2.110s] make: *** [Makefile:141: all] Error 2
