[0.184s] Invoking command in '/home/d-lab/workspace/ros_ur_driver/build/move_arm': CMAKE_PREFIX_PATH=/opt/ros/foxy /usr/bin/cmake --build /home/d-lab/workspace/ros_ur_driver/build/move_arm -- -j16 -l16
[0.363s] -- Found ament_cmake: 0.9.9 (/opt/ros/foxy/share/ament_cmake/cmake)
[0.364s] -- Using PYTHON_EXECUTABLE: /usr/bin/python3
[0.364s] -- Found rclcpp: 2.4.1 (/opt/ros/foxy/share/rclcpp/cmake)
[0.370s] -- Using all available rosidl_typesupport_c: rosidl_typesupport_fastrtps_c;rosidl_typesupport_introspection_c
[0.372s] -- Found rosidl_adapter: 1.2.1 (/opt/ros/foxy/share/rosidl_adapter/cmake)
[0.489s] -- Found OpenSSL: /usr/lib/x86_64-linux-gnu/libcrypto.so (found version "1.1.1f")  
[0.491s] -- Found FastRTPS: /opt/ros/foxy/include  
[0.535s] -- Using all available rosidl_typesupport_cpp: rosidl_typesupport_fastrtps_cpp;rosidl_typesupport_introspection_cpp
[0.545s] -- Found rmw_implementation_cmake: 1.0.3 (/opt/ros/foxy/share/rmw_implementation_cmake/cmake)
[0.545s] -- Using RMW implementation 'rmw_fastrtps_cpp' as default
[0.545s] -- Looking for pthread.h
[0.676s] -- Looking for pthread.h - found
[0.676s] -- Performing Test CMAKE_HAVE_LIBC_PTHREAD
[0.708s] -- Performing Test CMAKE_HAVE_LIBC_PTHREAD - Failed
[0.708s] -- Looking for pthread_create in pthreads
[0.709s] -- Looking for pthread_create in pthreads - not found
[0.709s] -- Looking for pthread_create in pthread
[0.722s] -- Looking for pthread_create in pthread - found
[0.723s] -- Found Threads: TRUE  
[0.830s] -- Found moveit: 2.2.3 (/opt/ros/foxy/share/moveit/cmake)
[0.832s] -- Found ament_lint_auto: 0.9.6 (/opt/ros/foxy/share/ament_lint_auto/cmake)
[0.881s] -- Added test 'copyright' to check source files copyright and LICENSE
[0.882s] -- Added test 'cppcheck' to perform static code analysis on C / C++ code
[0.883s] -- Configured cppcheck include dirs: 
[0.883s] -- Configured cppcheck exclude dirs and/or files: 
[0.883s] -- Added test 'cpplint' to check C / C++ code against the Google style
[0.883s] -- Configured cpplint exclude dirs and/or files: 
[0.884s] -- Added test 'lint_cmake' to check CMake code style
[0.884s] -- Added test 'uncrustify' to check C / C++ code style
[0.885s] -- Configured uncrustify additional arguments: 
[0.885s] -- Added test 'xmllint' to check XML markup files
[0.888s] -- Configuring done
[0.896s] -- Generating done
[0.897s] -- Build files have been written to: /home/d-lab/workspace/ros_ur_driver/build/move_arm
[0.914s] [35m[1mScanning dependencies of target move_to_point[0m
[0.981s] [ 50%] [32mBuilding CXX object CMakeFiles/move_to_point.dir/src/move_to_point.cpp.o[0m
[1.063s] In file included from [01m[K/opt/ros/foxy/include/moveit/robot_model/joint_model_group.h:40[m[K,
[1.063s]                  from [01m[K/opt/ros/foxy/include/moveit/robot_model/robot_model.h:45[m[K,
[1.063s]                  from [01m[K/opt/ros/foxy/include/moveit/robot_state/robot_state.h:40[m[K,
[1.063s]                  from [01m[K/opt/ros/foxy/include/moveit/move_group_interface/move_group_interface.h:41[m[K,
[1.063s]                  from [01m[K/home/d-lab/workspace/ros_ur_driver/src/move_arm/src/move_to_point.cpp:38[m[K:
[1.063s] [01m[K/opt/ros/foxy/include/moveit/robot_model/joint_model.h:46:10:[m[K [01;31m[Kfatal error: [m[KEigen/Geometry: No such file or directory
[1.064s]    46 | #include [01;31m[K<Eigen/Geometry>[m[K
[1.064s]       |          [01;31m[K^~~~~~~~~~~~~~~~[m[K
[1.064s] compilation terminated.
[1.065s] make[2]: *** [CMakeFiles/move_to_point.dir/build.make:63: CMakeFiles/move_to_point.dir/src/move_to_point.cpp.o] Error 1
[1.065s] make[1]: *** [CMakeFiles/Makefile2:78: CMakeFiles/move_to_point.dir/all] Error 2
[1.065s] make: *** [Makefile:141: all] Error 2
[1.067s] Invoked command in '/home/d-lab/workspace/ros_ur_driver/build/move_arm' returned '2': CMAKE_PREFIX_PATH=/opt/ros/foxy /usr/bin/cmake --build /home/d-lab/workspace/ros_ur_driver/build/move_arm -- -j16 -l16
