[0.040s] Invoking command in '/home/d-lab/workspace/ros_ur_driver/build/cartesian_compliance_controller': AMENT_PREFIX_PATH=/home/d-lab/workspace/ros_ur_driver/install/cartesian_motion_controller:${AMENT_PREFIX_PATH} CMAKE_PREFIX_PATH=/home/d-lab/workspace/ros_ur_driver/install/cartesian_motion_controller:/home/d-lab/workspace/ros_ur_driver/install/cartesian_force_controller:/home/d-lab/workspace/ros_ur_driver/install/cartesian_controller_base:/home/d-lab/workspace/ros_ur_driver/install/controller_interface:/home/d-lab/workspace/ros_ur_driver/install/hardware_interface:/home/d-lab/workspace/ros_ur_driver/install/control_msgs:/home/d-lab/workspace/ros_ur_driver/install/run_ompl_constrained_planning:/home/d-lab/workspace/ros_ur_driver/install/run_moveit_cpp:/home/d-lab/workspace/ros_ur_driver/install/run_move_group:/home/d-lab/workspace/ros_ur_driver/install/warehouse_ros_mongo:/home/d-lab/workspace/ros_ur_driver/install/ros2_controllers:/home/d-lab/workspace/ros_ur_driver/install/velocity_controllers:/home/d-lab/workspace/ros_ur_driver/install/ur_robot_driver:/home/d-lab/workspace/ros_ur_driver/install/ur_controllers:/home/d-lab/workspace/ros_ur_driver/install/ur_msgs:/home/d-lab/workspace/ros_ur_driver/install/ur_moveit_config:/home/d-lab/workspace/ros_ur_driver/install/ur_description:/home/d-lab/workspace/ros_ur_driver/install/ur_dashboard_msgs:/home/d-lab/workspace/ros_ur_driver/install/ur_client_library:/home/d-lab/workspace/ros_ur_driver/install/ur_bringup:/home/d-lab/workspace/ros_ur_driver/install/ur5_robotiq_moveit_config:/home/d-lab/workspace/ros_ur_driver/install/transmission_interface:/home/d-lab/workspace/ros_ur_driver/install/srdfdom:/home/d-lab/workspace/ros_ur_driver/install/move_arm:/home/d-lab/workspace/ros_ur_driver/install/moveit_visual_tools:/home/d-lab/workspace/ros_ur_driver/install/rviz_visual_tools:/home/d-lab/workspace/ros_ur_driver/install/ros2_control_demos:/home/d-lab/workspace/ros_ur_driver/install/ros2_control_demo_bringup:/home/d-lab/workspace/ros_ur_driver/install/rrbot_description:/home/d-lab/workspace/ros_ur_driver/install/ros2_control:/home/d-lab/workspace/ros_ur_driver/install/utils:/home/d-lab/workspace/ros_ur_driver/install/ros2controlcli:/home/d-lab/workspace/ros_ur_driver/install/ros2_control_test_nodes:/home/d-lab/workspace/ros_ur_driver/install/robotiq_control:/home/d-lab/workspace/ros_ur_driver/install/gripper_control:/opt/ros/foxy:/home/d-lab/workspace/ros_ur_driver/install/cartesian_controller_examples:/home/d-lab/workspace/ros_ur_driver/install/controller_manager:/home/d-lab/workspace/ros_ur_driver/install/ros2_control_test_assets:/home/d-lab/workspace/ros_ur_driver/install/ros2_control_demo_hardware:/home/d-lab/workspace/ros_ur_driver/install/robotiq_description:/home/d-lab/workspace/ros_ur_driver/install/position_controllers:/home/d-lab/workspace/ros_ur_driver/install/joint_trajectory_controller:/home/d-lab/workspace/ros_ur_driver/install/joint_state_controller:/home/d-lab/workspace/ros_ur_driver/install/joint_state_broadcaster:/home/d-lab/workspace/ros_ur_driver/install/imu_sensor_broadcaster:/home/d-lab/workspace/ros_ur_driver/install/gripper_controllers:/home/d-lab/workspace/ros_ur_driver/install/effort_controllers:/home/d-lab/workspace/ros_ur_driver/install/forward_command_controller:/home/d-lab/workspace/ros_ur_driver/install/force_torque_sensor_broadcaster:/home/d-lab/workspace/ros_ur_driver/install/diff_drive_controller:/home/d-lab/workspace/ros_ur_driver/install/graph_msgs:/home/d-lab/workspace/ros_ur_driver/install/filters:/home/d-lab/workspace/ros_ur_driver/install/eigen3_cmake_module:/home/d-lab/workspace/ros_ur_driver/install/diffbot_description:/home/d-lab/workspace/ros_ur_driver/install/controller_manager_msgs:/home/d-lab/workspace/ros_ur_driver/install/chomp_motion_planner LD_LIBRARY_PATH=/home/d-lab/workspace/ros_ur_driver/install/cartesian_motion_controller/lib:/home/d-lab/workspace/ros_ur_driver/install/cartesian_force_controller/lib:/home/d-lab/workspace/ros_ur_driver/install/cartesian_controller_base/lib:/home/d-lab/workspace/ros_ur_driver/install/controller_interface/lib:/home/d-lab/workspace/ros_ur_driver/install/hardware_interface/lib:/home/d-lab/workspace/ros_ur_driver/install/control_msgs/lib:/home/d-lab/workspace/ros_ur_driver/install/warehouse_ros_mongo/lib:/home/d-lab/workspace/ros_ur_driver/install/velocity_controllers/lib:/home/d-lab/workspace/ros_ur_driver/install/ur_robot_driver/lib:/home/d-lab/workspace/ros_ur_driver/install/ur_controllers/lib:/home/d-lab/workspace/ros_ur_driver/install/ur_msgs/lib:/home/d-lab/workspace/ros_ur_driver/install/ur_dashboard_msgs/lib:/home/d-lab/workspace/ros_ur_driver/install/ur_client_library/lib:/home/d-lab/workspace/ros_ur_driver/install/srdfdom/lib:/home/d-lab/workspace/ros_ur_driver/install/moveit_visual_tools/lib:/home/d-lab/workspace/ros_ur_driver/install/rviz_visual_tools/lib:/home/d-lab/workspace/ros_ur_driver/install/controller_manager/lib:/home/d-lab/workspace/ros_ur_driver/install/ros2_control_demo_hardware/lib:/home/d-lab/workspace/ros_ur_driver/install/position_controllers/lib:/home/d-lab/workspace/ros_ur_driver/install/joint_trajectory_controller/lib:/home/d-lab/workspace/ros_ur_driver/install/joint_state_controller/lib:/home/d-lab/workspace/ros_ur_driver/install/joint_state_broadcaster/lib:/home/d-lab/workspace/ros_ur_driver/install/imu_sensor_broadcaster/lib:/home/d-lab/workspace/ros_ur_driver/install/gripper_controllers/lib:/home/d-lab/workspace/ros_ur_driver/install/effort_controllers/lib:/home/d-lab/workspace/ros_ur_driver/install/forward_command_controller/lib:/home/d-lab/workspace/ros_ur_driver/install/force_torque_sensor_broadcaster/lib:/home/d-lab/workspace/ros_ur_driver/install/diff_drive_controller/lib:/home/d-lab/workspace/ros_ur_driver/install/graph_msgs/lib:/home/d-lab/workspace/ros_ur_driver/install/filters/lib:/home/d-lab/workspace/ros_ur_driver/install/controller_manager_msgs/lib:/home/d-lab/workspace/ros_ur_driver/install/chomp_motion_planner/lib:/opt/ros/foxy/opt/yaml_cpp_vendor/lib:/opt/ros/foxy/opt/rviz_ogre_vendor/lib:/opt/ros/foxy/lib/x86_64-linux-gnu:/opt/ros/foxy/lib PYTHONPATH=/home/d-lab/workspace/ros_ur_driver/install/control_msgs/lib/python3.8/site-packages:/home/d-lab/workspace/ros_ur_driver/install/warehouse_ros_mongo/lib/python3.8/site-packages:/home/d-lab/workspace/ros_ur_driver/install/utils/lib/python3.8/site-packages:/home/d-lab/workspace/ros_ur_driver/install/ur_msgs/lib/python3.8/site-packages:/home/d-lab/workspace/ros_ur_driver/install/ur_dashboard_msgs/lib/python3.8/site-packages:/home/d-lab/workspace/ros_ur_driver/install/srdfdom/lib/python3.8/site-packages:/home/d-lab/workspace/ros_ur_driver/install/ros2controlcli/lib/python3.8/site-packages:/home/d-lab/workspace/ros_ur_driver/install/ros2_control_test_nodes/lib/python3.8/site-packages:/home/d-lab/workspace/ros_ur_driver/install/controller_manager/lib/python3.8/site-packages:/home/d-lab/workspace/ros_ur_driver/install/robotiq_control/lib/python3.8/site-packages:/home/d-lab/workspace/ros_ur_driver/install/gripper_control/lib/python3.8/site-packages:/home/d-lab/workspace/ros_ur_driver/install/graph_msgs/lib/python3.8/site-packages:/home/d-lab/workspace/ros_ur_driver/install/controller_manager_msgs/lib/python3.8/site-packages:/opt/ros/foxy/lib/python3.8/site-packages /usr/bin/cmake --build /home/d-lab/workspace/ros_ur_driver/build/cartesian_compliance_controller -- -j16 -l16
[0.098s] [ 50%] [32mBuilding CXX object CMakeFiles/cartesian_compliance_controller.dir/src/cartesian_compliance_controller.cpp.o[0m
[1.700s] In file included from [01m[K/home/d-lab/workspace/ros_ur_driver/src/cartesian_controllers/cartesian_compliance_controller/src/cartesian_compliance_controller.cpp:45[m[K:
[1.700s] [01m[K/home/d-lab/workspace/ros_ur_driver/src/cartesian_controllers/cartesian_compliance_controller/include/cartesian_compliance_controller/cartesian_compliance_controller.h:102:24:[m[K [01;31m[Kerror: [m[Kâ€˜[01m[Kcartesian_motion_controller[m[Kâ€™ does not name a type; did you mean â€˜[01m[Kcartesian_compliance_controller[m[Kâ€™?
[1.700s]   102 |     using MotionBase = [01;31m[Kcartesian_motion_controller[m[K::CartesianMotionController;
[1.700s]       |                        [01;31m[K^~~~~~~~~~~~~~~~~~~~~~~~~~~[m[K
[1.700s]       |                        [32m[Kcartesian_compliance_controller[m[K
[1.703s] [01m[K/home/d-lab/workspace/ros_ur_driver/src/cartesian_controllers/cartesian_compliance_controller/include/cartesian_compliance_controller/cartesian_compliance_controller.h:103:23:[m[K [01;31m[Kerror: [m[Kâ€˜[01m[Kcartesian_force_controller[m[Kâ€™ does not name a type; did you mean â€˜[01m[Kcartesian_compliance_controller[m[Kâ€™?
[1.703s]   103 |     using ForceBase = [01;31m[Kcartesian_force_controller[m[K::CartesianForceController;
[1.703s]       |                       [01;31m[K^~~~~~~~~~~~~~~~~~~~~~~~~~[m[K
[1.703s]       |                       [32m[Kcartesian_compliance_controller[m[K
[1.710s] In file included from [01m[K/home/d-lab/workspace/ros_ur_driver/src/cartesian_controllers/cartesian_compliance_controller/include/cartesian_compliance_controller/cartesian_compliance_controller.h:120[m[K,
[1.710s]                  from [01m[K/home/d-lab/workspace/ros_ur_driver/src/cartesian_controllers/cartesian_compliance_controller/src/cartesian_compliance_controller.cpp:45[m[K:
[1.710s] [01m[K/home/d-lab/workspace/ros_ur_driver/src/cartesian_controllers/cartesian_compliance_controller/include/cartesian_compliance_controller/cartesian_compliance_controller.hpp:54:1:[m[K [01;31m[Kerror: [m[Kâ€˜[01m[Kcartesian_compliance_controller::CartesianComplianceController[m[Kâ€™ is not a template
[1.710s]    54 | [01;31m[KCartesianComplianceController[m[K<HardwareInterface>::
[1.710s]       | [01;31m[K^~~~~~~~~~~~~~~~~~~~~~~~~~~~~[m[K
[1.710s] [01m[K/home/d-lab/workspace/ros_ur_driver/src/cartesian_controllers/cartesian_compliance_controller/include/cartesian_compliance_controller/cartesian_compliance_controller.hpp:55:31:[m[K [01;31m[Kerror: [m[Kdeclaration of â€˜[01m[Kcartesian_compliance_controller::CartesianComplianceController CartesianComplianceController()[m[Kâ€™ not in a namespace surrounding â€˜[01m[K::[m[Kâ€™
[1.710s]    55 | CartesianComplianceController([01;31m[K)[m[K
[1.710s]       |                               [01;31m[K^[m[K
[1.710s] [01m[K/home/d-lab/workspace/ros_ur_driver/src/cartesian_controllers/cartesian_compliance_controller/include/cartesian_compliance_controller/cartesian_compliance_controller.hpp:55:31:[m[K [01;31m[Kerror: [m[Kâ€˜[01m[Kcartesian_compliance_controller::CartesianComplianceController CartesianComplianceController()[m[Kâ€™ should have been declared inside â€˜[01m[K::[m[Kâ€™
[1.710s] [01m[K/home/d-lab/workspace/ros_ur_driver/src/cartesian_controllers/cartesian_compliance_controller/include/cartesian_compliance_controller/cartesian_compliance_controller.hpp:[m[K In function â€˜[01m[Kcartesian_compliance_controller::CartesianComplianceController CartesianComplianceController()[m[Kâ€™:
[1.710s] [01m[K/home/d-lab/workspace/ros_ur_driver/src/cartesian_controllers/cartesian_compliance_controller/include/cartesian_compliance_controller/cartesian_compliance_controller.hpp:58:3:[m[K [01;31m[Kerror: [m[Konly constructors take member initializers
[1.710s]    58 | : [01;31m[KBase[m[K::CartesianControllerBase(),
[1.710s]       |   [01;31m[K^~~~[m[K
[1.710s] [01m[K/home/d-lab/workspace/ros_ur_driver/src/cartesian_controllers/cartesian_compliance_controller/include/cartesian_compliance_controller/cartesian_compliance_controller.hpp:58:3:[m[K [01;31m[Kerror: [m[Kâ€˜[01m[KBase[m[Kâ€™ has not been declared
[1.710s] [01m[K/home/d-lab/workspace/ros_ur_driver/src/cartesian_controllers/cartesian_compliance_controller/include/cartesian_compliance_controller/cartesian_compliance_controller.hpp:58:9:[m[K [01;31m[Kerror: [m[Kexpected â€˜[01m[K{[m[Kâ€™ before â€˜[01m[KCartesianControllerBase[m[Kâ€™
[1.710s]    58 | : Base::[01;31m[KCartesianControllerBase[m[K(),
[1.710s]       |         [01;31m[K^~~~~~~~~~~~~~~~~~~~~~~[m[K
[1.710s] [01m[K/home/d-lab/workspace/ros_ur_driver/src/cartesian_controllers/cartesian_compliance_controller/include/cartesian_compliance_controller/cartesian_compliance_controller.hpp:58:9:[m[K [01;35m[Kwarning: [m[Kno return statement in function returning non-void [[01;35m[K-Wreturn-type[m[K]
[1.710s] [01m[K/home/d-lab/workspace/ros_ur_driver/src/cartesian_controllers/cartesian_compliance_controller/include/cartesian_compliance_controller/cartesian_compliance_controller.hpp:[m[K At global scope:
[1.710s] [01m[K/home/d-lab/workspace/ros_ur_driver/src/cartesian_controllers/cartesian_compliance_controller/include/cartesian_compliance_controller/cartesian_compliance_controller.hpp:58:34:[m[K [01;31m[Kerror: [m[Kexpected constructor, destructor, or type conversion before â€˜[01m[K,[m[Kâ€™ token
[1.710s]    58 | : Base::CartesianControllerBase()[01;31m[K,[m[K
[1.710s]       |                                  [01;31m[K^[m[K
[1.710s] [01m[K/home/d-lab/workspace/ros_ur_driver/src/cartesian_controllers/cartesian_compliance_controller/include/cartesian_compliance_controller/cartesian_compliance_controller.hpp:59:3:[m[K [01;31m[Kerror: [m[Kâ€˜[01m[KMotionBase[m[Kâ€™ has not been declared
[1.711s]    59 |   [01;31m[KMotionBase[m[K::CartesianMotionController(),
[1.711s]       |   [01;31m[K^~~~~~~~~~[m[K
[1.711s] [01m[K/home/d-lab/workspace/ros_ur_driver/src/cartesian_controllers/cartesian_compliance_controller/include/cartesian_compliance_controller/cartesian_compliance_controller.hpp:59:42:[m[K [01;31m[Kerror: [m[Kexpected constructor, destructor, or type conversion before â€˜[01m[K,[m[Kâ€™ token
[1.711s]    59 |   MotionBase::CartesianMotionController()[01;31m[K,[m[K
[1.711s]       |                                          [01;31m[K^[m[K
[1.711s] [01m[K/home/d-lab/workspace/ros_ur_driver/src/cartesian_controllers/cartesian_compliance_controller/include/cartesian_compliance_controller/cartesian_compliance_controller.hpp:60:3:[m[K [01;31m[Kerror: [m[Kâ€˜[01m[KForceBase[m[Kâ€™ has not been declared
[1.711s]    60 |   [01;31m[KForceBase[m[K::CartesianForceController()
[1.711s]       |   [01;31m[K^~~~~~~~~[m[K
[1.711s] [01m[K/home/d-lab/workspace/ros_ur_driver/src/cartesian_controllers/cartesian_compliance_controller/include/cartesian_compliance_controller/cartesian_compliance_controller.hpp:61:1:[m[K [01;31m[Kerror: [m[Ka function-definition is not allowed here before â€˜[01m[K{[m[Kâ€™ token
[1.711s]    61 | [01;31m[K{[m[K
[1.711s]       | [01;31m[K^[m[K
[1.711s] [01m[K/home/d-lab/workspace/ros_ur_driver/src/cartesian_controllers/cartesian_compliance_controller/include/cartesian_compliance_controller/cartesian_compliance_controller.hpp:65:6:[m[K [01;31m[Kerror: [m[Kfunction template-id â€˜[01m[KCartesianComplianceController<HardwareInterface>[m[Kâ€™ in nested-name-specifier
[1.711s]    65 | bool [01;31m[KCartesianComplianceController<HardwareInterface>[m[K::
[1.711s]       |      [01;31m[K^~~~~~~~~~~~~~~~~~~~~~~~~~~~~~~~~~~~~~~~~~~~~~~~[m[K
[1.711s] [01m[K/home/d-lab/workspace/ros_ur_driver/src/cartesian_controllers/cartesian_compliance_controller/include/cartesian_compliance_controller/cartesian_compliance_controller.hpp:54:49:[m[K [01;36m[Knote: [m[Kâ€˜[01m[Ktemplate<class HardwareInterface> cartesian_compliance_controller::CartesianComplianceController CartesianComplianceController()[m[Kâ€™ declared here
[1.711s]    54 | CartesianComplianceController<HardwareInterface>[01;36m[K::[m[K
[1.711s]       |                                                 [01;36m[K^~[m[K
[1.711s] [01m[K/home/d-lab/workspace/ros_ur_driver/src/cartesian_controllers/cartesian_compliance_controller/include/cartesian_compliance_controller/cartesian_compliance_controller.hpp:66:29:[m[K [01;31m[Kerror: [m[Kâ€˜[01m[Kros[m[Kâ€™ has not been declared
[1.711s]    66 | init(HardwareInterface* hw, [01;31m[Kros[m[K::NodeHandle& nh)
[1.711s]       |                             [01;31m[K^~~[m[K
[1.711s] [01m[K/home/d-lab/workspace/ros_ur_driver/src/cartesian_controllers/cartesian_compliance_controller/include/cartesian_compliance_controller/cartesian_compliance_controller.hpp:[m[K In function â€˜[01m[Kbool cartesian_compliance_controller::init(HardwareInterface*, int&)[m[Kâ€™:
[1.711s] [01m[K/home/d-lab/workspace/ros_ur_driver/src/cartesian_controllers/cartesian_compliance_controller/include/cartesian_compliance_controller/cartesian_compliance_controller.hpp:69:3:[m[K [01;31m[Kerror: [m[Kâ€˜[01m[KMotionBase[m[Kâ€™ has not been declared
[1.711s]    69 |   [01;31m[KMotionBase[m[K::init(hw,nh);
[1.711s]       |   [01;31m[K^~~~~~~~~~[m[K
[1.711s] [01m[K/home/d-lab/workspace/ros_ur_driver/src/cartesian_controllers/cartesian_compliance_controller/include/cartesian_compliance_controller/cartesian_compliance_controller.hpp:70:3:[m[K [01;31m[Kerror: [m[Kâ€˜[01m[KForceBase[m[Kâ€™ has not been declared
[1.711s]    70 |   [01;31m[KForceBase[m[K::init(hw,nh);
[1.711s]       |   [01;31m[K^~~~~~~~~[m[K
[1.711s] [01m[K/home/d-lab/workspace/ros_ur_driver/src/cartesian_controllers/cartesian_compliance_controller/include/cartesian_compliance_controller/cartesian_compliance_controller.hpp:72:11:[m[K [01;31m[Kerror: [m[Krequest for member â€˜[01m[KgetParam[m[Kâ€™ in â€˜[01m[Knh[m[Kâ€™, which is of non-class type â€˜[01m[Kint[m[Kâ€™
[1.711s]    72 |   if (!nh.[01;31m[KgetParam[m[K("compliance_ref_link",m_compliance_ref_link))
[1.711s]       |           [01;31m[K^~~~~~~~[m[K
[1.713s] [01m[K/home/d-lab/workspace/ros_ur_driver/src/cartesian_controllers/cartesian_compliance_controller/include/cartesian_compliance_controller/cartesian_compliance_controller.hpp:72:42:[m[K [01;31m[Kerror: [m[Kâ€˜[01m[Km_compliance_ref_link[m[Kâ€™ was not declared in this scope
[1.713s]    72 |   if (!nh.getParam("compliance_ref_link",[01;31m[Km_compliance_ref_link[m[K))
[1.713s]       |                                          [01;31m[K^~~~~~~~~~~~~~~~~~~~~[m[K
[1.713s] [01m[K/home/d-lab/workspace/ros_ur_driver/src/cartesian_controllers/cartesian_compliance_controller/include/cartesian_compliance_controller/cartesian_compliance_controller.hpp:74:46:[m[K [01;31m[Kerror: [m[Krequest for member â€˜[01m[KgetNamespace[m[Kâ€™ in â€˜[01m[Knh[m[Kâ€™, which is of non-class type â€˜[01m[Kint[m[Kâ€™
[1.713s]    74 |     ROS_ERROR_STREAM("Failed to load " << nh.[01;31m[KgetNamespace[m[K() + "/compliance_ref_link" << " from parameter server");
[1.713s]       |                                              [01;31m[K^~~~~~~~~~~~[m[K
[1.713s] [01m[K/home/d-lab/workspace/ros_ur_driver/src/cartesian_controllers/cartesian_compliance_controller/include/cartesian_compliance_controller/cartesian_compliance_controller.hpp:74:5:[m[K [01;31m[Kerror: [m[Kthere are no arguments to â€˜[01m[KROS_ERROR_STREAM[m[Kâ€™ that depend on a template parameter, so a declaration of â€˜[01m[KROS_ERROR_STREAM[m[Kâ€™ must be available [[01;31m[K-fpermissive[m[K]
[1.713s]    74 |     [01;31m[KROS_ERROR_STREAM[m[K("Failed to load " << nh.getNamespace() + "/compliance_ref_link" << " from parameter server");
[1.713s]       |     [01;31m[K^~~~~~~~~~~~~~~~[m[K
[1.713s] [01m[K/home/d-lab/workspace/ros_ur_driver/src/cartesian_controllers/cartesian_compliance_controller/include/cartesian_compliance_controller/cartesian_compliance_controller.hpp:74:5:[m[K [01;36m[Knote: [m[K(if you use â€˜[01m[K-fpermissive[m[Kâ€™, G++ will accept your code, but allowing the use of an undeclared name is deprecated)
[1.713s] [01m[K/home/d-lab/workspace/ros_ur_driver/src/cartesian_controllers/cartesian_compliance_controller/include/cartesian_compliance_controller/cartesian_compliance_controller.hpp:79:3:[m[K [01;31m[Kerror: [m[Kâ€˜[01m[KForceBase[m[Kâ€™ has not been declared
[1.713s]    79 |   [01;31m[KForceBase[m[K::setFtSensorReferenceFrame(m_compliance_ref_link);
[1.713s]       |   [01;31m[K^~~~~~~~~[m[K
[1.716s] [01m[K/home/d-lab/workspace/ros_ur_driver/src/cartesian_controllers/cartesian_compliance_controller/include/cartesian_compliance_controller/cartesian_compliance_controller.hpp:79:40:[m[K [01;31m[Kerror: [m[Kâ€˜[01m[Km_compliance_ref_link[m[Kâ€™ was not declared in this scope
[1.716s]    79 |   ForceBase::setFtSensorReferenceFrame([01;31m[Km_compliance_ref_link[m[K);
[1.716s]       |                                        [01;31m[K^~~~~~~~~~~~~~~~~~~~~[m[K
[1.718s] [01m[K/home/d-lab/workspace/ros_ur_driver/src/cartesian_controllers/cartesian_compliance_controller/include/cartesian_compliance_controller/cartesian_compliance_controller.hpp:84:3:[m[K [01;31m[Kerror: [m[Kâ€˜[01m[Km_callback_type[m[Kâ€™ was not declared in this scope
[1.718s]    84 |   [01;31m[Km_callback_type[m[K = std::bind(
[1.718s]       |   [01;31m[K^~~~~~~~~~~~~~~[m[K
[1.718s] [01m[K/home/d-lab/workspace/ros_ur_driver/src/cartesian_controllers/cartesian_compliance_controller/include/cartesian_compliance_controller/cartesian_compliance_controller.hpp:85:8:[m[K [01;31m[Kerror: [m[Kfunction template-id â€˜[01m[KCartesianComplianceController<HardwareInterface>[m[Kâ€™ in nested-name-specifier
[1.718s]    85 |       &[01;31m[KCartesianComplianceController<HardwareInterface>[m[K::dynamicReconfigureCallback, this, std::placeholders::_1, std::placeholders::_2);
[1.718s]       |        [01;31m[K^~~~~~~~~~~~~~~~~~~~~~~~~~~~~~~~~~~~~~~~~~~~~~~~[m[K
[1.718s] [01m[K/home/d-lab/workspace/ros_ur_driver/src/cartesian_controllers/cartesian_compliance_controller/include/cartesian_compliance_controller/cartesian_compliance_controller.hpp:54:49:[m[K [01;36m[Knote: [m[Kâ€˜[01m[Ktemplate<class HardwareInterface> cartesian_compliance_controller::CartesianComplianceController CartesianComplianceController()[m[Kâ€™ declared here
[1.718s]    54 | CartesianComplianceController<HardwareInterface>[01;36m[K::[m[K
[1.718s]       |                                                 [01;36m[K^~[m[K
[1.718s] [01m[K/home/d-lab/workspace/ros_ur_driver/src/cartesian_controllers/cartesian_compliance_controller/include/cartesian_compliance_controller/cartesian_compliance_controller.hpp:85:86:[m[K [01;31m[Kerror: [m[Kinvalid use of â€˜[01m[Kthis[m[Kâ€™ in non-member function
[1.718s]    85 |       &CartesianComplianceController<HardwareInterface>::dynamicReconfigureCallback, [01;31m[Kthis[m[K, std::placeholders::_1, std::placeholders::_2);
[1.718s]       |                                                                                      [01;31m[K^~~~[m[K
[1.720s] In file included from [01m[K/home/d-lab/workspace/ros_ur_driver/src/cartesian_controllers/cartesian_compliance_controller/include/cartesian_compliance_controller/cartesian_compliance_controller.h:120[m[K,
[1.720s]                  from [01m[K/home/d-lab/workspace/ros_ur_driver/src/cartesian_controllers/cartesian_compliance_controller/src/cartesian_compliance_controller.cpp:45[m[K:
[1.720s] [01m[K/home/d-lab/workspace/ros_ur_driver/src/cartesian_controllers/cartesian_compliance_controller/include/cartesian_compliance_controller/cartesian_compliance_controller.hpp:87:3:[m[K [01;31m[Kerror: [m[Kâ€˜[01m[Km_dyn_conf_server[m[Kâ€™ was not declared in this scope
[1.720s]    87 |   [01;31m[Km_dyn_conf_server[m[K.reset(
[1.720s]       |   [01;31m[K^~~~~~~~~~~~~~~~~[m[K
[1.722s] [01m[K/home/d-lab/workspace/ros_ur_driver/src/cartesian_controllers/cartesian_compliance_controller/include/cartesian_compliance_controller/cartesian_compliance_controller.hpp:88:11:[m[K [01;31m[Kerror: [m[Kâ€˜[01m[Kdynamic_reconfigure[m[Kâ€™ does not name a type
[1.722s]    88 |       new [01;31m[Kdynamic_reconfigure[m[K::Server<ComplianceConfig>(
[1.722s]       |           [01;31m[K^~~~~~~~~~~~~~~~~~~[m[K
[1.722s] [01m[K/home/d-lab/workspace/ros_ur_driver/src/cartesian_controllers/cartesian_compliance_controller/include/cartesian_compliance_controller/cartesian_compliance_controller.hpp:[m[K At global scope:
[1.722s] [01m[K/home/d-lab/workspace/ros_ur_driver/src/cartesian_controllers/cartesian_compliance_controller/include/cartesian_compliance_controller/cartesian_compliance_controller.hpp:96:6:[m[K [01;31m[Kerror: [m[Kfunction template-id â€˜[01m[KCartesianComplianceController<HardwareInterface>[m[Kâ€™ in nested-name-specifier
[1.723s]    96 | void [01;31m[KCartesianComplianceController<HardwareInterface>[m[K::
[1.723s]       |      [01;31m[K^~~~~~~~~~~~~~~~~~~~~~~~~~~~~~~~~~~~~~~~~~~~~~~~[m[K
[1.723s] In file included from [01m[K/home/d-lab/workspace/ros_ur_driver/src/cartesian_controllers/cartesian_compliance_controller/include/cartesian_compliance_controller/cartesian_compliance_controller.h:120[m[K,
[1.723s]                  from [01m[K/home/d-lab/workspace/ros_ur_driver/src/cartesian_controllers/cartesian_compliance_controller/src/cartesian_compliance_controller.cpp:45[m[K:
[1.723s] [01m[K/home/d-lab/workspace/ros_ur_driver/src/cartesian_controllers/cartesian_compliance_controller/include/cartesian_compliance_controller/cartesian_compliance_controller.hpp:54:49:[m[K [01;36m[Knote: [m[Kâ€˜[01m[Ktemplate<class HardwareInterface> cartesian_compliance_controller::CartesianComplianceController CartesianComplianceController()[m[Kâ€™ declared here
[1.723s]    54 | CartesianComplianceController<HardwareInterface>[01;36m[K::[m[K
[1.723s]       |                                                 [01;36m[K^~[m[K
[1.723s] In file included from [01m[K/home/d-lab/workspace/ros_ur_driver/src/cartesian_controllers/cartesian_compliance_controller/include/cartesian_compliance_controller/cartesian_compliance_controller.h:120[m[K,
[1.723s]                  from [01m[K/home/d-lab/workspace/ros_ur_driver/src/cartesian_controllers/cartesian_compliance_controller/src/cartesian_compliance_controller.cpp:45[m[K:
[1.723s] [01m[K/home/d-lab/workspace/ros_ur_driver/src/cartesian_controllers/cartesian_compliance_controller/include/cartesian_compliance_controller/cartesian_compliance_controller.hpp:97:16:[m[K [01;31m[Kerror: [m[Kâ€˜[01m[Kros[m[Kâ€™ does not name a type; did you mean â€˜[01m[Kcos[m[Kâ€™?
[1.723s]    97 | starting(const [01;31m[Kros[m[K::Time& time)
[1.723s]       |                [01;31m[K^~~[m[K
[1.723s]       |                [32m[Kcos[m[K
[1.723s] [01m[K/home/d-lab/workspace/ros_ur_driver/src/cartesian_controllers/cartesian_compliance_controller/include/cartesian_compliance_controller/cartesian_compliance_controller.hpp:97:25:[m[K [01;31m[Kerror: [m[Kexpected unqualified-id before â€˜[01m[K&[m[Kâ€™ token
[1.723s]    97 | starting(const ros::Time[01;31m[K&[m[K time)
[1.723s]       |                         [01;31m[K^[m[K
[1.723s] [01m[K/home/d-lab/workspace/ros_ur_driver/src/cartesian_controllers/cartesian_compliance_controller/include/cartesian_compliance_controller/cartesian_compliance_controller.hpp:97:25:[m[K [01;31m[Kerror: [m[Kexpected â€˜[01m[K)[m[Kâ€™ before â€˜[01m[K&[m[Kâ€™ token
[1.723s]    97 | starting[34m[K([m[Kconst ros::Time[01;31m[K&[m[K time)
[1.723s]       |         [34m[K~[m[K               [01;31m[K^[m[K
[1.723s]       |                         [32m[K)[m[K
[1.723s] [01m[K/home/d-lab/workspace/ros_ur_driver/src/cartesian_controllers/cartesian_compliance_controller/include/cartesian_compliance_controller/cartesian_compliance_controller.hpp:97:27:[m[K [01;31m[Kerror: [m[Kexpected initializer before â€˜[01m[Ktime[m[Kâ€™
[1.723s]    97 | starting(const ros::Time& [01;31m[Ktime[m[K)
[1.723s]       |                           [01;31m[K^~~~[m[K
[1.723s] [01m[K/home/d-lab/workspace/ros_ur_driver/src/cartesian_controllers/cartesian_compliance_controller/include/cartesian_compliance_controller/cartesian_compliance_controller.hpp:106:6:[m[K [01;31m[Kerror: [m[Kfunction template-id â€˜[01m[KCartesianComplianceController<HardwareInterface>[m[Kâ€™ in nested-name-specifier
[1.723s]   106 | void [01;31m[KCartesianComplianceController<HardwareInterface>[m[K::
[1.723s]       |      [01;31m[K^~~~~~~~~~~~~~~~~~~~~~~~~~~~~~~~~~~~~~~~~~~~~~~~[m[K
[1.724s] In file included from [01m[K/home/d-lab/workspace/ros_ur_driver/src/cartesian_controllers/cartesian_compliance_controller/include/cartesian_compliance_controller/cartesian_compliance_controller.h:120[m[K,
[1.724s]                  from [01m[K/home/d-lab/workspace/ros_ur_driver/src/cartesian_controllers/cartesian_compliance_controller/src/cartesian_compliance_controller.cpp:45[m[K:
[1.724s] [01m[K/home/d-lab/workspace/ros_ur_driver/src/cartesian_controllers/cartesian_compliance_controller/include/cartesian_compliance_controller/cartesian_compliance_controller.hpp:54:49:[m[K [01;36m[Knote: [m[Kâ€˜[01m[Ktemplate<class HardwareInterface> cartesian_compliance_controller::CartesianComplianceController CartesianComplianceController()[m[Kâ€™ declared here
[1.724s]    54 | CartesianComplianceController<HardwareInterface>[01;36m[K::[m[K
[1.724s]       |                                                 [01;36m[K^~[m[K
[1.724s] In file included from [01m[K/home/d-lab/workspace/ros_ur_driver/src/cartesian_controllers/cartesian_compliance_controller/include/cartesian_compliance_controller/cartesian_compliance_controller.h:120[m[K,
[1.724s]                  from [01m[K/home/d-lab/workspace/ros_ur_driver/src/cartesian_controllers/cartesian_compliance_controller/src/cartesian_compliance_controller.cpp:45[m[K:
[1.724s] [01m[K/home/d-lab/workspace/ros_ur_driver/src/cartesian_controllers/cartesian_compliance_controller/include/cartesian_compliance_controller/cartesian_compliance_controller.hpp:107:16:[m[K [01;31m[Kerror: [m[Kâ€˜[01m[Kros[m[Kâ€™ does not name a type; did you mean â€˜[01m[Kcos[m[Kâ€™?
[1.724s]   107 | stopping(const [01;31m[Kros[m[K::Time& time)
[1.724s]       |                [01;31m[K^~~[m[K
[1.724s]       |                [32m[Kcos[m[K
[1.724s] [01m[K/home/d-lab/workspace/ros_ur_driver/src/cartesian_controllers/cartesian_compliance_controller/include/cartesian_compliance_controller/cartesian_compliance_controller.hpp:107:25:[m[K [01;31m[Kerror: [m[Kexpected unqualified-id before â€˜[01m[K&[m[Kâ€™ token
[1.724s]   107 | stopping(const ros::Time[01;31m[K&[m[K time)
[1.724s]       |                         [01;31m[K^[m[K
[1.724s] [01m[K/home/d-lab/workspace/ros_ur_driver/src/cartesian_controllers/cartesian_compliance_controller/include/cartesian_compliance_controller/cartesian_compliance_controller.hpp:107:25:[m[K [01;31m[Kerror: [m[Kexpected â€˜[01m[K)[m[Kâ€™ before â€˜[01m[K&[m[Kâ€™ token
[1.724s]   107 | stopping[34m[K([m[Kconst ros::Time[01;31m[K&[m[K time)
[1.724s]       |         [34m[K~[m[K               [01;31m[K^[m[K
[1.724s]       |                         [32m[K)[m[K
[1.724s] [01m[K/home/d-lab/workspace/ros_ur_driver/src/cartesian_controllers/cartesian_compliance_controller/include/cartesian_compliance_controller/cartesian_compliance_controller.hpp:107:27:[m[K [01;31m[Kerror: [m[Kexpected initializer before â€˜[01m[Ktime[m[Kâ€™
[1.724s]   107 | stopping(const ros::Time& [01;31m[Ktime[m[K)
[1.724s]       |                           [01;31m[K^~~~[m[K
[1.724s] [01m[K/home/d-lab/workspace/ros_ur_driver/src/cartesian_controllers/cartesian_compliance_controller/include/cartesian_compliance_controller/cartesian_compliance_controller.hpp:114:6:[m[K [01;31m[Kerror: [m[Kfunction template-id â€˜[01m[KCartesianComplianceController<HardwareInterface>[m[Kâ€™ in nested-name-specifier
[1.725s]   114 | void [01;31m[KCartesianComplianceController<HardwareInterface>[m[K::
[1.725s]       |      [01;31m[K^~~~~~~~~~~~~~~~~~~~~~~~~~~~~~~~~~~~~~~~~~~~~~~~[m[K
[1.725s] In file included from [01m[K/home/d-lab/workspace/ros_ur_driver/src/cartesian_controllers/cartesian_compliance_controller/include/cartesian_compliance_controller/cartesian_compliance_controller.h:120[m[K,
[1.725s]                  from [01m[K/home/d-lab/workspace/ros_ur_driver/src/cartesian_controllers/cartesian_compliance_controller/src/cartesian_compliance_controller.cpp:45[m[K:
[1.725s] [01m[K/home/d-lab/workspace/ros_ur_driver/src/cartesian_controllers/cartesian_compliance_controller/include/cartesian_compliance_controller/cartesian_compliance_controller.hpp:54:49:[m[K [01;36m[Knote: [m[Kâ€˜[01m[Ktemplate<class HardwareInterface> cartesian_compliance_controller::CartesianComplianceController CartesianComplianceController()[m[Kâ€™ declared here
[1.725s]    54 | CartesianComplianceController<HardwareInterface>[01;36m[K::[m[K
[1.725s]       |                                                 [01;36m[K^~[m[K
[1.725s] In file included from [01m[K/home/d-lab/workspace/ros_ur_driver/src/cartesian_controllers/cartesian_compliance_controller/include/cartesian_compliance_controller/cartesian_compliance_controller.h:120[m[K,
[1.725s]                  from [01m[K/home/d-lab/workspace/ros_ur_driver/src/cartesian_controllers/cartesian_compliance_controller/src/cartesian_compliance_controller.cpp:45[m[K:
[1.725s] [01m[K/home/d-lab/workspace/ros_ur_driver/src/cartesian_controllers/cartesian_compliance_controller/include/cartesian_compliance_controller/cartesian_compliance_controller.hpp:115:14:[m[K [01;31m[Kerror: [m[Kâ€˜[01m[Kros[m[Kâ€™ does not name a type; did you mean â€˜[01m[Kcos[m[Kâ€™?
[1.725s]   115 | update(const [01;31m[Kros[m[K::Time& time, const ros::Duration& period)
[1.725s]       |              [01;31m[K^~~[m[K
[1.725s]       |              [32m[Kcos[m[K
[1.725s] [01m[K/home/d-lab/workspace/ros_ur_driver/src/cartesian_controllers/cartesian_compliance_controller/include/cartesian_compliance_controller/cartesian_compliance_controller.hpp:115:23:[m[K [01;31m[Kerror: [m[Kexpected unqualified-id before â€˜[01m[K&[m[Kâ€™ token
[1.725s]   115 | update(const ros::Time[01;31m[K&[m[K time, const ros::Duration& period)
[1.725s]       |                       [01;31m[K^[m[K
[1.725s] [01m[K/home/d-lab/workspace/ros_ur_driver/src/cartesian_controllers/cartesian_compliance_controller/include/cartesian_compliance_controller/cartesian_compliance_controller.hpp:115:23:[m[K [01;31m[Kerror: [m[Kexpected â€˜[01m[K)[m[Kâ€™ before â€˜[01m[K&[m[Kâ€™ token
[1.725s]   115 | update[34m[K([m[Kconst ros::Time[01;31m[K&[m[K time, const ros::Duration& period)
[1.725s]       |       [34m[K~[m[K               [01;31m[K^[m[K
[1.725s]       |                       [32m[K)[m[K
[1.725s] [01m[K/home/d-lab/workspace/ros_ur_driver/src/cartesian_controllers/cartesian_compliance_controller/include/cartesian_compliance_controller/cartesian_compliance_controller.hpp:115:25:[m[K [01;31m[Kerror: [m[Kexpected initializer before â€˜[01m[Ktime[m[Kâ€™
[1.725s]   115 | update(const ros::Time& [01;31m[Ktime[m[K, const ros::Duration& period)
[1.725s]       |                         [01;31m[K^~~~[m[K
[1.725s] [01m[K/home/d-lab/workspace/ros_ur_driver/src/cartesian_controllers/cartesian_compliance_controller/include/cartesian_compliance_controller/cartesian_compliance_controller.hpp:140:16:[m[K [01;31m[Kerror: [m[Kfunction template-id â€˜[01m[KCartesianComplianceController<HardwareInterface>[m[Kâ€™ in nested-name-specifier
[1.725s]   140 | ctrl::Vector6D [01;31m[KCartesianComplianceController<HardwareInterface>[m[K::
[1.725s]       |                [01;31m[K^~~~~~~~~~~~~~~~~~~~~~~~~~~~~~~~~~~~~~~~~~~~~~~~[m[K
[1.725s] In file included from [01m[K/home/d-lab/workspace/ros_ur_driver/src/cartesian_controllers/cartesian_compliance_controller/include/cartesian_compliance_controller/cartesian_compliance_controller.h:120[m[K,
[1.725s]                  from [01m[K/home/d-lab/workspace/ros_ur_driver/src/cartesian_controllers/cartesian_compliance_controller/src/cartesian_compliance_controller.cpp:45[m[K:
[1.725s] [01m[K/home/d-lab/workspace/ros_ur_driver/src/cartesian_controllers/cartesian_compliance_controller/include/cartesian_compliance_controller/cartesian_compliance_controller.hpp:54:49:[m[K [01;36m[Knote: [m[Kâ€˜[01m[Ktemplate<class HardwareInterface> cartesian_compliance_controller::CartesianComplianceController CartesianComplianceController()[m[Kâ€™ declared here
[1.725s]    54 | CartesianComplianceController<HardwareInterface>[01;36m[K::[m[K
[1.726s]       |                                                 [01;36m[K^~[m[K
[1.726s] In file included from [01m[K/home/d-lab/workspace/ros_ur_driver/src/cartesian_controllers/cartesian_compliance_controller/include/cartesian_compliance_controller/cartesian_compliance_controller.h:120[m[K,
[1.726s]                  from [01m[K/home/d-lab/workspace/ros_ur_driver/src/cartesian_controllers/cartesian_compliance_controller/src/cartesian_compliance_controller.cpp:45[m[K:
[1.726s] [01m[K/home/d-lab/workspace/ros_ur_driver/src/cartesian_controllers/cartesian_compliance_controller/include/cartesian_compliance_controller/cartesian_compliance_controller.hpp:[m[K In function â€˜[01m[Kctrl::Vector6D cartesian_compliance_controller::computeComplianceError()[m[Kâ€™:
[1.726s] [01m[K/home/d-lab/workspace/ros_ur_driver/src/cartesian_controllers/cartesian_compliance_controller/include/cartesian_compliance_controller/cartesian_compliance_controller.hpp:146:5:[m[K [01;31m[Kerror: [m[Kâ€˜[01m[KBase[m[Kâ€™ has not been declared
[1.726s]   146 |     [01;31m[KBase[m[K::displayInBaseLink(m_stiffness,m_compliance_ref_link) * MotionBase::computeMotionError()
[1.726s]       |     [01;31m[K^~~~[m[K
[1.726s] [01m[K/home/d-lab/workspace/ros_ur_driver/src/cartesian_controllers/cartesian_compliance_controller/include/cartesian_compliance_controller/cartesian_compliance_controller.hpp:146:29:[m[K [01;31m[Kerror: [m[Kâ€˜[01m[Km_stiffness[m[Kâ€™ was not declared in this scope
[1.726s]   146 |     Base::displayInBaseLink([01;31m[Km_stiffness[m[K,m_compliance_ref_link) * MotionBase::computeMotionError()
[1.726s]       |                             [01;31m[K^~~~~~~~~~~[m[K
[1.728s] [01m[K/home/d-lab/workspace/ros_ur_driver/src/cartesian_controllers/cartesian_compliance_controller/include/cartesian_compliance_controller/cartesian_compliance_controller.hpp:146:41:[m[K [01;31m[Kerror: [m[Kâ€˜[01m[Km_compliance_ref_link[m[Kâ€™ was not declared in this scope
[1.728s]   146 |     Base::displayInBaseLink(m_stiffness,[01;31m[Km_compliance_ref_link[m[K) * MotionBase::computeMotionError()
[1.728s]       |                                         [01;31m[K^~~~~~~~~~~~~~~~~~~~~[m[K
[1.728s] [01m[K/home/d-lab/workspace/ros_ur_driver/src/cartesian_controllers/cartesian_compliance_controller/include/cartesian_compliance_controller/cartesian_compliance_controller.hpp:146:66:[m[K [01;31m[Kerror: [m[Kâ€˜[01m[KMotionBase[m[Kâ€™ has not been declared
[1.728s]   146 |     Base::displayInBaseLink(m_stiffness,m_compliance_ref_link) * [01;31m[KMotionBase[m[K::computeMotionError()
[1.728s]       |                                                                  [01;31m[K^~~~~~~~~~[m[K
[1.728s] [01m[K/home/d-lab/workspace/ros_ur_driver/src/cartesian_controllers/cartesian_compliance_controller/include/cartesian_compliance_controller/cartesian_compliance_controller.hpp:149:7:[m[K [01;31m[Kerror: [m[Kâ€˜[01m[KForceBase[m[Kâ€™ has not been declared
[1.728s]   149 |     + [01;31m[KForceBase[m[K::computeForceError();
[1.728s]       |       [01;31m[K^~~~~~~~~[m[K
[1.728s] [01m[K/home/d-lab/workspace/ros_ur_driver/src/cartesian_controllers/cartesian_compliance_controller/include/cartesian_compliance_controller/cartesian_compliance_controller.hpp:[m[K At global scope:
[1.728s] [01m[K/home/d-lab/workspace/ros_ur_driver/src/cartesian_controllers/cartesian_compliance_controller/include/cartesian_compliance_controller/cartesian_compliance_controller.hpp:155:6:[m[K [01;31m[Kerror: [m[Kfunction template-id â€˜[01m[KCartesianComplianceController<HardwareInterface>[m[Kâ€™ in nested-name-specifier
[1.728s]   155 | void [01;31m[KCartesianComplianceController<HardwareInterface>[m[K::
[1.728s]       |      [01;31m[K^~~~~~~~~~~~~~~~~~~~~~~~~~~~~~~~~~~~~~~~~~~~~~~~[m[K
[1.729s] In file included from [01m[K/home/d-lab/workspace/ros_ur_driver/src/cartesian_controllers/cartesian_compliance_controller/include/cartesian_compliance_controller/cartesian_compliance_controller.h:120[m[K,
[1.729s]                  from [01m[K/home/d-lab/workspace/ros_ur_driver/src/cartesian_controllers/cartesian_compliance_controller/src/cartesian_compliance_controller.cpp:45[m[K:
[1.729s] [01m[K/home/d-lab/workspace/ros_ur_driver/src/cartesian_controllers/cartesian_compliance_controller/include/cartesian_compliance_controller/cartesian_compliance_controller.hpp:54:49:[m[K [01;36m[Knote: [m[Kâ€˜[01m[Ktemplate<class HardwareInterface> cartesian_compliance_controller::CartesianComplianceController CartesianComplianceController()[m[Kâ€™ declared here
[1.729s]    54 | CartesianComplianceController<HardwareInterface>[01;36m[K::[m[K
[1.729s]       |                                                 [01;36m[K^~[m[K
[1.729s] In file included from [01m[K/home/d-lab/workspace/ros_ur_driver/src/cartesian_controllers/cartesian_compliance_controller/include/cartesian_compliance_controller/cartesian_compliance_controller.h:120[m[K,
[1.729s]                  from [01m[K/home/d-lab/workspace/ros_ur_driver/src/cartesian_controllers/cartesian_compliance_controller/src/cartesian_compliance_controller.cpp:45[m[K:
[1.729s] [01m[K/home/d-lab/workspace/ros_ur_driver/src/cartesian_controllers/cartesian_compliance_controller/include/cartesian_compliance_controller/cartesian_compliance_controller.hpp:156:28:[m[K [01;31m[Kerror: [m[Kvariable or field â€˜[01m[KdynamicReconfigureCallback[m[Kâ€™ declared void
[1.729s]   156 | dynamicReconfigureCallback([01;31m[KComplianceConfig[m[K& config, uint32_t level)
[1.729s]       |                            [01;31m[K^~~~~~~~~~~~~~~~[m[K
[1.730s] [01m[K/home/d-lab/workspace/ros_ur_driver/src/cartesian_controllers/cartesian_compliance_controller/include/cartesian_compliance_controller/cartesian_compliance_controller.hpp:156:28:[m[K [01;31m[Kerror: [m[Kâ€˜[01m[KComplianceConfig[m[Kâ€™ was not declared in this scope
[1.731s] [01m[K/home/d-lab/workspace/ros_ur_driver/src/cartesian_controllers/cartesian_compliance_controller/include/cartesian_compliance_controller/cartesian_compliance_controller.hpp:156:46:[m[K [01;31m[Kerror: [m[Kâ€˜[01m[Kconfig[m[Kâ€™ was not declared in this scope
[1.731s]   156 | dynamicReconfigureCallback(ComplianceConfig& [01;31m[Kconfig[m[K, uint32_t level)
[1.731s]       |                                              [01;31m[K^~~~~~[m[K
[1.731s] [01m[K/home/d-lab/workspace/ros_ur_driver/src/cartesian_controllers/cartesian_compliance_controller/include/cartesian_compliance_controller/cartesian_compliance_controller.hpp:156:63:[m[K [01;31m[Kerror: [m[Kexpected primary-expression before â€˜[01m[Klevel[m[Kâ€™
[1.731s]   156 | dynamicReconfigureCallback(ComplianceConfig& config, uint32_t [01;31m[Klevel[m[K)
[1.731s]       |                                                               [01;31m[K^~~~~[m[K
[1.736s] [01m[K/home/d-lab/workspace/ros_ur_driver/src/cartesian_controllers/cartesian_compliance_controller/src/cartesian_compliance_controller.cpp:[m[K In member function â€˜[01m[Kvirtual rclcpp_lifecycle::node_interfaces::LifecycleNodeInterface::CallbackReturn cartesian_compliance_controller::CartesianComplianceController::on_configure(const rclcpp_lifecycle::State&)[m[Kâ€™:
[1.737s] [01m[K/home/d-lab/workspace/ros_ur_driver/src/cartesian_controllers/cartesian_compliance_controller/src/cartesian_compliance_controller.cpp:92:3:[m[K [01;31m[Kerror: [m[Kâ€˜[01m[KsetFtSensorReferenceFrame[m[Kâ€™ was not declared in this scope
[1.737s]    92 |   [01;31m[KsetFtSensorReferenceFrame[m[K(Base::m_end_effector_link);
[1.737s]       |   [01;31m[K^~~~~~~~~~~~~~~~~~~~~~~~~[m[K
[1.737s] [01m[K/home/d-lab/workspace/ros_ur_driver/src/cartesian_controllers/cartesian_compliance_controller/src/cartesian_compliance_controller.cpp:[m[K In member function â€˜[01m[Kvirtual rclcpp_lifecycle::node_interfaces::LifecycleNodeInterface::CallbackReturn cartesian_compliance_controller::CartesianComplianceController::on_activate(const rclcpp_lifecycle::State&)[m[Kâ€™:
[1.737s] [01m[K/home/d-lab/workspace/ros_ur_driver/src/cartesian_controllers/cartesian_compliance_controller/src/cartesian_compliance_controller.cpp:100:3:[m[K [01;31m[Kerror: [m[Kâ€˜[01m[KMotionBase[m[Kâ€™ has not been declared
[1.737s]   100 |   [01;31m[KMotionBase[m[K::on_activate(previous_state);
[1.737s]       |   [01;31m[K^~~~~~~~~~[m[K
[1.737s] [01m[K/home/d-lab/workspace/ros_ur_driver/src/cartesian_controllers/cartesian_compliance_controller/src/cartesian_compliance_controller.cpp:101:3:[m[K [01;31m[Kerror: [m[Kâ€˜[01m[KForceBase[m[Kâ€™ has not been declared
[1.737s]   101 |   [01;31m[KForceBase[m[K::on_activate(previous_state);
[1.737s]       |   [01;31m[K^~~~~~~~~[m[K
[1.737s] [01m[K/home/d-lab/workspace/ros_ur_driver/src/cartesian_controllers/cartesian_compliance_controller/src/cartesian_compliance_controller.cpp:[m[K In member function â€˜[01m[Kvirtual rclcpp_lifecycle::node_interfaces::LifecycleNodeInterface::CallbackReturn cartesian_compliance_controller::CartesianComplianceController::on_deactivate(const rclcpp_lifecycle::State&)[m[Kâ€™:
[1.737s] [01m[K/home/d-lab/workspace/ros_ur_driver/src/cartesian_controllers/cartesian_compliance_controller/src/cartesian_compliance_controller.cpp:109:3:[m[K [01;31m[Kerror: [m[Kâ€˜[01m[KMotionBase[m[Kâ€™ has not been declared
[1.737s]   109 |   [01;31m[KMotionBase[m[K::computeJointControlCmds(ctrl::Vector6D::Zero(), rclcpp::Duration::from_seconds(0));
[1.737s]       |   [01;31m[K^~~~~~~~~~[m[K
[1.741s] [01m[K/home/d-lab/workspace/ros_ur_driver/src/cartesian_controllers/cartesian_compliance_controller/src/cartesian_compliance_controller.cpp:110:3:[m[K [01;31m[Kerror: [m[Kâ€˜[01m[KMotionBase[m[Kâ€™ has not been declared
[1.741s]   110 |   [01;31m[KMotionBase[m[K::writeJointControlCmds();
[1.741s]       |   [01;31m[K^~~~~~~~~~[m[K
[1.741s] [01m[K/home/d-lab/workspace/ros_ur_driver/src/cartesian_controllers/cartesian_compliance_controller/src/cartesian_compliance_controller.cpp:111:3:[m[K [01;31m[Kerror: [m[Kâ€˜[01m[KMotionBase[m[Kâ€™ has not been declared
[1.741s]   111 |   [01;31m[KMotionBase[m[K::on_deactivate(previous_state);
[1.741s]       |   [01;31m[K^~~~~~~~~~[m[K
[1.741s] [01m[K/home/d-lab/workspace/ros_ur_driver/src/cartesian_controllers/cartesian_compliance_controller/src/cartesian_compliance_controller.cpp:112:3:[m[K [01;31m[Kerror: [m[Kâ€˜[01m[KForceBase[m[Kâ€™ has not been declared
[1.741s]   112 |   [01;31m[KForceBase[m[K::computeJointControlCmds(ctrl::Vector6D::Zero(), rclcpp::Duration::from_seconds(0));
[1.741s]       |   [01;31m[K^~~~~~~~~[m[K
[1.741s] [01m[K/home/d-lab/workspace/ros_ur_driver/src/cartesian_controllers/cartesian_compliance_controller/src/cartesian_compliance_controller.cpp:113:3:[m[K [01;31m[Kerror: [m[Kâ€˜[01m[KForceBase[m[Kâ€™ has not been declared
[1.741s]   113 |   [01;31m[KForceBase[m[K::writeJointControlCmds();
[1.741s]       |   [01;31m[K^~~~~~~~~[m[K
[1.741s] [01m[K/home/d-lab/workspace/ros_ur_driver/src/cartesian_controllers/cartesian_compliance_controller/src/cartesian_compliance_controller.cpp:114:3:[m[K [01;31m[Kerror: [m[Kâ€˜[01m[KForceBase[m[Kâ€™ has not been declared
[1.741s]   114 |   [01;31m[KForceBase[m[K::on_deactivate(previous_state);
[1.741s]       |   [01;31m[K^~~~~~~~~[m[K
[1.741s] [01m[K/home/d-lab/workspace/ros_ur_driver/src/cartesian_controllers/cartesian_compliance_controller/src/cartesian_compliance_controller.cpp:[m[K At global scope:
[1.742s] [01m[K/home/d-lab/workspace/ros_ur_driver/src/cartesian_controllers/cartesian_compliance_controller/src/cartesian_compliance_controller.cpp:151:16:[m[K [01;31m[Kerror: [m[Kno declaration matches â€˜[01m[Kctrl::Vector6D cartesian_compliance_controller::CartesianComplianceController::computeMotionError()[m[Kâ€™
[1.742s]   151 | ctrl::Vector6D [01;31m[KCartesianComplianceController[m[K::
[1.742s]       |                [01;31m[K^~~~~~~~~~~~~~~~~~~~~~~~~~~~~[m[K
[1.742s] [01m[K/home/d-lab/workspace/ros_ur_driver/src/cartesian_controllers/cartesian_compliance_controller/src/cartesian_compliance_controller.cpp:151:16:[m[K [01;36m[Knote: [m[Kno functions named â€˜[01m[Kctrl::Vector6D cartesian_compliance_controller::CartesianComplianceController::computeMotionError()[m[Kâ€™
[1.742s] In file included from [01m[K/home/d-lab/workspace/ros_ur_driver/src/cartesian_controllers/cartesian_compliance_controller/src/cartesian_compliance_controller.cpp:45[m[K:
[1.742s] [01m[K/home/d-lab/workspace/ros_ur_driver/src/cartesian_controllers/cartesian_compliance_controller/include/cartesian_compliance_controller/cartesian_compliance_controller.h:75:7:[m[K [01;36m[Knote: [m[Kâ€˜[01m[Kclass cartesian_compliance_controller::CartesianComplianceController[m[Kâ€™ defined here
[1.742s]    75 | class [01;36m[KCartesianComplianceController[m[K : public virtual cartesian_controller_base::CartesianControllerBase
[1.742s]       |       [01;36m[K^~~~~~~~~~~~~~~~~~~~~~~~~~~~~[m[K
[1.742s] In file included from [01m[K/opt/ros/foxy/include/class_loader/class_loader.hpp:56[m[K,
[1.742s]                  from [01m[K/opt/ros/foxy/include/class_loader/multi_library_class_loader.hpp:52[m[K,
[1.742s]                  from [01m[K/opt/ros/foxy/include/pluginlib/class_loader.hpp:58[m[K,
[1.742s]                  from [01m[K/home/d-lab/workspace/ros_ur_driver/install/cartesian_controller_base/include/cartesian_controller_base/cartesian_controller_base.h:66[m[K,
[1.742s]                  from [01m[K/home/d-lab/workspace/ros_ur_driver/src/cartesian_controllers/cartesian_compliance_controller/include/cartesian_compliance_controller/cartesian_compliance_controller.h:45[m[K,
[1.742s]                  from [01m[K/home/d-lab/workspace/ros_ur_driver/src/cartesian_controllers/cartesian_compliance_controller/src/cartesian_compliance_controller.cpp:45[m[K:
[1.742s] [01m[K/home/d-lab/workspace/ros_ur_driver/src/cartesian_controllers/cartesian_compliance_controller/src/cartesian_compliance_controller.cpp:170:57:[m[K [01;31m[Kerror: [m[Kâ€˜[01m[KCartesianComplianceController[m[Kâ€™ in namespace â€˜[01m[Kcartesian_compliance_controller[m[Kâ€™ does not name a type
[1.742s]   170 | PLUGINLIB_EXPORT_CLASS(cartesian_compliance_controller::[01;31m[KCartesianComplianceController[m[K, controller_interface::ControllerInterface)
[1.742s]       |                                                         [01;31m[K^~~~~~~~~~~~~~~~~~~~~~~~~~~~~[m[K
[1.743s] [01m[K/home/d-lab/workspace/ros_ur_driver/src/cartesian_controllers/cartesian_compliance_controller/src/cartesian_compliance_controller.cpp:[m[K In constructor â€˜[01m[K{anonymous}::ProxyExec0::ProxyExec0()[m[Kâ€™:
[1.743s] [01m[K/home/d-lab/workspace/ros_ur_driver/src/cartesian_controllers/cartesian_compliance_controller/src/cartesian_compliance_controller.cpp:170:1:[m[K [01;31m[Kerror: [m[Kâ€˜[01m[K_derived[m[Kâ€™ was not declared in this scope
[1.743s]   170 | [01;31m[KPLUGINLIB_EXPORT_CLASS[m[K(cartesian_compliance_controller::CartesianComplianceController, controller_interface::ControllerInterface)
[1.743s]       | [01;31m[K^~~~~~~~~~~~~~~~~~~~~~[m[K
[1.743s] [01m[K/home/d-lab/workspace/ros_ur_driver/src/cartesian_controllers/cartesian_compliance_controller/src/cartesian_compliance_controller.cpp:170:1:[m[K [01;31m[Kerror: [m[Kno matching function for call to â€˜[01m[KregisterPlugin<<expression error>, {anonymous}::ProxyExec0::_base>(const char [63], const char [42])[m[Kâ€™
[1.743s]   170 | [01;31m[KPLUGINLIB_EXPORT_CLASS[m[K(cartesian_compliance_controller::CartesianComplianceController, controller_interface::ControllerInterface)
[1.743s]       | [01;31m[K^~~~~~~~~~~~~~~~~~~~~~[m[K
[1.743s] In file included from [01m[K/opt/ros/foxy/include/class_loader/class_loader.hpp:55[m[K,
[1.743s]                  from [01m[K/opt/ros/foxy/include/class_loader/multi_library_class_loader.hpp:52[m[K,
[1.743s]                  from [01m[K/opt/ros/foxy/include/pluginlib/class_loader.hpp:58[m[K,
[1.743s]                  from [01m[K/home/d-lab/workspace/ros_ur_driver/install/cartesian_controller_base/include/cartesian_controller_base/cartesian_controller_base.h:66[m[K,
[1.743s]                  from [01m[K/home/d-lab/workspace/ros_ur_driver/src/cartesian_controllers/cartesian_compliance_controller/include/cartesian_compliance_controller/cartesian_compliance_controller.h:45[m[K,
[1.743s]                  from [01m[K/home/d-lab/workspace/ros_ur_driver/src/cartesian_controllers/cartesian_compliance_controller/src/cartesian_compliance_controller.cpp:45[m[K:
[1.744s] [01m[K/opt/ros/foxy/include/class_loader/class_loader_core.hpp:210:6:[m[K [01;36m[Knote: [m[Kcandidate: â€˜[01m[Ktemplate<class Derived, class Base> void class_loader::impl::registerPlugin(const string&, const string&)[m[Kâ€™
[1.744s]   210 | void [01;36m[KregisterPlugin[m[K(const std::string & class_name, const std::string & base_class_name)
[1.744s]       |      [01;36m[K^~~~~~~~~~~~~~[m[K
[1.744s] [01m[K/opt/ros/foxy/include/class_loader/class_loader_core.hpp:210:6:[m[K [01;36m[Knote: [m[K  template argument deduction/substitution failed:
[1.744s] In file included from [01m[K/opt/ros/foxy/include/class_loader/class_loader.hpp:56[m[K,
[1.744s]                  from [01m[K/opt/ros/foxy/include/class_loader/multi_library_class_loader.hpp:52[m[K,
[1.744s]                  from [01m[K/opt/ros/foxy/include/pluginlib/class_loader.hpp:58[m[K,
[1.744s]                  from [01m[K/home/d-lab/workspace/ros_ur_driver/install/cartesian_controller_base/include/cartesian_controller_base/cartesian_controller_base.h:66[m[K,
[1.744s]                  from [01m[K/home/d-lab/workspace/ros_ur_driver/src/cartesian_controllers/cartesian_compliance_controller/include/cartesian_compliance_controller/cartesian_compliance_controller.h:45[m[K,
[1.744s]                  from [01m[K/home/d-lab/workspace/ros_ur_driver/src/cartesian_controllers/cartesian_compliance_controller/src/cartesian_compliance_controller.cpp:45[m[K:
[1.744s] [01m[K/home/d-lab/workspace/ros_ur_driver/src/cartesian_controllers/cartesian_compliance_controller/src/cartesian_compliance_controller.cpp:170:1:[m[K [01;31m[Kerror: [m[Ktemplate argument 1 is invalid
[1.744s]   170 | [01;31m[KPLUGINLIB_EXPORT_CLASS[m[K(cartesian_compliance_controller::CartesianComplianceController, controller_interface::ControllerInterface)
[1.744s]       | [01;31m[K^~~~~~~~~~~~~~~~~~~~~~[m[K
[2.209s] make[2]: *** [CMakeFiles/cartesian_compliance_controller.dir/build.make:63: CMakeFiles/cartesian_compliance_controller.dir/src/cartesian_compliance_controller.cpp.o] Error 1
[2.209s] make[1]: *** [CMakeFiles/Makefile2:105: CMakeFiles/cartesian_compliance_controller.dir/all] Error 2
[2.209s] make: *** [Makefile:141: all] Error 2
[2.211s] Invoked command in '/home/d-lab/workspace/ros_ur_driver/build/cartesian_compliance_controller' returned '2': AMENT_PREFIX_PATH=/home/d-lab/workspace/ros_ur_driver/install/cartesian_motion_controller:${AMENT_PREFIX_PATH} CMAKE_PREFIX_PATH=/home/d-lab/workspace/ros_ur_driver/install/cartesian_motion_controller:/home/d-lab/workspace/ros_ur_driver/install/cartesian_force_controller:/home/d-lab/workspace/ros_ur_driver/install/cartesian_controller_base:/home/d-lab/workspace/ros_ur_driver/install/controller_interface:/home/d-lab/workspace/ros_ur_driver/install/hardware_interface:/home/d-lab/workspace/ros_ur_driver/install/control_msgs:/home/d-lab/workspace/ros_ur_driver/install/run_ompl_constrained_planning:/home/d-lab/workspace/ros_ur_driver/install/run_moveit_cpp:/home/d-lab/workspace/ros_ur_driver/install/run_move_group:/home/d-lab/workspace/ros_ur_driver/install/warehouse_ros_mongo:/home/d-lab/workspace/ros_ur_driver/install/ros2_controllers:/home/d-lab/workspace/ros_ur_driver/install/velocity_controllers:/home/d-lab/workspace/ros_ur_driver/install/ur_robot_driver:/home/d-lab/workspace/ros_ur_driver/install/ur_controllers:/home/d-lab/workspace/ros_ur_driver/install/ur_msgs:/home/d-lab/workspace/ros_ur_driver/install/ur_moveit_config:/home/d-lab/workspace/ros_ur_driver/install/ur_description:/home/d-lab/workspace/ros_ur_driver/install/ur_dashboard_msgs:/home/d-lab/workspace/ros_ur_driver/install/ur_client_library:/home/d-lab/workspace/ros_ur_driver/install/ur_bringup:/home/d-lab/workspace/ros_ur_driver/install/ur5_robotiq_moveit_config:/home/d-lab/workspace/ros_ur_driver/install/transmission_interface:/home/d-lab/workspace/ros_ur_driver/install/srdfdom:/home/d-lab/workspace/ros_ur_driver/install/move_arm:/home/d-lab/workspace/ros_ur_driver/install/moveit_visual_tools:/home/d-lab/workspace/ros_ur_driver/install/rviz_visual_tools:/home/d-lab/workspace/ros_ur_driver/install/ros2_control_demos:/home/d-lab/workspace/ros_ur_driver/install/ros2_control_demo_bringup:/home/d-lab/workspace/ros_ur_driver/install/rrbot_description:/home/d-lab/workspace/ros_ur_driver/install/ros2_control:/home/d-lab/workspace/ros_ur_driver/install/utils:/home/d-lab/workspace/ros_ur_driver/install/ros2controlcli:/home/d-lab/workspace/ros_ur_driver/install/ros2_control_test_nodes:/home/d-lab/workspace/ros_ur_driver/install/robotiq_control:/home/d-lab/workspace/ros_ur_driver/install/gripper_control:/opt/ros/foxy:/home/d-lab/workspace/ros_ur_driver/install/cartesian_controller_examples:/home/d-lab/workspace/ros_ur_driver/install/controller_manager:/home/d-lab/workspace/ros_ur_driver/install/ros2_control_test_assets:/home/d-lab/workspace/ros_ur_driver/install/ros2_control_demo_hardware:/home/d-lab/workspace/ros_ur_driver/install/robotiq_description:/home/d-lab/workspace/ros_ur_driver/install/position_controllers:/home/d-lab/workspace/ros_ur_driver/install/joint_trajectory_controller:/home/d-lab/workspace/ros_ur_driver/install/joint_state_controller:/home/d-lab/workspace/ros_ur_driver/install/joint_state_broadcaster:/home/d-lab/workspace/ros_ur_driver/install/imu_sensor_broadcaster:/home/d-lab/workspace/ros_ur_driver/install/gripper_controllers:/home/d-lab/workspace/ros_ur_driver/install/effort_controllers:/home/d-lab/workspace/ros_ur_driver/install/forward_command_controller:/home/d-lab/workspace/ros_ur_driver/install/force_torque_sensor_broadcaster:/home/d-lab/workspace/ros_ur_driver/install/diff_drive_controller:/home/d-lab/workspace/ros_ur_driver/install/graph_msgs:/home/d-lab/workspace/ros_ur_driver/install/filters:/home/d-lab/workspace/ros_ur_driver/install/eigen3_cmake_module:/home/d-lab/workspace/ros_ur_driver/install/diffbot_description:/home/d-lab/workspace/ros_ur_driver/install/controller_manager_msgs:/home/d-lab/workspace/ros_ur_driver/install/chomp_motion_planner LD_LIBRARY_PATH=/home/d-lab/workspace/ros_ur_driver/install/cartesian_motion_controller/lib:/home/d-lab/workspace/ros_ur_driver/install/cartesian_force_controller/lib:/home/d-lab/workspace/ros_ur_driver/install/cartesian_controller_base/lib:/home/d-lab/workspace/ros_ur_driver/install/controller_interface/lib:/home/d-lab/workspace/ros_ur_driver/install/hardware_interface/lib:/home/d-lab/workspace/ros_ur_driver/install/control_msgs/lib:/home/d-lab/workspace/ros_ur_driver/install/warehouse_ros_mongo/lib:/home/d-lab/workspace/ros_ur_driver/install/velocity_controllers/lib:/home/d-lab/workspace/ros_ur_driver/install/ur_robot_driver/lib:/home/d-lab/workspace/ros_ur_driver/install/ur_controllers/lib:/home/d-lab/workspace/ros_ur_driver/install/ur_msgs/lib:/home/d-lab/workspace/ros_ur_driver/install/ur_dashboard_msgs/lib:/home/d-lab/workspace/ros_ur_driver/install/ur_client_library/lib:/home/d-lab/workspace/ros_ur_driver/install/srdfdom/lib:/home/d-lab/workspace/ros_ur_driver/install/moveit_visual_tools/lib:/home/d-lab/workspace/ros_ur_driver/install/rviz_visual_tools/lib:/home/d-lab/workspace/ros_ur_driver/install/controller_manager/lib:/home/d-lab/workspace/ros_ur_driver/install/ros2_control_demo_hardware/lib:/home/d-lab/workspace/ros_ur_driver/install/position_controllers/lib:/home/d-lab/workspace/ros_ur_driver/install/joint_trajectory_controller/lib:/home/d-lab/workspace/ros_ur_driver/install/joint_state_controller/lib:/home/d-lab/workspace/ros_ur_driver/install/joint_state_broadcaster/lib:/home/d-lab/workspace/ros_ur_driver/install/imu_sensor_broadcaster/lib:/home/d-lab/workspace/ros_ur_driver/install/gripper_controllers/lib:/home/d-lab/workspace/ros_ur_driver/install/effort_controllers/lib:/home/d-lab/workspace/ros_ur_driver/install/forward_command_controller/lib:/home/d-lab/workspace/ros_ur_driver/install/force_torque_sensor_broadcaster/lib:/home/d-lab/workspace/ros_ur_driver/install/diff_drive_controller/lib:/home/d-lab/workspace/ros_ur_driver/install/graph_msgs/lib:/home/d-lab/workspace/ros_ur_driver/install/filters/lib:/home/d-lab/workspace/ros_ur_driver/install/controller_manager_msgs/lib:/home/d-lab/workspace/ros_ur_driver/install/chomp_motion_planner/lib:/opt/ros/foxy/opt/yaml_cpp_vendor/lib:/opt/ros/foxy/opt/rviz_ogre_vendor/lib:/opt/ros/foxy/lib/x86_64-linux-gnu:/opt/ros/foxy/lib PYTHONPATH=/home/d-lab/workspace/ros_ur_driver/install/control_msgs/lib/python3.8/site-packages:/home/d-lab/workspace/ros_ur_driver/install/warehouse_ros_mongo/lib/python3.8/site-packages:/home/d-lab/workspace/ros_ur_driver/install/utils/lib/python3.8/site-packages:/home/d-lab/workspace/ros_ur_driver/install/ur_msgs/lib/python3.8/site-packages:/home/d-lab/workspace/ros_ur_driver/install/ur_dashboard_msgs/lib/python3.8/site-packages:/home/d-lab/workspace/ros_ur_driver/install/srdfdom/lib/python3.8/site-packages:/home/d-lab/workspace/ros_ur_driver/install/ros2controlcli/lib/python3.8/site-packages:/home/d-lab/workspace/ros_ur_driver/install/ros2_control_test_nodes/lib/python3.8/site-packages:/home/d-lab/workspace/ros_ur_driver/install/controller_manager/lib/python3.8/site-packages:/home/d-lab/workspace/ros_ur_driver/install/robotiq_control/lib/python3.8/site-packages:/home/d-lab/workspace/ros_ur_driver/install/gripper_control/lib/python3.8/site-packages:/home/d-lab/workspace/ros_ur_driver/install/graph_msgs/lib/python3.8/site-packages:/home/d-lab/workspace/ros_ur_driver/install/controller_manager_msgs/lib/python3.8/site-packages:/opt/ros/foxy/lib/python3.8/site-packages /usr/bin/cmake --build /home/d-lab/workspace/ros_ur_driver/build/cartesian_compliance_controller -- -j16 -l16
