[0.217s] Invoking command in '/home/d-lab/workspace/ros_ur_driver/build/robotiq_description': /usr/bin/cmake --build /home/d-lab/workspace/ros_ur_driver/build/robotiq_description -- -j16 -l16
[0.248s] -- Found ament_cmake: 0.9.9 (/opt/ros/foxy/share/ament_cmake/cmake)
[0.263s] -- Using PYTHON_EXECUTABLE: /usr/bin/python3
[0.431s] Traceback (most recent call last):
[0.431s]   File "/opt/ros/foxy/share/ament_cmake_core/cmake/package_templates/templates_2_cmake.py", line 21, in <module>
[0.431s]     from ament_package.templates import get_environment_hook_template_path
[0.431s] ModuleNotFoundError: No module named 'ament_package'
[0.441s] CMake Error at /opt/ros/foxy/share/ament_cmake_core/cmake/ament_cmake_package_templates-extras.cmake:41 (message):
[0.442s]   execute_process(/usr/bin/python3
[0.442s]   /opt/ros/foxy/share/ament_cmake_core/cmake/package_templates/templates_2_cmake.py
[0.442s]   /home/d-lab/workspace/ros_ur_driver/build/robotiq_description/ament_cmake_package_templates/templates.cmake)
[0.442s]   returned error code 1
[0.442s] Call Stack (most recent call first):
[0.443s]   /opt/ros/foxy/share/ament_cmake_core/cmake/ament_cmake_coreConfig.cmake:41 (include)
[0.443s]   /opt/ros/foxy/share/ament_cmake/cmake/ament_cmake_export_dependencies-extras.cmake:15 (find_package)
[0.443s]   /opt/ros/foxy/share/ament_cmake/cmake/ament_cmakeConfig.cmake:41 (include)
[0.443s]   CMakeLists.txt:8 (find_package)
[0.443s] 
[0.443s] 
[0.443s] -- Configuring incomplete, errors occurred!
[0.443s] See also "/home/d-lab/workspace/ros_ur_driver/build/robotiq_description/CMakeFiles/CMakeOutput.log".
[0.443s] See also "/home/d-lab/workspace/ros_ur_driver/build/robotiq_description/CMakeFiles/CMakeError.log".
[0.444s] make: *** [Makefile:222: cmake_check_build_system] Error 1
[0.548s] Invoked command in '/home/d-lab/workspace/ros_ur_driver/build/robotiq_description' returned '2': /usr/bin/cmake --build /home/d-lab/workspace/ros_ur_driver/build/robotiq_description -- -j16 -l16
