-- Found ament_cmake: 0.9.9 (/opt/ros/foxy/share/ament_cmake/cmake)
-- Using PYTHON_EXECUTABLE: /usr/bin/python3
-- Found controller_interface: 0.10.0 (/home/d-lab/workspace/ros_ur_driver/install/controller_interface/share/controller_interface/cmake)
-- Using all available rosidl_typesupport_c: rosidl_typesupport_fastrtps_c;rosidl_typesupport_introspection_c
-- Found rosidl_adapter: 1.2.1 (/opt/ros/foxy/share/rosidl_adapter/cmake)
-- Using all available rosidl_typesupport_cpp: rosidl_typesupport_fastrtps_cpp;rosidl_typesupport_introspection_cpp
-- Found rmw_implementation_cmake: 1.0.3 (/opt/ros/foxy/share/rmw_implementation_cmake/cmake)
-- Using RMW implementation 'rmw_fastrtps_cpp' as default
-- Found realtime_tools: 2.2.0 (/opt/ros/foxy/share/realtime_tools/cmake)
-- Found ament_cmake_gmock: 0.9.9 (/opt/ros/foxy/share/ament_cmake_gmock/cmake)
-- Found controller_manager: 0.10.0 (/home/d-lab/workspace/ros_ur_driver/install/controller_manager/share/controller_manager/cmake)
-- Found ros2_control_test_assets: 0.10.0 (/home/d-lab/workspace/ros_ur_driver/install/ros2_control_test_assets/share/ros2_control_test_assets/cmake)
-- Found gmock sources under '/opt/ros/foxy/src/gmock_vendor': C++ tests using 'Google Mock' will be built
-- Found ament_cmake_gtest: 0.9.9 (/opt/ros/foxy/share/ament_cmake_gtest/cmake)
-- Found gtest sources under '/opt/ros/foxy/src/gtest_vendor': C++ tests using 'Google Test' will be built
-- Configuring done
-- Generating done
-- Build files have been written to: /home/d-lab/workspace/ros_ur_driver/build/forward_command_controller
[35m[1mScanning dependencies of target forward_command_controller[0m
[ 21%] Built target gmock
[ 35%] Built target gmock_main
[35m[1mScanning dependencies of target test_multi_interface_forward_controller[0m
[35m[1mScanning dependencies of target test_load_forward_command_controller[0m
[ 50%] [32mBuilding CXX object CMakeFiles/forward_command_controller.dir/src/multi_interface_forward_controller.cpp.o[0m
[ 50%] [32mBuilding CXX object CMakeFiles/forward_command_controller.dir/src/forward_command_controller.cpp.o[0m
[ 57%] [32mBuilding CXX object CMakeFiles/test_multi_interface_forward_controller.dir/test/test_load_multi_interface_forward_controller.cpp.o[0m
[ 64%] [32mBuilding CXX object CMakeFiles/test_load_forward_command_controller.dir/test/test_load_forward_command_controller.cpp.o[0m
In file included from [01m[K/home/d-lab/workspace/ros_ur_driver/src/ros2_controllers/forward_command_controller/include/forward_command_controller/multi_interface_forward_controller.hpp:22[m[K,
                 from [01m[K/home/d-lab/workspace/ros_ur_driver/src/ros2_controllers/forward_command_controller/src/multi_interface_forward_controller.cpp:15[m[K:
[01m[K/home/d-lab/workspace/ros_ur_driver/src/ros2_controllers/forward_command_controller/include/forward_command_controller/forward_command_controller.hpp:60:18:[m[K [01;31m[Kerror: [m[Kâ€˜[01m[Krclcpp_lifecycle::node_interfaces::LifecycleNodeInterface::CallbackReturn forward_command_controller::ForwardCommandController::on_init()[m[Kâ€™ marked â€˜[01m[Koverride[m[Kâ€™, but does not override
   60 |   CallbackReturn [01;31m[Kon_init[m[K() override;
      |                  [01;31m[K^~~~~~~[m[K
In file included from [01m[K/home/d-lab/workspace/ros_ur_driver/src/ros2_controllers/forward_command_controller/src/multi_interface_forward_controller.cpp:15[m[K:
[01m[K/home/d-lab/workspace/ros_ur_driver/src/ros2_controllers/forward_command_controller/include/forward_command_controller/multi_interface_forward_controller.hpp:35:18:[m[K [01;31m[Kerror: [m[Kâ€˜[01m[Krclcpp_lifecycle::node_interfaces::LifecycleNodeInterface::CallbackReturn forward_command_controller::MultiInterfaceForwardController::on_init()[m[Kâ€™ marked â€˜[01m[Koverride[m[Kâ€™, but does not override
   35 |   CallbackReturn [01;31m[Kon_init[m[K() override;
      |                  [01;31m[K^~~~~~~[m[K
In file included from [01m[K/home/d-lab/workspace/ros_ur_driver/src/ros2_controllers/forward_command_controller/src/forward_command_controller.cpp:15[m[K:
[01m[K/home/d-lab/workspace/ros_ur_driver/src/ros2_controllers/forward_command_controller/include/forward_command_controller/forward_command_controller.hpp:60:18:[m[K [01;31m[Kerror: [m[Kâ€˜[01m[Krclcpp_lifecycle::node_interfaces::LifecycleNodeInterface::CallbackReturn forward_command_controller::ForwardCommandController::on_init()[m[Kâ€™ marked â€˜[01m[Koverride[m[Kâ€™, but does not override
   60 |   CallbackReturn [01;31m[Kon_init[m[K() override;
      |                  [01;31m[K^~~~~~~[m[K
make[2]: *** [CMakeFiles/forward_command_controller.dir/build.make:76: CMakeFiles/forward_command_controller.dir/src/multi_interface_forward_controller.cpp.o] Error 1
make[2]: *** Waiting for unfinished jobs....
make[2]: *** [CMakeFiles/forward_command_controller.dir/build.make:63: CMakeFiles/forward_command_controller.dir/src/forward_command_controller.cpp.o] Error 1
make[1]: *** [CMakeFiles/Makefile2:183: CMakeFiles/forward_command_controller.dir/all] Error 2
make[1]: *** Waiting for unfinished jobs....
[ 71%] [32m[1mLinking CXX executable test_multi_interface_forward_controller[0m
[ 78%] [32m[1mLinking CXX executable test_load_forward_command_controller[0m
[ 78%] Built target test_multi_interface_forward_controller
[ 78%] Built target test_load_forward_command_controller
make: *** [Makefile:141: all] Error 2
