[0.044s] Invoking command in '/home/d-lab/workspace/ros_ur_driver/build/forward_command_controller': AMENT_PREFIX_PATH=/home/d-lab/workspace/ros_ur_driver/install/controller_manager:/home/d-lab/workspace/ros_ur_driver/install/controller_interface:/home/d-lab/workspace/ros_ur_driver/install/hardware_interface:/home/d-lab/workspace/ros_ur_driver/install/ros2_control_test_assets:/home/d-lab/workspace/ros_ur_driver/install/controller_manager_msgs:/home/d-lab/workspace/ros_ur_driver/install/control_msgs:${AMENT_PREFIX_PATH} CMAKE_PREFIX_PATH=/home/d-lab/workspace/ros_ur_driver/install/controller_manager:/home/d-lab/workspace/ros_ur_driver/install/controller_interface:/home/d-lab/workspace/ros_ur_driver/install/hardware_interface:/home/d-lab/workspace/ros_ur_driver/install/ros2_control_test_assets:/home/d-lab/workspace/ros_ur_driver/install/controller_manager_msgs:/home/d-lab/workspace/ros_ur_driver/install/control_msgs:/opt/ros/foxy LD_LIBRARY_PATH=/home/d-lab/workspace/ros_ur_driver/install/controller_manager/lib:/home/d-lab/workspace/ros_ur_driver/install/controller_interface/lib:/home/d-lab/workspace/ros_ur_driver/install/hardware_interface/lib:/home/d-lab/workspace/ros_ur_driver/install/controller_manager_msgs/lib:/home/d-lab/workspace/ros_ur_driver/install/control_msgs/lib:${LD_LIBRARY_PATH} PYTHONPATH=/home/d-lab/workspace/ros_ur_driver/install/controller_manager/lib/python3.8/site-packages:/home/d-lab/workspace/ros_ur_driver/install/controller_manager_msgs/lib/python3.8/site-packages:/home/d-lab/workspace/ros_ur_driver/install/control_msgs/lib/python3.8/site-packages:${PYTHONPATH} /usr/bin/cmake --build /home/d-lab/workspace/ros_ur_driver/build/forward_command_controller -- -j16 -l16
[0.068s] -- Found ament_cmake: 0.9.9 (/opt/ros/foxy/share/ament_cmake/cmake)
[0.083s] -- Using PYTHON_EXECUTABLE: /usr/bin/python3
[0.220s] -- Found controller_interface: 0.10.0 (/home/d-lab/workspace/ros_ur_driver/install/controller_interface/share/controller_interface/cmake)
[0.243s] -- Using all available rosidl_typesupport_c: rosidl_typesupport_fastrtps_c;rosidl_typesupport_introspection_c
[0.245s] -- Found rosidl_adapter: 1.2.1 (/opt/ros/foxy/share/rosidl_adapter/cmake)
[0.389s] -- Using all available rosidl_typesupport_cpp: rosidl_typesupport_fastrtps_cpp;rosidl_typesupport_introspection_cpp
[1.098s] -- Found rmw_implementation_cmake: 1.0.3 (/opt/ros/foxy/share/rmw_implementation_cmake/cmake)
[1.100s] -- Using RMW implementation 'rmw_fastrtps_cpp' as default
[1.415s] -- Found realtime_tools: 2.2.0 (/opt/ros/foxy/share/realtime_tools/cmake)
[1.522s] -- Found ament_cmake_gmock: 0.9.9 (/opt/ros/foxy/share/ament_cmake_gmock/cmake)
[1.523s] -- Found controller_manager: 0.10.0 (/home/d-lab/workspace/ros_ur_driver/install/controller_manager/share/controller_manager/cmake)
[1.619s] -- Found ros2_control_test_assets: 0.10.0 (/home/d-lab/workspace/ros_ur_driver/install/ros2_control_test_assets/share/ros2_control_test_assets/cmake)
[1.620s] -- Found gmock sources under '/opt/ros/foxy/src/gmock_vendor': C++ tests using 'Google Mock' will be built
[1.622s] -- Found ament_cmake_gtest: 0.9.9 (/opt/ros/foxy/share/ament_cmake_gtest/cmake)
[1.623s] -- Found gtest sources under '/opt/ros/foxy/src/gtest_vendor': C++ tests using 'Google Test' will be built
[2.011s] -- Configuring done
[2.098s] -- Generating done
[2.100s] -- Build files have been written to: /home/d-lab/workspace/ros_ur_driver/build/forward_command_controller
[2.129s] [35m[1mScanning dependencies of target forward_command_controller[0m
[2.132s] [ 21%] Built target gmock
[2.139s] [ 35%] Built target gmock_main
[2.151s] [35m[1mScanning dependencies of target test_multi_interface_forward_controller[0m
[2.155s] [35m[1mScanning dependencies of target test_load_forward_command_controller[0m
[2.173s] [ 50%] [32mBuilding CXX object CMakeFiles/forward_command_controller.dir/src/multi_interface_forward_controller.cpp.o[0m
[2.174s] [ 50%] [32mBuilding CXX object CMakeFiles/forward_command_controller.dir/src/forward_command_controller.cpp.o[0m
[2.225s] [ 57%] [32mBuilding CXX object CMakeFiles/test_multi_interface_forward_controller.dir/test/test_load_multi_interface_forward_controller.cpp.o[0m
[2.230s] [ 64%] [32mBuilding CXX object CMakeFiles/test_load_forward_command_controller.dir/test/test_load_forward_command_controller.cpp.o[0m
[3.904s] In file included from [01m[K/home/d-lab/workspace/ros_ur_driver/src/ros2_controllers/forward_command_controller/include/forward_command_controller/multi_interface_forward_controller.hpp:22[m[K,
[3.904s]                  from [01m[K/home/d-lab/workspace/ros_ur_driver/src/ros2_controllers/forward_command_controller/src/multi_interface_forward_controller.cpp:15[m[K:
[3.904s] [01m[K/home/d-lab/workspace/ros_ur_driver/src/ros2_controllers/forward_command_controller/include/forward_command_controller/forward_command_controller.hpp:60:18:[m[K [01;31m[Kerror: [m[Kâ€˜[01m[Krclcpp_lifecycle::node_interfaces::LifecycleNodeInterface::CallbackReturn forward_command_controller::ForwardCommandController::on_init()[m[Kâ€™ marked â€˜[01m[Koverride[m[Kâ€™, but does not override
[3.904s]    60 |   CallbackReturn [01;31m[Kon_init[m[K() override;
[3.904s]       |                  [01;31m[K^~~~~~~[m[K
[3.904s] In file included from [01m[K/home/d-lab/workspace/ros_ur_driver/src/ros2_controllers/forward_command_controller/src/multi_interface_forward_controller.cpp:15[m[K:
[3.904s] [01m[K/home/d-lab/workspace/ros_ur_driver/src/ros2_controllers/forward_command_controller/include/forward_command_controller/multi_interface_forward_controller.hpp:35:18:[m[K [01;31m[Kerror: [m[Kâ€˜[01m[Krclcpp_lifecycle::node_interfaces::LifecycleNodeInterface::CallbackReturn forward_command_controller::MultiInterfaceForwardController::on_init()[m[Kâ€™ marked â€˜[01m[Koverride[m[Kâ€™, but does not override
[3.904s]    35 |   CallbackReturn [01;31m[Kon_init[m[K() override;
[3.904s]       |                  [01;31m[K^~~~~~~[m[K
[3.921s] In file included from [01m[K/home/d-lab/workspace/ros_ur_driver/src/ros2_controllers/forward_command_controller/src/forward_command_controller.cpp:15[m[K:
[3.921s] [01m[K/home/d-lab/workspace/ros_ur_driver/src/ros2_controllers/forward_command_controller/include/forward_command_controller/forward_command_controller.hpp:60:18:[m[K [01;31m[Kerror: [m[Kâ€˜[01m[Krclcpp_lifecycle::node_interfaces::LifecycleNodeInterface::CallbackReturn forward_command_controller::ForwardCommandController::on_init()[m[Kâ€™ marked â€˜[01m[Koverride[m[Kâ€™, but does not override
[3.921s]    60 |   CallbackReturn [01;31m[Kon_init[m[K() override;
[3.921s]       |                  [01;31m[K^~~~~~~[m[K
[4.407s] make[2]: *** [CMakeFiles/forward_command_controller.dir/build.make:76: CMakeFiles/forward_command_controller.dir/src/multi_interface_forward_controller.cpp.o] Error 1
[4.407s] make[2]: *** Waiting for unfinished jobs....
[5.270s] make[2]: *** [CMakeFiles/forward_command_controller.dir/build.make:63: CMakeFiles/forward_command_controller.dir/src/forward_command_controller.cpp.o] Error 1
[5.270s] make[1]: *** [CMakeFiles/Makefile2:183: CMakeFiles/forward_command_controller.dir/all] Error 2
[5.270s] make[1]: *** Waiting for unfinished jobs....
[5.743s] [ 71%] [32m[1mLinking CXX executable test_multi_interface_forward_controller[0m
[5.830s] [ 78%] [32m[1mLinking CXX executable test_load_forward_command_controller[0m
[5.903s] [ 78%] Built target test_multi_interface_forward_controller
[5.987s] [ 78%] Built target test_load_forward_command_controller
[5.988s] make: *** [Makefile:141: all] Error 2
