In file included from [01m[K/home/d-lab/workspace/ros_ur_driver/src/ros2_controllers/force_torque_sensor_broadcaster/src/force_torque_sensor_broadcaster.cpp:19[m[K:
[01m[K/home/d-lab/workspace/ros_ur_driver/src/ros2_controllers/force_torque_sensor_broadcaster/include/force_torque_sensor_broadcaster/force_torque_sensor_broadcaster.hpp:36:10:[m[K [01;31m[Kfatal error: [m[Ktf2_geometry_msgs/tf2_geometry_msgs.hpp: No such file or directory
   36 | #include [01;31m[K"tf2_geometry_msgs/tf2_geometry_msgs.hpp"[m[K
      |          [01;31m[K^~~~~~~~~~~~~~~~~~~~~~~~~~~~~~~~~~~~~~~~~[m[K
compilation terminated.
make[2]: *** [CMakeFiles/force_torque_sensor_broadcaster.dir/build.make:63: CMakeFiles/force_torque_sensor_broadcaster.dir/src/force_torque_sensor_broadcaster.cpp.o] Error 1
make[1]: *** [CMakeFiles/Makefile2:154: CMakeFiles/force_torque_sensor_broadcaster.dir/all] Error 2
make: *** [Makefile:141: all] Error 2
