[0.029s] Invoking command in '/home/d-lab/workspace/ros_ur_driver/build/transmission_interface': CMAKE_PREFIX_PATH=/home/d-lab/workspace/ros_ur_driver/install/hardware_interface:/home/d-lab/workspace/ros_ur_driver/install/control_msgs:/home/d-lab/workspace/ros_ur_driver/install/ros2controlcli:/home/d-lab/workspace/ros_ur_driver/install/ros2_control_test_nodes:/opt/ros/foxy:/home/d-lab/workspace/ros_ur_driver/install/robotiq_description:/home/d-lab/workspace/ros_ur_driver/install/run_ompl_constrained_planning:/home/d-lab/workspace/ros_ur_driver/install/run_moveit_cpp:/home/d-lab/workspace/ros_ur_driver/install/run_move_group:/home/d-lab/workspace/ros_ur_driver/install/warehouse_ros_mongo:/home/d-lab/workspace/ros_ur_driver/install/ros2_controllers:/home/d-lab/workspace/ros_ur_driver/install/velocity_controllers:/home/d-lab/workspace/ros_ur_driver/install/ur_robot_driver:/home/d-lab/workspace/ros_ur_driver/install/ur_controllers:/home/d-lab/workspace/ros_ur_driver/install/ur_msgs:/home/d-lab/workspace/ros_ur_driver/install/ur_moveit_config:/home/d-lab/workspace/ros_ur_driver/install/ur_description:/home/d-lab/workspace/ros_ur_driver/install/ur_dashboard_msgs:/home/d-lab/workspace/ros_ur_driver/install/ur_client_library:/home/d-lab/workspace/ros_ur_driver/install/ur_bringup:/home/d-lab/workspace/ros_ur_driver/install/transmission_interface:/home/d-lab/workspace/ros_ur_driver/install/moveit_runtime:/home/d-lab/workspace/ros_ur_driver/install/moveit:/home/d-lab/workspace/ros_ur_driver/install/moveit_plugins:/home/d-lab/workspace/ros_ur_driver/install/moveit_simple_controller_manager:/home/d-lab/workspace/ros_ur_driver/install/moveit_servo:/home/d-lab/workspace/ros_ur_driver/install/moveit_ros:/home/d-lab/workspace/ros_ur_driver/install/moveit_ros_visualization:/home/d-lab/workspace/ros_ur_driver/install/moveit_ros_planning_interface:/home/d-lab/workspace/ros_ur_driver/install/moveit_ros_benchmarks:/home/d-lab/workspace/ros_ur_driver/install/moveit_ros_warehouse:/home/d-lab/workspace/ros_ur_driver/install/moveit_ros_robot_interaction:/home/d-lab/workspace/ros_ur_driver/install/moveit_ros_perception:/home/d-lab/workspace/ros_ur_driver/install/moveit_ros_move_group:/home/d-lab/workspace/ros_ur_driver/install/moveit_planners:/home/d-lab/workspace/ros_ur_driver/install/moveit_planners_ompl:/home/d-lab/workspace/ros_ur_driver/install/moveit_ros_planning:/home/d-lab/workspace/ros_ur_driver/install/moveit_ros_occupancy_map_monitor:/home/d-lab/workspace/ros_ur_driver/install/moveit_planners_chomp:/home/d-lab/workspace/ros_ur_driver/install/moveit_kinematics:/home/d-lab/workspace/ros_ur_driver/install/moveit_chomp_optimizer_adapter:/home/d-lab/workspace/ros_ur_driver/install/chomp_motion_planner:/home/d-lab/workspace/ros_ur_driver/install/moveit_core:/home/d-lab/workspace/ros_ur_driver/install/srdfdom:/home/d-lab/workspace/ros_ur_driver/install/ros2_control_demos:/home/d-lab/workspace/ros_ur_driver/install/ros2_control_demo_bringup:/home/d-lab/workspace/ros_ur_driver/install/rrbot_description:/home/d-lab/workspace/ros_ur_driver/install/ros2_control:/home/d-lab/workspace/ros_ur_driver/install/controller_manager:/home/d-lab/workspace/ros_ur_driver/install/ros2_control_test_assets:/home/d-lab/workspace/ros_ur_driver/install/ros2_control_demo_hardware:/home/d-lab/workspace/ros_ur_driver/install/position_controllers:/home/d-lab/workspace/ros_ur_driver/install/moveit_common:/home/d-lab/workspace/ros_ur_driver/install/joint_trajectory_controller:/home/d-lab/workspace/ros_ur_driver/install/joint_state_controller:/home/d-lab/workspace/ros_ur_driver/install/joint_state_broadcaster:/home/d-lab/workspace/ros_ur_driver/install/imu_sensor_broadcaster:/home/d-lab/workspace/ros_ur_driver/install/gripper_controllers:/home/d-lab/workspace/ros_ur_driver/install/effort_controllers:/home/d-lab/workspace/ros_ur_driver/install/forward_command_controller:/home/d-lab/workspace/ros_ur_driver/install/force_torque_sensor_broadcaster:/home/d-lab/workspace/ros_ur_driver/install/diff_drive_controller:/home/d-lab/workspace/ros_ur_driver/install/controller_interface:/home/d-lab/workspace/ros_ur_driver/install/diffbot_description:/home/d-lab/workspace/ros_ur_driver/install/controller_manager_msgs LD_LIBRARY_PATH=/home/d-lab/workspace/ros_ur_driver/install/hardware_interface/lib:/home/d-lab/workspace/ros_ur_driver/install/control_msgs/lib:/home/d-lab/workspace/ros_ur_driver/install/warehouse_ros_mongo/lib:/home/d-lab/workspace/ros_ur_driver/install/velocity_controllers/lib:/home/d-lab/workspace/ros_ur_driver/install/ur_robot_driver/lib:/home/d-lab/workspace/ros_ur_driver/install/ur_controllers/lib:/home/d-lab/workspace/ros_ur_driver/install/ur_msgs/lib:/home/d-lab/workspace/ros_ur_driver/install/ur_dashboard_msgs/lib:/home/d-lab/workspace/ros_ur_driver/install/ur_client_library/lib:/home/d-lab/workspace/ros_ur_driver/install/moveit_simple_controller_manager/lib:/home/d-lab/workspace/ros_ur_driver/install/moveit_servo/lib:/home/d-lab/workspace/ros_ur_driver/install/moveit_ros_visualization/lib:/home/d-lab/workspace/ros_ur_driver/install/moveit_ros_planning_interface/lib:/home/d-lab/workspace/ros_ur_driver/install/moveit_ros_benchmarks/lib:/home/d-lab/workspace/ros_ur_driver/install/moveit_ros_warehouse/lib:/home/d-lab/workspace/ros_ur_driver/install/moveit_ros_robot_interaction/lib:/home/d-lab/workspace/ros_ur_driver/install/moveit_ros_perception/lib:/home/d-lab/workspace/ros_ur_driver/install/moveit_ros_move_group/lib:/home/d-lab/workspace/ros_ur_driver/install/moveit_planners_ompl/lib:/home/d-lab/workspace/ros_ur_driver/install/moveit_ros_planning/lib:/home/d-lab/workspace/ros_ur_driver/install/moveit_ros_occupancy_map_monitor/lib:/home/d-lab/workspace/ros_ur_driver/install/moveit_planners_chomp/lib:/home/d-lab/workspace/ros_ur_driver/install/moveit_kinematics/lib:/home/d-lab/workspace/ros_ur_driver/install/moveit_chomp_optimizer_adapter/lib:/home/d-lab/workspace/ros_ur_driver/install/chomp_motion_planner/lib:/home/d-lab/workspace/ros_ur_driver/install/moveit_core/lib:/home/d-lab/workspace/ros_ur_driver/install/srdfdom/lib:/home/d-lab/workspace/ros_ur_driver/install/controller_manager/lib:/home/d-lab/workspace/ros_ur_driver/install/ros2_control_demo_hardware/lib:/home/d-lab/workspace/ros_ur_driver/install/position_controllers/lib:/home/d-lab/workspace/ros_ur_driver/install/joint_trajectory_controller/lib:/home/d-lab/workspace/ros_ur_driver/install/joint_state_controller/lib:/home/d-lab/workspace/ros_ur_driver/install/joint_state_broadcaster/lib:/home/d-lab/workspace/ros_ur_driver/install/imu_sensor_broadcaster/lib:/home/d-lab/workspace/ros_ur_driver/install/gripper_controllers/lib:/home/d-lab/workspace/ros_ur_driver/install/effort_controllers/lib:/home/d-lab/workspace/ros_ur_driver/install/forward_command_controller/lib:/home/d-lab/workspace/ros_ur_driver/install/force_torque_sensor_broadcaster/lib:/home/d-lab/workspace/ros_ur_driver/install/diff_drive_controller/lib:/home/d-lab/workspace/ros_ur_driver/install/controller_interface/lib:/home/d-lab/workspace/ros_ur_driver/install/controller_manager_msgs/lib:/opt/ros/foxy/opt/yaml_cpp_vendor/lib:/opt/ros/foxy/opt/rviz_ogre_vendor/lib:/opt/ros/foxy/lib/x86_64-linux-gnu:/opt/ros/foxy/lib PYTHONPATH=/home/d-lab/workspace/ros_ur_driver/install/control_msgs/lib/python3.8/site-packages:/home/d-lab/workspace/ros_ur_driver/install/warehouse_ros_mongo/lib/python3.8/site-packages:/home/d-lab/workspace/ros_ur_driver/install/ur_msgs/lib/python3.8/site-packages:/home/d-lab/workspace/ros_ur_driver/install/ur_dashboard_msgs/lib/python3.8/site-packages:/home/d-lab/workspace/ros_ur_driver/install/srdfdom/lib/python3.8/site-packages:/home/d-lab/workspace/ros_ur_driver/install/ros2controlcli/lib/python3.8/site-packages:/home/d-lab/workspace/ros_ur_driver/install/ros2_control_test_nodes/lib/python3.8/site-packages:/home/d-lab/workspace/ros_ur_driver/install/controller_manager/lib/python3.8/site-packages:/home/d-lab/workspace/ros_ur_driver/install/controller_manager_msgs/lib/python3.8/site-packages:/opt/ros/foxy/lib/python3.8/site-packages /usr/bin/cmake --build /home/d-lab/workspace/ros_ur_driver/build/transmission_interface -- -j16 -l16
[0.075s] [ 18%] Built target gmock_main
[0.079s] [ 45%] Built target gmock
[0.103s] [ 63%] Built target test_four_bar_linkage_transmission
[0.104s] [ 81%] Built target test_differential_transmission
[0.106s] [100%] Built target test_simple_transmission
[0.116s] Invoked command in '/home/d-lab/workspace/ros_ur_driver/build/transmission_interface' returned '0': CMAKE_PREFIX_PATH=/home/d-lab/workspace/ros_ur_driver/install/hardware_interface:/home/d-lab/workspace/ros_ur_driver/install/control_msgs:/home/d-lab/workspace/ros_ur_driver/install/ros2controlcli:/home/d-lab/workspace/ros_ur_driver/install/ros2_control_test_nodes:/opt/ros/foxy:/home/d-lab/workspace/ros_ur_driver/install/robotiq_description:/home/d-lab/workspace/ros_ur_driver/install/run_ompl_constrained_planning:/home/d-lab/workspace/ros_ur_driver/install/run_moveit_cpp:/home/d-lab/workspace/ros_ur_driver/install/run_move_group:/home/d-lab/workspace/ros_ur_driver/install/warehouse_ros_mongo:/home/d-lab/workspace/ros_ur_driver/install/ros2_controllers:/home/d-lab/workspace/ros_ur_driver/install/velocity_controllers:/home/d-lab/workspace/ros_ur_driver/install/ur_robot_driver:/home/d-lab/workspace/ros_ur_driver/install/ur_controllers:/home/d-lab/workspace/ros_ur_driver/install/ur_msgs:/home/d-lab/workspace/ros_ur_driver/install/ur_moveit_config:/home/d-lab/workspace/ros_ur_driver/install/ur_description:/home/d-lab/workspace/ros_ur_driver/install/ur_dashboard_msgs:/home/d-lab/workspace/ros_ur_driver/install/ur_client_library:/home/d-lab/workspace/ros_ur_driver/install/ur_bringup:/home/d-lab/workspace/ros_ur_driver/install/transmission_interface:/home/d-lab/workspace/ros_ur_driver/install/moveit_runtime:/home/d-lab/workspace/ros_ur_driver/install/moveit:/home/d-lab/workspace/ros_ur_driver/install/moveit_plugins:/home/d-lab/workspace/ros_ur_driver/install/moveit_simple_controller_manager:/home/d-lab/workspace/ros_ur_driver/install/moveit_servo:/home/d-lab/workspace/ros_ur_driver/install/moveit_ros:/home/d-lab/workspace/ros_ur_driver/install/moveit_ros_visualization:/home/d-lab/workspace/ros_ur_driver/install/moveit_ros_planning_interface:/home/d-lab/workspace/ros_ur_driver/install/moveit_ros_benchmarks:/home/d-lab/workspace/ros_ur_driver/install/moveit_ros_warehouse:/home/d-lab/workspace/ros_ur_driver/install/moveit_ros_robot_interaction:/home/d-lab/workspace/ros_ur_driver/install/moveit_ros_perception:/home/d-lab/workspace/ros_ur_driver/install/moveit_ros_move_group:/home/d-lab/workspace/ros_ur_driver/install/moveit_planners:/home/d-lab/workspace/ros_ur_driver/install/moveit_planners_ompl:/home/d-lab/workspace/ros_ur_driver/install/moveit_ros_planning:/home/d-lab/workspace/ros_ur_driver/install/moveit_ros_occupancy_map_monitor:/home/d-lab/workspace/ros_ur_driver/install/moveit_planners_chomp:/home/d-lab/workspace/ros_ur_driver/install/moveit_kinematics:/home/d-lab/workspace/ros_ur_driver/install/moveit_chomp_optimizer_adapter:/home/d-lab/workspace/ros_ur_driver/install/chomp_motion_planner:/home/d-lab/workspace/ros_ur_driver/install/moveit_core:/home/d-lab/workspace/ros_ur_driver/install/srdfdom:/home/d-lab/workspace/ros_ur_driver/install/ros2_control_demos:/home/d-lab/workspace/ros_ur_driver/install/ros2_control_demo_bringup:/home/d-lab/workspace/ros_ur_driver/install/rrbot_description:/home/d-lab/workspace/ros_ur_driver/install/ros2_control:/home/d-lab/workspace/ros_ur_driver/install/controller_manager:/home/d-lab/workspace/ros_ur_driver/install/ros2_control_test_assets:/home/d-lab/workspace/ros_ur_driver/install/ros2_control_demo_hardware:/home/d-lab/workspace/ros_ur_driver/install/position_controllers:/home/d-lab/workspace/ros_ur_driver/install/moveit_common:/home/d-lab/workspace/ros_ur_driver/install/joint_trajectory_controller:/home/d-lab/workspace/ros_ur_driver/install/joint_state_controller:/home/d-lab/workspace/ros_ur_driver/install/joint_state_broadcaster:/home/d-lab/workspace/ros_ur_driver/install/imu_sensor_broadcaster:/home/d-lab/workspace/ros_ur_driver/install/gripper_controllers:/home/d-lab/workspace/ros_ur_driver/install/effort_controllers:/home/d-lab/workspace/ros_ur_driver/install/forward_command_controller:/home/d-lab/workspace/ros_ur_driver/install/force_torque_sensor_broadcaster:/home/d-lab/workspace/ros_ur_driver/install/diff_drive_controller:/home/d-lab/workspace/ros_ur_driver/install/controller_interface:/home/d-lab/workspace/ros_ur_driver/install/diffbot_description:/home/d-lab/workspace/ros_ur_driver/install/controller_manager_msgs LD_LIBRARY_PATH=/home/d-lab/workspace/ros_ur_driver/install/hardware_interface/lib:/home/d-lab/workspace/ros_ur_driver/install/control_msgs/lib:/home/d-lab/workspace/ros_ur_driver/install/warehouse_ros_mongo/lib:/home/d-lab/workspace/ros_ur_driver/install/velocity_controllers/lib:/home/d-lab/workspace/ros_ur_driver/install/ur_robot_driver/lib:/home/d-lab/workspace/ros_ur_driver/install/ur_controllers/lib:/home/d-lab/workspace/ros_ur_driver/install/ur_msgs/lib:/home/d-lab/workspace/ros_ur_driver/install/ur_dashboard_msgs/lib:/home/d-lab/workspace/ros_ur_driver/install/ur_client_library/lib:/home/d-lab/workspace/ros_ur_driver/install/moveit_simple_controller_manager/lib:/home/d-lab/workspace/ros_ur_driver/install/moveit_servo/lib:/home/d-lab/workspace/ros_ur_driver/install/moveit_ros_visualization/lib:/home/d-lab/workspace/ros_ur_driver/install/moveit_ros_planning_interface/lib:/home/d-lab/workspace/ros_ur_driver/install/moveit_ros_benchmarks/lib:/home/d-lab/workspace/ros_ur_driver/install/moveit_ros_warehouse/lib:/home/d-lab/workspace/ros_ur_driver/install/moveit_ros_robot_interaction/lib:/home/d-lab/workspace/ros_ur_driver/install/moveit_ros_perception/lib:/home/d-lab/workspace/ros_ur_driver/install/moveit_ros_move_group/lib:/home/d-lab/workspace/ros_ur_driver/install/moveit_planners_ompl/lib:/home/d-lab/workspace/ros_ur_driver/install/moveit_ros_planning/lib:/home/d-lab/workspace/ros_ur_driver/install/moveit_ros_occupancy_map_monitor/lib:/home/d-lab/workspace/ros_ur_driver/install/moveit_planners_chomp/lib:/home/d-lab/workspace/ros_ur_driver/install/moveit_kinematics/lib:/home/d-lab/workspace/ros_ur_driver/install/moveit_chomp_optimizer_adapter/lib:/home/d-lab/workspace/ros_ur_driver/install/chomp_motion_planner/lib:/home/d-lab/workspace/ros_ur_driver/install/moveit_core/lib:/home/d-lab/workspace/ros_ur_driver/install/srdfdom/lib:/home/d-lab/workspace/ros_ur_driver/install/controller_manager/lib:/home/d-lab/workspace/ros_ur_driver/install/ros2_control_demo_hardware/lib:/home/d-lab/workspace/ros_ur_driver/install/position_controllers/lib:/home/d-lab/workspace/ros_ur_driver/install/joint_trajectory_controller/lib:/home/d-lab/workspace/ros_ur_driver/install/joint_state_controller/lib:/home/d-lab/workspace/ros_ur_driver/install/joint_state_broadcaster/lib:/home/d-lab/workspace/ros_ur_driver/install/imu_sensor_broadcaster/lib:/home/d-lab/workspace/ros_ur_driver/install/gripper_controllers/lib:/home/d-lab/workspace/ros_ur_driver/install/effort_controllers/lib:/home/d-lab/workspace/ros_ur_driver/install/forward_command_controller/lib:/home/d-lab/workspace/ros_ur_driver/install/force_torque_sensor_broadcaster/lib:/home/d-lab/workspace/ros_ur_driver/install/diff_drive_controller/lib:/home/d-lab/workspace/ros_ur_driver/install/controller_interface/lib:/home/d-lab/workspace/ros_ur_driver/install/controller_manager_msgs/lib:/opt/ros/foxy/opt/yaml_cpp_vendor/lib:/opt/ros/foxy/opt/rviz_ogre_vendor/lib:/opt/ros/foxy/lib/x86_64-linux-gnu:/opt/ros/foxy/lib PYTHONPATH=/home/d-lab/workspace/ros_ur_driver/install/control_msgs/lib/python3.8/site-packages:/home/d-lab/workspace/ros_ur_driver/install/warehouse_ros_mongo/lib/python3.8/site-packages:/home/d-lab/workspace/ros_ur_driver/install/ur_msgs/lib/python3.8/site-packages:/home/d-lab/workspace/ros_ur_driver/install/ur_dashboard_msgs/lib/python3.8/site-packages:/home/d-lab/workspace/ros_ur_driver/install/srdfdom/lib/python3.8/site-packages:/home/d-lab/workspace/ros_ur_driver/install/ros2controlcli/lib/python3.8/site-packages:/home/d-lab/workspace/ros_ur_driver/install/ros2_control_test_nodes/lib/python3.8/site-packages:/home/d-lab/workspace/ros_ur_driver/install/controller_manager/lib/python3.8/site-packages:/home/d-lab/workspace/ros_ur_driver/install/controller_manager_msgs/lib/python3.8/site-packages:/opt/ros/foxy/lib/python3.8/site-packages /usr/bin/cmake --build /home/d-lab/workspace/ros_ur_driver/build/transmission_interface -- -j16 -l16
[0.154s] Traceback (most recent call last):
  File "/usr/lib/python3/dist-packages/colcon_parallel_executor/executor/parallel.py", line 67, in execute
    loop.run_until_complete(future)
  File "/usr/lib/python3.8/asyncio/base_events.py", line 603, in run_until_complete
    self.run_forever()
  File "/usr/lib/python3.8/asyncio/base_events.py", line 570, in run_forever
    self._run_once()
  File "/usr/lib/python3.8/asyncio/base_events.py", line 1823, in _run_once
    event_list = self._selector.select(timeout)
  File "/usr/lib/python3.8/selectors.py", line 468, in select
    fd_event_list = self._selector.poll(timeout, max_ev)
KeyboardInterrupt

During handling of the above exception, another exception occurred:

Traceback (most recent call last):
  File "/usr/lib/python3/dist-packages/colcon_core/executor/__init__.py", line 91, in __call__
    rc = await self.task(*args, **kwargs)
  File "/usr/lib/python3/dist-packages/colcon_core/task/__init__.py", line 93, in __call__
    return await task_method(*args, **kwargs)
  File "/usr/lib/python3/dist-packages/colcon_ros/task/ament_cmake/build.py", line 59, in build
    rc = await extension.build(
  File "/usr/lib/python3/dist-packages/colcon_cmake/task/cmake/build.py", line 110, in build
    if await has_target(args.build_base, 'install'):
  File "/usr/lib/python3/dist-packages/colcon_cmake/task/cmake/__init__.py", line 57, in has_target
    return target in await get_makefile_targets(path)
  File "/usr/lib/python3/dist-packages/colcon_cmake/task/cmake/__init__.py", line 77, in get_makefile_targets
    output = await check_output([
  File "/usr/lib/python3/dist-packages/colcon_core/subprocess.py", line 128, in check_output
    assert not rc, f'Expected {args} to pass: {stderr_data}'
AssertionError: Expected ['/usr/bin/cmake', '--build', '/home/d-lab/workspace/ros_ur_driver/build/transmission_interface', '--target', 'help'] to pass: make: *** [Makefile:390: help] Interrupt

