[0.229s] Invoking command in '/home/d-lab/workspace/ros_ur_driver/build/move_arm_cpp': CMAKE_PREFIX_PATH=/home/d-lab/workspace/ros_ur_driver/install/action_tutorials_cpp:/home/d-lab/workspace/ros_ur_driver/install/move_arm_interfaces:/home/d-lab/workspace/ros_ur_driver/install/run_ompl_constrained_planning:/home/d-lab/workspace/ros_ur_driver/install/run_moveit_cpp:/home/d-lab/workspace/ros_ur_driver/install/run_move_group:/home/d-lab/workspace/ros_ur_driver/install/warehouse_ros_mongo:/home/d-lab/workspace/ros_ur_driver/install/ros2_controllers:/home/d-lab/workspace/ros_ur_driver/install/velocity_controllers:/home/d-lab/workspace/ros_ur_driver/install/ur_robot_driver:/home/d-lab/workspace/ros_ur_driver/install/ur_controllers:/home/d-lab/workspace/ros_ur_driver/install/ur_msgs:/home/d-lab/workspace/ros_ur_driver/install/ur_moveit_config:/home/d-lab/workspace/ros_ur_driver/install/ur_description:/home/d-lab/workspace/ros_ur_driver/install/ur_dashboard_msgs:/home/d-lab/workspace/ros_ur_driver/install/ur_client_library:/home/d-lab/workspace/ros_ur_driver/install/ur_bringup:/home/d-lab/workspace/ros_ur_driver/install/ur5_robotiq_moveit_config:/home/d-lab/workspace/ros_ur_driver/install/transmission_interface:/home/d-lab/workspace/ros_ur_driver/install/srdfdom:/home/d-lab/workspace/ros_ur_driver/install/move_arm:/home/d-lab/workspace/ros_ur_driver/install/moveit_visual_tools:/home/d-lab/workspace/ros_ur_driver/install/rviz_visual_tools:/home/d-lab/workspace/ros_ur_driver/install/ros2_control_demos:/home/d-lab/workspace/ros_ur_driver/install/ros2_control_demo_bringup:/home/d-lab/workspace/ros_ur_driver/install/rrbot_description:/home/d-lab/workspace/ros_ur_driver/install/ros2_control:/home/d-lab/workspace/ros_ur_driver/install/utils:/home/d-lab/workspace/ros_ur_driver/install/ros2controlcli:/home/d-lab/workspace/ros_ur_driver/install/ros2_control_test_nodes:/home/d-lab/workspace/ros_ur_driver/install/robotiq_control:/home/d-lab/workspace/ros_ur_driver/install/gripper_control:/opt/ros/foxy:/home/d-lab/workspace/ros_ur_driver/install/cartesian_controller_examples:/home/d-lab/workspace/ros_ur_driver/install/controller_manager:/home/d-lab/workspace/ros_ur_driver/install/ros2_control_test_assets:/home/d-lab/workspace/ros_ur_driver/install/ros2_control_demo_hardware:/home/d-lab/workspace/ros_ur_driver/install/robotiq_description:/home/d-lab/workspace/ros_ur_driver/install/position_controllers:/home/d-lab/workspace/ros_ur_driver/install/move_arm_cpp:/home/d-lab/workspace/ros_ur_driver/install/move_arm_interface:/home/d-lab/workspace/ros_ur_driver/install/joint_trajectory_controller:/home/d-lab/workspace/ros_ur_driver/install/joint_state_controller:/home/d-lab/workspace/ros_ur_driver/install/joint_state_broadcaster:/home/d-lab/workspace/ros_ur_driver/install/imu_sensor_broadcaster:/home/d-lab/workspace/ros_ur_driver/install/gripper_controllers:/home/d-lab/workspace/ros_ur_driver/install/effort_controllers:/home/d-lab/workspace/ros_ur_driver/install/forward_command_controller:/home/d-lab/workspace/ros_ur_driver/install/force_torque_sensor_broadcaster:/home/d-lab/workspace/ros_ur_driver/install/diff_drive_controller:/home/d-lab/workspace/ros_ur_driver/install/cartesian_compliance_controller:/home/d-lab/workspace/ros_ur_driver/install/cartesian_motion_controller:/home/d-lab/workspace/ros_ur_driver/install/cartesian_force_controller:/home/d-lab/workspace/ros_ur_driver/install/cartesian_controller_handles:/home/d-lab/workspace/ros_ur_driver/install/cartesian_controller_base:/home/d-lab/workspace/ros_ur_driver/install/controller_interface:/home/d-lab/workspace/ros_ur_driver/install/hardware_interface:/home/d-lab/workspace/ros_ur_driver/install/graph_msgs:/home/d-lab/workspace/ros_ur_driver/install/filters:/home/d-lab/workspace/ros_ur_driver/install/eigen3_cmake_module:/home/d-lab/workspace/ros_ur_driver/install/diffbot_description:/home/d-lab/workspace/ros_ur_driver/install/controller_manager_msgs:/home/d-lab/workspace/ros_ur_driver/install/control_msgs:/home/d-lab/workspace/ros_ur_driver/install/chomp_motion_planner:/home/d-lab/workspace/ros_ur_driver/install/action_tutorials_interfaces /usr/bin/cmake --build /home/d-lab/workspace/ros_ur_driver/build/move_arm_cpp -- -j16 -l16
[0.261s] -- Found ament_cmake: 0.9.9 (/opt/ros/foxy/share/ament_cmake/cmake)
[0.289s] -- Using PYTHON_EXECUTABLE: /usr/bin/python3
[0.444s] -- Found move_arm_interfaces: 0.0.0 (/home/d-lab/workspace/ros_ur_driver/install/move_arm_interfaces/share/move_arm_interfaces/cmake)
[0.471s] -- Using all available rosidl_typesupport_c: rosidl_typesupport_fastrtps_c;rosidl_typesupport_introspection_c
[0.472s] -- Found rosidl_adapter: 1.2.1 (/opt/ros/foxy/share/rosidl_adapter/cmake)
[0.610s] -- Using all available rosidl_typesupport_cpp: rosidl_typesupport_fastrtps_cpp;rosidl_typesupport_introspection_cpp
[0.697s] -- Found rclcpp: 2.4.1 (/opt/ros/foxy/share/rclcpp/cmake)
[0.731s] -- Found rmw_implementation_cmake: 1.0.3 (/opt/ros/foxy/share/rmw_implementation_cmake/cmake)
[0.745s] -- Using RMW implementation 'rmw_fastrtps_cpp' as default
[0.834s] -- Found rclcpp_action: 2.4.1 (/opt/ros/foxy/share/rclcpp_action/cmake)
[0.858s] -- Found rclcpp_components: 2.4.1 (/opt/ros/foxy/share/rclcpp_components/cmake)
[0.924s] -- Found ament_lint_auto: 0.9.6 (/opt/ros/foxy/share/ament_lint_auto/cmake)
[1.000s] -- Added test 'copyright' to check source files copyright and LICENSE
[1.001s] -- Added test 'cppcheck' to perform static code analysis on C / C++ code
[1.001s] -- Configured cppcheck include dirs: $<BUILD_INTERFACE:/home/d-lab/workspace/ros_ur_driver/src/move_arm_cpp/include>
[1.001s] -- Configured cppcheck exclude dirs and/or files: 
[1.001s] -- Added test 'cpplint' to check C / C++ code against the Google style
[1.001s] -- Configured cpplint exclude dirs and/or files: 
[1.002s] -- Added test 'lint_cmake' to check CMake code style
[1.002s] -- Added test 'uncrustify' to check C / C++ code style
[1.002s] -- Configured uncrustify additional arguments: 
[1.002s] -- Added test 'xmllint' to check XML markup files
[1.005s] -- Configuring done
[1.018s] -- Generating done
[1.019s] -- Build files have been written to: /home/d-lab/workspace/ros_ur_driver/build/move_arm_cpp
[1.043s] [35m[1mScanning dependencies of target move_arm_client[0m
[1.046s] [35m[1mScanning dependencies of target action_client[0m
[1.069s] [ 25%] Built target move_arm_server
[1.074s] [ 50%] Built target action_server
[1.079s] [ 62%] [32mBuilding CXX object CMakeFiles/move_arm_client.dir/rclcpp_components/node_main_move_arm_client.cpp.o[0m
[1.080s] [ 75%] [32mBuilding CXX object CMakeFiles/action_client.dir/src/move_arm_client.cpp.o[0m
[2.009s] [01m[K/home/d-lab/workspace/ros_ur_driver/src/move_arm_cpp/src/move_arm_client.cpp:21:69:[m[K [01;31m[Kerror: [m[KISO C++ forbids declaration of â€˜[01m[KFibonacciActionClient[m[Kâ€™ with no type [[01;31m[K-fpermissive[m[K]
[2.009s]    21 |   explicit FibonacciActionClient(const rclcpp::NodeOptions & options[01;31m[K)[m[K
[2.010s]       |                                                                     [01;31m[K^[m[K
[2.010s] [01m[K/home/d-lab/workspace/ros_ur_driver/src/move_arm_cpp/src/move_arm_client.cpp:21:3:[m[K [01;31m[Kerror: [m[Konly declarations of constructors and conversion operators can be â€˜[01m[Kexplicit[m[Kâ€™
[2.010s]    21 |   [01;31m[Kexplicit[m[K FibonacciActionClient(const rclcpp::NodeOptions & options)
[2.010s]       |   [01;31m[K^~~~~~~~[m[K
[2.019s] [01m[K/home/d-lab/workspace/ros_ur_driver/src/move_arm_cpp/src/move_arm_client.cpp:[m[K In member function â€˜[01m[Kint action_tutorials_cpp::MoveArmClient::FibonacciActionClient(const rclcpp::NodeOptions&)[m[Kâ€™:
[2.019s] [01m[K/home/d-lab/workspace/ros_ur_driver/src/move_arm_cpp/src/move_arm_client.cpp:22:5:[m[K [01;31m[Kerror: [m[Konly constructors take member initializers
[2.019s]    22 |   : [01;31m[KNode[m[K("move_arm_action_client", options)
[2.019s]       |     [01;31m[K^~~~[m[K
[2.019s] [01m[K/home/d-lab/workspace/ros_ur_driver/src/move_arm_cpp/src/move_arm_client.cpp:30:18:[m[K [01;31m[Kerror: [m[Kâ€˜[01m[KFibonacciActionClient[m[Kâ€™ is not a class, namespace, or enumeration
[2.019s]    30 |       std::bind(&[01;31m[KFibonacciActionClient[m[K::send_goal, this));
[2.019s]       |                  [01;31m[K^~~~~~~~~~~~~~~~~~~~~[m[K
[2.019s] [01m[K/home/d-lab/workspace/ros_ur_driver/src/move_arm_cpp/src/move_arm_client.cpp:31:3:[m[K [01;35m[Kwarning: [m[Kno return statement in function returning non-void [[01;35m[K-Wreturn-type[m[K]
[2.019s]    31 |   [01;35m[K}[m[K
[2.019s]       |   [01;35m[K^[m[K
[2.021s] [01m[K/home/d-lab/workspace/ros_ur_driver/src/move_arm_cpp/src/move_arm_client.cpp:[m[K In member function â€˜[01m[Kvoid action_tutorials_cpp::MoveArmClient::send_goal()[m[Kâ€™:
[2.021s] [01m[K/home/d-lab/workspace/ros_ur_driver/src/move_arm_cpp/src/move_arm_client.cpp:51:18:[m[K [01;31m[Kerror: [m[Kâ€˜[01m[KFibonacciActionClient[m[Kâ€™ is not a class, namespace, or enumeration
[2.021s]    51 |       std::bind(&[01;31m[KFibonacciActionClient[m[K::goal_response_callback, this, _1);
[2.021s]       |                  [01;31m[K^~~~~~~~~~~~~~~~~~~~~[m[K
[2.021s] [01m[K/home/d-lab/workspace/ros_ur_driver/src/move_arm_cpp/src/move_arm_client.cpp:53:18:[m[K [01;31m[Kerror: [m[Kâ€˜[01m[KFibonacciActionClient[m[Kâ€™ is not a class, namespace, or enumeration
[2.021s]    53 |       std::bind(&[01;31m[KFibonacciActionClient[m[K::feedback_callback, this, _1, _2);
[2.021s]       |                  [01;31m[K^~~~~~~~~~~~~~~~~~~~~[m[K
[2.021s] [01m[K/home/d-lab/workspace/ros_ur_driver/src/move_arm_cpp/src/move_arm_client.cpp:55:18:[m[K [01;31m[Kerror: [m[Kâ€˜[01m[KFibonacciActionClient[m[Kâ€™ is not a class, namespace, or enumeration
[2.021s]    55 |       std::bind(&[01;31m[KFibonacciActionClient[m[K::result_callback, this, _1);
[2.021s]       |                  [01;31m[K^~~~~~~~~~~~~~~~~~~~~[m[K
[2.032s] In file included from [01m[K/opt/ros/foxy/include/class_loader/class_loader.hpp:56[m[K,
[2.032s]                  from [01m[K/opt/ros/foxy/include/rclcpp_components/register_node_macro.hpp:18[m[K,
[2.032s]                  from [01m[K/home/d-lab/workspace/ros_ur_driver/src/move_arm_cpp/src/move_arm_client.cpp:11[m[K:
[2.032s] [01m[K/home/d-lab/workspace/ros_ur_driver/src/move_arm_cpp/src/move_arm_client.cpp:[m[K At global scope:
[2.032s] [01m[K/home/d-lab/workspace/ros_ur_driver/src/move_arm_cpp/src/move_arm_client.cpp:112:55:[m[K [01;31m[Kerror: [m[Kâ€˜[01m[KFibonacciActionClient[m[Kâ€™ is not a member of â€˜[01m[Kaction_tutorials_cpp[m[Kâ€™
[2.032s]   112 | RCLCPP_COMPONENTS_REGISTER_NODE(action_tutorials_cpp::[01;31m[KFibonacciActionClient[m[K)
[2.032s]       |                                                       [01;31m[K^~~~~~~~~~~~~~~~~~~~~[m[K
[2.032s] [01m[K/home/d-lab/workspace/ros_ur_driver/src/move_arm_cpp/src/move_arm_client.cpp:112:55:[m[K [01;31m[Kerror: [m[Kâ€˜[01m[KFibonacciActionClient[m[Kâ€™ is not a member of â€˜[01m[Kaction_tutorials_cpp[m[Kâ€™
[2.032s] [01m[K/home/d-lab/workspace/ros_ur_driver/src/move_arm_cpp/src/move_arm_client.cpp:112:1:[m[K [01;31m[Kerror: [m[Ktemplate argument 1 is invalid
[2.033s]   112 | [01;31m[KRCLCPP_COMPONENTS_REGISTER_NODE[m[K(action_tutorials_cpp::FibonacciActionClient)
[2.033s]       | [01;31m[K^~~~~~~~~~~~~~~~~~~~~~~~~~~~~~~[m[K
[2.486s] [ 87%] [32m[1mLinking CXX executable move_arm_client[0m
[2.517s] In file included from [01m[K/opt/ros/foxy/include/class_loader/class_loader_core.hpp:57[m[K,
[2.517s]                  from [01m[K/opt/ros/foxy/include/class_loader/class_loader.hpp:55[m[K,
[2.518s]                  from [01m[K/opt/ros/foxy/include/rclcpp_components/register_node_macro.hpp:18[m[K,
[2.518s]                  from [01m[K/home/d-lab/workspace/ros_ur_driver/src/move_arm_cpp/src/move_arm_client.cpp:11[m[K:
[2.518s] /opt/ros/foxy/include/class_loader/meta_object.hpp: In instantiation of â€˜[01m[KB* class_loader::impl::MetaObject<C, B>::create() const [with C = int; B = rclcpp_components::NodeFactory][m[Kâ€™:
[2.518s] [01m[K/opt/ros/foxy/include/class_loader/meta_object.hpp:216:7:[m[K   required from here
[2.518s] [01m[K/opt/ros/foxy/include/class_loader/meta_object.hpp:218:12:[m[K [01;31m[Kerror: [m[Kcannot convert â€˜[01m[Kint*[m[Kâ€™ to â€˜[01m[Krclcpp_components::NodeFactory*[m[Kâ€™ in return
[2.518s]   218 |     return [01;31m[Knew C[m[K;
[2.518s]       |            [01;31m[K^~~~~[m[K
[2.518s]       |            [01;31m[K|[m[K
[2.518s]       |            [01;31m[Kint*[m[K
[2.574s] [ 87%] Built target move_arm_client
[2.607s] make[2]: *** [CMakeFiles/action_client.dir/build.make:63: CMakeFiles/action_client.dir/src/move_arm_client.cpp.o] Error 1
[2.607s] make[1]: *** [CMakeFiles/Makefile2:111: CMakeFiles/action_client.dir/all] Error 2
[2.607s] make: *** [Makefile:141: all] Error 2
[2.610s] Invoked command in '/home/d-lab/workspace/ros_ur_driver/build/move_arm_cpp' returned '2': CMAKE_PREFIX_PATH=/home/d-lab/workspace/ros_ur_driver/install/action_tutorials_cpp:/home/d-lab/workspace/ros_ur_driver/install/move_arm_interfaces:/home/d-lab/workspace/ros_ur_driver/install/run_ompl_constrained_planning:/home/d-lab/workspace/ros_ur_driver/install/run_moveit_cpp:/home/d-lab/workspace/ros_ur_driver/install/run_move_group:/home/d-lab/workspace/ros_ur_driver/install/warehouse_ros_mongo:/home/d-lab/workspace/ros_ur_driver/install/ros2_controllers:/home/d-lab/workspace/ros_ur_driver/install/velocity_controllers:/home/d-lab/workspace/ros_ur_driver/install/ur_robot_driver:/home/d-lab/workspace/ros_ur_driver/install/ur_controllers:/home/d-lab/workspace/ros_ur_driver/install/ur_msgs:/home/d-lab/workspace/ros_ur_driver/install/ur_moveit_config:/home/d-lab/workspace/ros_ur_driver/install/ur_description:/home/d-lab/workspace/ros_ur_driver/install/ur_dashboard_msgs:/home/d-lab/workspace/ros_ur_driver/install/ur_client_library:/home/d-lab/workspace/ros_ur_driver/install/ur_bringup:/home/d-lab/workspace/ros_ur_driver/install/ur5_robotiq_moveit_config:/home/d-lab/workspace/ros_ur_driver/install/transmission_interface:/home/d-lab/workspace/ros_ur_driver/install/srdfdom:/home/d-lab/workspace/ros_ur_driver/install/move_arm:/home/d-lab/workspace/ros_ur_driver/install/moveit_visual_tools:/home/d-lab/workspace/ros_ur_driver/install/rviz_visual_tools:/home/d-lab/workspace/ros_ur_driver/install/ros2_control_demos:/home/d-lab/workspace/ros_ur_driver/install/ros2_control_demo_bringup:/home/d-lab/workspace/ros_ur_driver/install/rrbot_description:/home/d-lab/workspace/ros_ur_driver/install/ros2_control:/home/d-lab/workspace/ros_ur_driver/install/utils:/home/d-lab/workspace/ros_ur_driver/install/ros2controlcli:/home/d-lab/workspace/ros_ur_driver/install/ros2_control_test_nodes:/home/d-lab/workspace/ros_ur_driver/install/robotiq_control:/home/d-lab/workspace/ros_ur_driver/install/gripper_control:/opt/ros/foxy:/home/d-lab/workspace/ros_ur_driver/install/cartesian_controller_examples:/home/d-lab/workspace/ros_ur_driver/install/controller_manager:/home/d-lab/workspace/ros_ur_driver/install/ros2_control_test_assets:/home/d-lab/workspace/ros_ur_driver/install/ros2_control_demo_hardware:/home/d-lab/workspace/ros_ur_driver/install/robotiq_description:/home/d-lab/workspace/ros_ur_driver/install/position_controllers:/home/d-lab/workspace/ros_ur_driver/install/move_arm_cpp:/home/d-lab/workspace/ros_ur_driver/install/move_arm_interface:/home/d-lab/workspace/ros_ur_driver/install/joint_trajectory_controller:/home/d-lab/workspace/ros_ur_driver/install/joint_state_controller:/home/d-lab/workspace/ros_ur_driver/install/joint_state_broadcaster:/home/d-lab/workspace/ros_ur_driver/install/imu_sensor_broadcaster:/home/d-lab/workspace/ros_ur_driver/install/gripper_controllers:/home/d-lab/workspace/ros_ur_driver/install/effort_controllers:/home/d-lab/workspace/ros_ur_driver/install/forward_command_controller:/home/d-lab/workspace/ros_ur_driver/install/force_torque_sensor_broadcaster:/home/d-lab/workspace/ros_ur_driver/install/diff_drive_controller:/home/d-lab/workspace/ros_ur_driver/install/cartesian_compliance_controller:/home/d-lab/workspace/ros_ur_driver/install/cartesian_motion_controller:/home/d-lab/workspace/ros_ur_driver/install/cartesian_force_controller:/home/d-lab/workspace/ros_ur_driver/install/cartesian_controller_handles:/home/d-lab/workspace/ros_ur_driver/install/cartesian_controller_base:/home/d-lab/workspace/ros_ur_driver/install/controller_interface:/home/d-lab/workspace/ros_ur_driver/install/hardware_interface:/home/d-lab/workspace/ros_ur_driver/install/graph_msgs:/home/d-lab/workspace/ros_ur_driver/install/filters:/home/d-lab/workspace/ros_ur_driver/install/eigen3_cmake_module:/home/d-lab/workspace/ros_ur_driver/install/diffbot_description:/home/d-lab/workspace/ros_ur_driver/install/controller_manager_msgs:/home/d-lab/workspace/ros_ur_driver/install/control_msgs:/home/d-lab/workspace/ros_ur_driver/install/chomp_motion_planner:/home/d-lab/workspace/ros_ur_driver/install/action_tutorials_interfaces /usr/bin/cmake --build /home/d-lab/workspace/ros_ur_driver/build/move_arm_cpp -- -j16 -l16
