[0.221s] Invoking command in '/home/d-lab/workspace/ros_ur_driver/build/move_arm': CMAKE_PREFIX_PATH=${CMAKE_PREFIX_PATH}:/home/d-lab/workspace/ros_ur_driver/install/utils:/home/d-lab/workspace/ros_ur_driver/install/ros2controlcli:/home/d-lab/workspace/ros_ur_driver/install/ros2_control_test_nodes:/home/d-lab/workspace/ros_ur_driver/install/robotiq_control:/home/d-lab/workspace/ros_ur_driver/install/gripper_control:/opt/ros/foxy /usr/bin/cmake --build /home/d-lab/workspace/ros_ur_driver/build/move_arm -- -j16 -l16
[0.418s] [35m[1mScanning dependencies of target move_to_point[0m
[0.418s] [ 50%] [32mBuilding CXX object CMakeFiles/move_to_point.dir/src/move_to_point.cpp.o[0m
[2.591s] [01m[K/home/d-lab/workspace/ros_ur_driver/src/move_arm/src/move_to_point.cpp:[m[K In function â€˜[01m[Kint main(int, char**)[m[Kâ€™:
[2.591s] [01m[K/home/d-lab/workspace/ros_ur_driver/src/move_arm/src/move_to_point.cpp:68:3:[m[K [01;31m[Kerror: [m[Kâ€˜[01m[Kmove_group[m[Kâ€™ was not declared in this scope; did you mean â€˜[01m[Kmove_group_node[m[Kâ€™?
[2.591s]    68 |   [01;31m[Kmove_group[m[K.getCurrentState()->copyJointGroupPositions(move_group.getCurrentState()->getRobotModel()->getJointModelGroup(move_group.getName()), group_variable_values);
[2.592s]       |   [01;31m[K^~~~~~~~~~[m[K
[2.592s]       |   [32m[Kmove_group_node[m[K
[2.593s] [01m[K/home/d-lab/workspace/ros_ur_driver/src/move_arm/src/move_to_point.cpp:93:40:[m[K [01;35m[Kwarning: [m[Kunused variable â€˜[01m[Kjoint_model_group[m[Kâ€™ [[01;35m[K-Wunused-variable[m[K]
[2.593s]    93 |   const moveit::core::JointModelGroup* [01;35m[Kjoint_model_group[m[K =
[2.593s]       |                                        [01;35m[K^~~~~~~~~~~~~~~~~[m[K
[4.074s] make[2]: *** [CMakeFiles/move_to_point.dir/build.make:63: CMakeFiles/move_to_point.dir/src/move_to_point.cpp.o] Error 1
[4.074s] make[1]: *** [CMakeFiles/Makefile2:78: CMakeFiles/move_to_point.dir/all] Error 2
[4.074s] make: *** [Makefile:141: all] Error 2
[4.076s] Invoked command in '/home/d-lab/workspace/ros_ur_driver/build/move_arm' returned '2': CMAKE_PREFIX_PATH=${CMAKE_PREFIX_PATH}:/home/d-lab/workspace/ros_ur_driver/install/utils:/home/d-lab/workspace/ros_ur_driver/install/ros2controlcli:/home/d-lab/workspace/ros_ur_driver/install/ros2_control_test_nodes:/home/d-lab/workspace/ros_ur_driver/install/robotiq_control:/home/d-lab/workspace/ros_ur_driver/install/gripper_control:/opt/ros/foxy /usr/bin/cmake --build /home/d-lab/workspace/ros_ur_driver/build/move_arm -- -j16 -l16
