[0.070s] Invoking command in '/home/d-lab/workspace/ros_ur_driver/build/cartesian_compliance_controller': AMENT_PREFIX_PATH=/home/d-lab/workspace/ros_ur_driver/install/cartesian_motion_controller:/home/d-lab/workspace/ros_ur_driver/install/cartesian_force_controller:/home/d-lab/workspace/ros_ur_driver/install/cartesian_controller_base:/home/d-lab/workspace/ros_ur_driver/install/controller_interface:/home/d-lab/workspace/ros_ur_driver/install/hardware_interface:/home/d-lab/workspace/ros_ur_driver/install/control_msgs:${AMENT_PREFIX_PATH} CMAKE_PREFIX_PATH=/home/d-lab/workspace/ros_ur_driver/install/cartesian_motion_controller:/home/d-lab/workspace/ros_ur_driver/install/cartesian_force_controller:/home/d-lab/workspace/ros_ur_driver/install/cartesian_controller_base:/home/d-lab/workspace/ros_ur_driver/install/controller_interface:/home/d-lab/workspace/ros_ur_driver/install/hardware_interface:/home/d-lab/workspace/ros_ur_driver/install/control_msgs LD_LIBRARY_PATH=/home/d-lab/workspace/ros_ur_driver/install/cartesian_motion_controller/lib:/home/d-lab/workspace/ros_ur_driver/install/cartesian_force_controller/lib:/home/d-lab/workspace/ros_ur_driver/install/cartesian_controller_base/lib:/home/d-lab/workspace/ros_ur_driver/install/controller_interface/lib:/home/d-lab/workspace/ros_ur_driver/install/hardware_interface/lib:/home/d-lab/workspace/ros_ur_driver/install/control_msgs/lib:${LD_LIBRARY_PATH} PYTHONPATH=/home/d-lab/workspace/ros_ur_driver/install/control_msgs/lib/python3.8/site-packages:${PYTHONPATH} /usr/bin/cmake --build /home/d-lab/workspace/ros_ur_driver/build/cartesian_compliance_controller -- -j16 -l16
[0.092s] -- Found ament_cmake: 0.9.9 (/opt/ros/foxy/share/ament_cmake/cmake)
[0.109s] -- Using PYTHON_EXECUTABLE: /usr/bin/python3
[0.265s] -- Found rclcpp: 2.4.1 (/opt/ros/foxy/share/rclcpp/cmake)
[0.308s] -- Using all available rosidl_typesupport_c: rosidl_typesupport_fastrtps_c;rosidl_typesupport_introspection_c
[0.313s] -- Found rosidl_adapter: 1.2.1 (/opt/ros/foxy/share/rosidl_adapter/cmake)
[0.417s] -- Using all available rosidl_typesupport_cpp: rosidl_typesupport_fastrtps_cpp;rosidl_typesupport_introspection_cpp
[0.460s] -- Found rmw_implementation_cmake: 1.0.3 (/opt/ros/foxy/share/rmw_implementation_cmake/cmake)
[0.463s] -- Using RMW implementation 'rmw_fastrtps_cpp' as default
[0.581s] -- Found cartesian_controller_base: 0.0.0 (/home/d-lab/workspace/ros_ur_driver/install/cartesian_controller_base/share/cartesian_controller_base/cmake)
[0.954s] -- Found eigen3_cmake_module: 0.1.1 (/opt/ros/foxy/share/eigen3_cmake_module/cmake)
[1.026s] -- Found cartesian_motion_controller: 0.0.0 (/home/d-lab/workspace/ros_ur_driver/install/cartesian_motion_controller/share/cartesian_motion_controller/cmake)
[1.440s] -- Found cartesian_force_controller: 0.0.0 (/home/d-lab/workspace/ros_ur_driver/install/cartesian_force_controller/share/cartesian_force_controller/cmake)
[2.757s] Error parsing '/home/d-lab/workspace/ros_ur_driver/src/cartesian_controllers/cartesian_compliance_controller/package.xml':
[2.823s] Traceback (most recent call last):
[2.823s]   File "/opt/ros/foxy/share/ament_cmake_core/cmake/core/package_xml_2_cmake.py", line 143, in <module>
[2.823s]     main()
[2.823s]   File "/opt/ros/foxy/share/ament_cmake_core/cmake/core/package_xml_2_cmake.py", line 52, in main
[2.823s]     raise e
[2.823s]   File "/opt/ros/foxy/share/ament_cmake_core/cmake/core/package_xml_2_cmake.py", line 48, in main
[2.823s]     package = parse_package_string(
[2.823s]   File "/usr/lib/python3/dist-packages/catkin_pkg/package.py", line 786, in parse_package_string
[2.823s]     raise InvalidPackage('Error(s):%s' % (''.join(['\n- %s' % e for e in errors])), filename)
[2.823s] catkin_pkg.package.InvalidPackage: Error(s) in package '/home/d-lab/workspace/ros_ur_driver/src/cartesian_controllers/cartesian_compliance_controller/package.xml':
[2.824s] Error(s):
[2.824s] - The manifest of package "cartesian_compliance_controller" (with format version 3) must not contain the following tags: run_depend
[2.824s] - Please replace <run_depend> tags with <exec_depend> tags.
[2.835s] CMake Error at /opt/ros/foxy/share/ament_cmake_core/cmake/core/ament_package_xml.cmake:94 (message):
[2.835s]   execute_process(/usr/bin/python3
[2.835s]   /opt/ros/foxy/share/ament_cmake_core/cmake/core/package_xml_2_cmake.py
[2.835s]   /home/d-lab/workspace/ros_ur_driver/src/cartesian_controllers/cartesian_compliance_controller/package.xml
[2.835s]   /home/d-lab/workspace/ros_ur_driver/build/cartesian_compliance_controller/ament_cmake_core/package.cmake)
[2.835s]   returned error code 1
[2.835s] Call Stack (most recent call first):
[2.835s]   /opt/ros/foxy/share/ament_cmake_core/cmake/core/ament_package_xml.cmake:49 (_ament_package_xml)
[2.835s]   /opt/ros/foxy/share/ament_cmake_core/cmake/core/ament_package.cmake:63 (ament_package_xml)
[2.835s]   CMakeLists.txt:94 (ament_package)
[2.835s] 
[2.835s] 
[2.836s] -- Configuring incomplete, errors occurred!
[2.836s] See also "/home/d-lab/workspace/ros_ur_driver/build/cartesian_compliance_controller/CMakeFiles/CMakeOutput.log".
[2.836s] See also "/home/d-lab/workspace/ros_ur_driver/build/cartesian_compliance_controller/CMakeFiles/CMakeError.log".
[2.841s] make: *** [Makefile:266: cmake_check_build_system] Error 1
[2.843s] Invoked command in '/home/d-lab/workspace/ros_ur_driver/build/cartesian_compliance_controller' returned '2': AMENT_PREFIX_PATH=/home/d-lab/workspace/ros_ur_driver/install/cartesian_motion_controller:/home/d-lab/workspace/ros_ur_driver/install/cartesian_force_controller:/home/d-lab/workspace/ros_ur_driver/install/cartesian_controller_base:/home/d-lab/workspace/ros_ur_driver/install/controller_interface:/home/d-lab/workspace/ros_ur_driver/install/hardware_interface:/home/d-lab/workspace/ros_ur_driver/install/control_msgs:${AMENT_PREFIX_PATH} CMAKE_PREFIX_PATH=/home/d-lab/workspace/ros_ur_driver/install/cartesian_motion_controller:/home/d-lab/workspace/ros_ur_driver/install/cartesian_force_controller:/home/d-lab/workspace/ros_ur_driver/install/cartesian_controller_base:/home/d-lab/workspace/ros_ur_driver/install/controller_interface:/home/d-lab/workspace/ros_ur_driver/install/hardware_interface:/home/d-lab/workspace/ros_ur_driver/install/control_msgs LD_LIBRARY_PATH=/home/d-lab/workspace/ros_ur_driver/install/cartesian_motion_controller/lib:/home/d-lab/workspace/ros_ur_driver/install/cartesian_force_controller/lib:/home/d-lab/workspace/ros_ur_driver/install/cartesian_controller_base/lib:/home/d-lab/workspace/ros_ur_driver/install/controller_interface/lib:/home/d-lab/workspace/ros_ur_driver/install/hardware_interface/lib:/home/d-lab/workspace/ros_ur_driver/install/control_msgs/lib:${LD_LIBRARY_PATH} PYTHONPATH=/home/d-lab/workspace/ros_ur_driver/install/control_msgs/lib/python3.8/site-packages:${PYTHONPATH} /usr/bin/cmake --build /home/d-lab/workspace/ros_ur_driver/build/cartesian_compliance_controller -- -j16 -l16
