In file included from [01m[K/home/d-lab/workspace/ros_ur_driver/src/cartesian_controllers/cartesian_compliance_controller/src/cartesian_compliance_controller.cpp:45[m[K:
[01m[K/home/d-lab/workspace/ros_ur_driver/src/cartesian_controllers/cartesian_compliance_controller/include/cartesian_compliance_controller/cartesian_compliance_controller.h:102:24:[m[K [01;31m[Kerror: [m[Kâ€˜[01m[Kcartesian_motion_controller[m[Kâ€™ does not name a type; did you mean â€˜[01m[Kcartesian_compliance_controller[m[Kâ€™?
  102 |     using MotionBase = [01;31m[Kcartesian_motion_controller[m[K::CartesianMotionController;
      |                        [01;31m[K^~~~~~~~~~~~~~~~~~~~~~~~~~~[m[K
      |                        [32m[Kcartesian_compliance_controller[m[K
[01m[K/home/d-lab/workspace/ros_ur_driver/src/cartesian_controllers/cartesian_compliance_controller/include/cartesian_compliance_controller/cartesian_compliance_controller.h:103:23:[m[K [01;31m[Kerror: [m[Kâ€˜[01m[Kcartesian_force_controller[m[Kâ€™ does not name a type; did you mean â€˜[01m[Kcartesian_compliance_controller[m[Kâ€™?
  103 |     using ForceBase = [01;31m[Kcartesian_force_controller[m[K::CartesianForceController;
      |                       [01;31m[K^~~~~~~~~~~~~~~~~~~~~~~~~~[m[K
      |                       [32m[Kcartesian_compliance_controller[m[K
[01m[K/home/d-lab/workspace/ros_ur_driver/src/cartesian_controllers/cartesian_compliance_controller/src/cartesian_compliance_controller.cpp:[m[K In member function â€˜[01m[Kvirtual rclcpp_lifecycle::node_interfaces::LifecycleNodeInterface::CallbackReturn cartesian_compliance_controller::CartesianComplianceController::on_configure(const rclcpp_lifecycle::State&)[m[Kâ€™:
[01m[K/home/d-lab/workspace/ros_ur_driver/src/cartesian_controllers/cartesian_compliance_controller/src/cartesian_compliance_controller.cpp:92:3:[m[K [01;31m[Kerror: [m[Kâ€˜[01m[KsetFtSensorReferenceFrame[m[Kâ€™ was not declared in this scope
   92 |   [01;31m[KsetFtSensorReferenceFrame[m[K(Base::m_end_effector_link);
      |   [01;31m[K^~~~~~~~~~~~~~~~~~~~~~~~~[m[K
[01m[K/home/d-lab/workspace/ros_ur_driver/src/cartesian_controllers/cartesian_compliance_controller/src/cartesian_compliance_controller.cpp:[m[K In member function â€˜[01m[Kvirtual rclcpp_lifecycle::node_interfaces::LifecycleNodeInterface::CallbackReturn cartesian_compliance_controller::CartesianComplianceController::on_activate(const rclcpp_lifecycle::State&)[m[Kâ€™:
[01m[K/home/d-lab/workspace/ros_ur_driver/src/cartesian_controllers/cartesian_compliance_controller/src/cartesian_compliance_controller.cpp:100:3:[m[K [01;31m[Kerror: [m[Kâ€˜[01m[KMotionBase[m[Kâ€™ has not been declared
  100 |   [01;31m[KMotionBase[m[K::on_activate(previous_state);
      |   [01;31m[K^~~~~~~~~~[m[K
[01m[K/home/d-lab/workspace/ros_ur_driver/src/cartesian_controllers/cartesian_compliance_controller/src/cartesian_compliance_controller.cpp:101:3:[m[K [01;31m[Kerror: [m[Kâ€˜[01m[KForceBase[m[Kâ€™ has not been declared
  101 |   [01;31m[KForceBase[m[K::on_activate(previous_state);
      |   [01;31m[K^~~~~~~~~[m[K
[01m[K/home/d-lab/workspace/ros_ur_driver/src/cartesian_controllers/cartesian_compliance_controller/src/cartesian_compliance_controller.cpp:[m[K In member function â€˜[01m[Kvirtual rclcpp_lifecycle::node_interfaces::LifecycleNodeInterface::CallbackReturn cartesian_compliance_controller::CartesianComplianceController::on_deactivate(const rclcpp_lifecycle::State&)[m[Kâ€™:
[01m[K/home/d-lab/workspace/ros_ur_driver/src/cartesian_controllers/cartesian_compliance_controller/src/cartesian_compliance_controller.cpp:109:3:[m[K [01;31m[Kerror: [m[Kâ€˜[01m[KMotionBase[m[Kâ€™ has not been declared
  109 |   [01;31m[KMotionBase[m[K::computeJointControlCmds(ctrl::Vector6D::Zero(), rclcpp::Duration::from_seconds(0));
      |   [01;31m[K^~~~~~~~~~[m[K
[01m[K/home/d-lab/workspace/ros_ur_driver/src/cartesian_controllers/cartesian_compliance_controller/src/cartesian_compliance_controller.cpp:110:3:[m[K [01;31m[Kerror: [m[Kâ€˜[01m[KMotionBase[m[Kâ€™ has not been declared
  110 |   [01;31m[KMotionBase[m[K::writeJointControlCmds();
      |   [01;31m[K^~~~~~~~~~[m[K
[01m[K/home/d-lab/workspace/ros_ur_driver/src/cartesian_controllers/cartesian_compliance_controller/src/cartesian_compliance_controller.cpp:111:3:[m[K [01;31m[Kerror: [m[Kâ€˜[01m[KMotionBase[m[Kâ€™ has not been declared
  111 |   [01;31m[KMotionBase[m[K::on_deactivate(previous_state);
      |   [01;31m[K^~~~~~~~~~[m[K
[01m[K/home/d-lab/workspace/ros_ur_driver/src/cartesian_controllers/cartesian_compliance_controller/src/cartesian_compliance_controller.cpp:112:3:[m[K [01;31m[Kerror: [m[Kâ€˜[01m[KForceBase[m[Kâ€™ has not been declared
  112 |   [01;31m[KForceBase[m[K::computeJointControlCmds(ctrl::Vector6D::Zero(), rclcpp::Duration::from_seconds(0));
      |   [01;31m[K^~~~~~~~~[m[K
[01m[K/home/d-lab/workspace/ros_ur_driver/src/cartesian_controllers/cartesian_compliance_controller/src/cartesian_compliance_controller.cpp:113:3:[m[K [01;31m[Kerror: [m[Kâ€˜[01m[KForceBase[m[Kâ€™ has not been declared
  113 |   [01;31m[KForceBase[m[K::writeJointControlCmds();
      |   [01;31m[K^~~~~~~~~[m[K
[01m[K/home/d-lab/workspace/ros_ur_driver/src/cartesian_controllers/cartesian_compliance_controller/src/cartesian_compliance_controller.cpp:114:3:[m[K [01;31m[Kerror: [m[Kâ€˜[01m[KForceBase[m[Kâ€™ has not been declared
  114 |   [01;31m[KForceBase[m[K::on_deactivate(previous_state);
      |   [01;31m[K^~~~~~~~~[m[K
[01m[K/home/d-lab/workspace/ros_ur_driver/src/cartesian_controllers/cartesian_compliance_controller/src/cartesian_compliance_controller.cpp:[m[K At global scope:
[01m[K/home/d-lab/workspace/ros_ur_driver/src/cartesian_controllers/cartesian_compliance_controller/src/cartesian_compliance_controller.cpp:151:16:[m[K [01;31m[Kerror: [m[Kno declaration matches â€˜[01m[Kctrl::Vector6D cartesian_compliance_controller::CartesianComplianceController::computeMotionError()[m[Kâ€™
  151 | ctrl::Vector6D [01;31m[KCartesianComplianceController[m[K::
      |                [01;31m[K^~~~~~~~~~~~~~~~~~~~~~~~~~~~~[m[K
[01m[K/home/d-lab/workspace/ros_ur_driver/src/cartesian_controllers/cartesian_compliance_controller/src/cartesian_compliance_controller.cpp:151:16:[m[K [01;36m[Knote: [m[Kno functions named â€˜[01m[Kctrl::Vector6D cartesian_compliance_controller::CartesianComplianceController::computeMotionError()[m[Kâ€™
In file included from [01m[K/home/d-lab/workspace/ros_ur_driver/src/cartesian_controllers/cartesian_compliance_controller/src/cartesian_compliance_controller.cpp:45[m[K:
[01m[K/home/d-lab/workspace/ros_ur_driver/src/cartesian_controllers/cartesian_compliance_controller/include/cartesian_compliance_controller/cartesian_compliance_controller.h:75:7:[m[K [01;36m[Knote: [m[Kâ€˜[01m[Kclass cartesian_compliance_controller::CartesianComplianceController[m[Kâ€™ defined here
   75 | class [01;36m[KCartesianComplianceController[m[K : public virtual cartesian_controller_base::CartesianControllerBase
      |       [01;36m[K^~~~~~~~~~~~~~~~~~~~~~~~~~~~~[m[K
make[2]: *** [CMakeFiles/cartesian_compliance_controller.dir/build.make:63: CMakeFiles/cartesian_compliance_controller.dir/src/cartesian_compliance_controller.cpp.o] Error 1
make[1]: *** [CMakeFiles/Makefile2:105: CMakeFiles/cartesian_compliance_controller.dir/all] Error 2
make: *** [Makefile:141: all] Error 2
