[0.008s] Invoking command in '/home/d-lab/workspace/ros_ur_driver/build/moveit_core': AMENT_PREFIX_PATH=/home/d-lab/workspace/ros_ur_driver/install/srdfdom:/home/d-lab/workspace/ros_ur_driver/install/moveit_common:${AMENT_PREFIX_PATH} CMAKE_PREFIX_PATH=/home/d-lab/workspace/ros_ur_driver/install/srdfdom:/home/d-lab/workspace/ros_ur_driver/install/moveit_common:/opt/ros/foxy LD_LIBRARY_PATH=/home/d-lab/workspace/ros_ur_driver/install/srdfdom/lib:${LD_LIBRARY_PATH} PYTHONPATH=/home/d-lab/workspace/ros_ur_driver/install/srdfdom/lib/python3.8/site-packages:${PYTHONPATH} /usr/bin/cmake /home/d-lab/workspace/ros_ur_driver/src/moveit2/moveit_core -DCMAKE_BUILD_TYPE=Release -DCMAKE_INSTALL_PREFIX=/home/d-lab/workspace/ros_ur_driver/install/moveit_core
[0.022s] -- Found moveit_common: 2.2.3 (/home/d-lab/workspace/ros_ur_driver/install/moveit_common/share/moveit_common/cmake)
[0.022s] -- Found ament_cmake: 0.9.9 (/opt/ros/foxy/share/ament_cmake/cmake)
[0.036s] -- Using PYTHON_EXECUTABLE: /usr/bin/python3
[0.259s] -- Found rclcpp: 2.4.1 (/opt/ros/foxy/share/rclcpp/cmake)
[0.281s] -- Using all available rosidl_typesupport_c: rosidl_typesupport_fastrtps_c;rosidl_typesupport_introspection_c
[0.284s] -- Found rosidl_adapter: 1.2.1 (/opt/ros/foxy/share/rosidl_adapter/cmake)
[0.422s] -- Using all available rosidl_typesupport_cpp: rosidl_typesupport_fastrtps_cpp;rosidl_typesupport_introspection_cpp
[0.483s] -- Found rmw_implementation_cmake: 1.0.3 (/opt/ros/foxy/share/rmw_implementation_cmake/cmake)
[0.484s] -- Using RMW implementation 'rmw_fastrtps_cpp' as default
[0.661s] -- Found eigen3_cmake_module: 0.1.1 (/opt/ros/foxy/share/eigen3_cmake_module/cmake)
[0.704s] -- Found angles: 1.12.3 (/opt/ros/foxy/share/angles/cmake)
[0.710s] -- Found urdf: 2.4.0 (/opt/ros/foxy/share/urdf/cmake)
[0.728s] -- Found tf2_eigen: 0.13.13 (/opt/ros/foxy/share/tf2_eigen/cmake)
[1.666s] -- Found tf2_kdl: 0.13.13 (/opt/ros/foxy/share/tf2_kdl/cmake)
[1.707s] -- Found tf2_geometry_msgs: 0.13.13 (/opt/ros/foxy/share/tf2_geometry_msgs/cmake)
[1.765s] -- Found eigen_stl_containers: 1.0.0 (/opt/ros/foxy/share/eigen_stl_containers/cmake)
[1.767s] -- Found geometric_shapes: 2.1.2 (/opt/ros/foxy/share/geometric_shapes/cmake)
[1.772s] -- Found Boost: /usr/lib/x86_64-linux-gnu/cmake/Boost-1.71.0/BoostConfig.cmake (found version "1.71.0") found components: filesystem 
[1.822s] -- library: /usr/lib/x86_64-linux-gnu/libcurl.so
[2.029s] -- Found kdl_parser: 2.4.1 (/opt/ros/foxy/share/kdl_parser/cmake)
[2.034s] -- Found moveit_msgs: 2.1.0 (/opt/ros/foxy/share/moveit_msgs/cmake)
[3.377s] -- Found srdfdom: 2.0.4 (/home/d-lab/workspace/ros_ur_driver/install/srdfdom/share/srdfdom/cmake)
[3.387s] -- Found common_interfaces: 2.0.5 (/opt/ros/foxy/share/common_interfaces/cmake)
[3.387s] -- Found pluginlib: 2.5.4 (/opt/ros/foxy/share/pluginlib/cmake)
[3.404s] -- Found Boost: /usr/lib/x86_64-linux-gnu/cmake/Boost-1.71.0/BoostConfig.cmake (found version "1.71.0") found components: chrono date_time filesystem iostreams program_options regex serialization system thread 
[3.406s] --  *** Building MoveIt 2.2.3-Alpha ***
[3.430s] -- Found ament_cmake_gtest: 0.9.9 (/opt/ros/foxy/share/ament_cmake_gtest/cmake)
[3.431s] -- Found gtest sources under '/opt/ros/foxy/src/gtest_vendor': C++ tests using 'Google Test' will be built
[3.454s] -- Found gtest sources under '/opt/ros/foxy/src/gtest_vendor': C++ tests using 'Google Test' will be built
[3.483s] -- Found ament_cmake_gtest: 0.9.9 (/opt/ros/foxy/share/ament_cmake_gtest/cmake)
[3.484s] -- Found gtest sources under '/opt/ros/foxy/src/gtest_vendor': C++ tests using 'Google Test' will be built
[3.491s] -- Found ament_cmake_gtest: 0.9.9 (/opt/ros/foxy/share/ament_cmake_gtest/cmake)
[3.493s] -- Found gtest sources under '/opt/ros/foxy/src/gtest_vendor': C++ tests using 'Google Test' will be built
[3.516s] -- Found gtest sources under '/opt/ros/foxy/src/gtest_vendor': C++ tests using 'Google Test' will be built
[3.528s] -- Found gtest sources under '/opt/ros/foxy/src/gtest_vendor': C++ tests using 'Google Test' will be built
[3.544s] -- Found ament_cmake_gtest: 0.9.9 (/opt/ros/foxy/share/ament_cmake_gtest/cmake)
[3.545s] -- Found gtest sources under '/opt/ros/foxy/src/gtest_vendor': C++ tests using 'Google Test' will be built
[3.555s] -- Found gtest sources under '/opt/ros/foxy/src/gtest_vendor': C++ tests using 'Google Test' will be built
[3.568s] -- Found ament_cmake_gtest: 0.9.9 (/opt/ros/foxy/share/ament_cmake_gtest/cmake)
[3.570s] -- Found gtest sources under '/opt/ros/foxy/src/gtest_vendor': C++ tests using 'Google Test' will be built
[3.586s] -- Found gtest sources under '/opt/ros/foxy/src/gtest_vendor': C++ tests using 'Google Test' will be built
[3.614s] -- Found ament_cmake_gtest: 0.9.9 (/opt/ros/foxy/share/ament_cmake_gtest/cmake)
[3.615s] -- Found gtest sources under '/opt/ros/foxy/src/gtest_vendor': C++ tests using 'Google Test' will be built
[3.636s] -- Found ament_cmake_gtest: 0.9.9 (/opt/ros/foxy/share/ament_cmake_gtest/cmake)
[3.637s] -- Found gtest sources under '/opt/ros/foxy/src/gtest_vendor': C++ tests using 'Google Test' will be built
[3.661s] -- Found gtest sources under '/opt/ros/foxy/src/gtest_vendor': C++ tests using 'Google Test' will be built
[3.670s] -- Found ament_lint_auto: 0.9.6 (/opt/ros/foxy/share/ament_lint_auto/cmake)
[3.684s] -- Added test 'pep257' to check Python code against some of the style conventions in PEP 257
[3.687s] -- Added test 'xmllint' to check XML markup files
[3.703s] -- Configuring done
[4.620s] -- Generating done
[4.628s] -- Build files have been written to: /home/d-lab/workspace/ros_ur_driver/build/moveit_core
[4.651s] Invoked command in '/home/d-lab/workspace/ros_ur_driver/build/moveit_core' returned '0': AMENT_PREFIX_PATH=/home/d-lab/workspace/ros_ur_driver/install/srdfdom:/home/d-lab/workspace/ros_ur_driver/install/moveit_common:${AMENT_PREFIX_PATH} CMAKE_PREFIX_PATH=/home/d-lab/workspace/ros_ur_driver/install/srdfdom:/home/d-lab/workspace/ros_ur_driver/install/moveit_common:/opt/ros/foxy LD_LIBRARY_PATH=/home/d-lab/workspace/ros_ur_driver/install/srdfdom/lib:${LD_LIBRARY_PATH} PYTHONPATH=/home/d-lab/workspace/ros_ur_driver/install/srdfdom/lib/python3.8/site-packages:${PYTHONPATH} /usr/bin/cmake /home/d-lab/workspace/ros_ur_driver/src/moveit2/moveit_core -DCMAKE_BUILD_TYPE=Release -DCMAKE_INSTALL_PREFIX=/home/d-lab/workspace/ros_ur_driver/install/moveit_core
[4.654s] Invoking command in '/home/d-lab/workspace/ros_ur_driver/build/moveit_core': AMENT_PREFIX_PATH=/home/d-lab/workspace/ros_ur_driver/install/srdfdom:/home/d-lab/workspace/ros_ur_driver/install/moveit_common:${AMENT_PREFIX_PATH} CMAKE_PREFIX_PATH=/home/d-lab/workspace/ros_ur_driver/install/srdfdom:/home/d-lab/workspace/ros_ur_driver/install/moveit_common:/opt/ros/foxy LD_LIBRARY_PATH=/home/d-lab/workspace/ros_ur_driver/install/srdfdom/lib:${LD_LIBRARY_PATH} PYTHONPATH=/home/d-lab/workspace/ros_ur_driver/install/srdfdom/lib/python3.8/site-packages:${PYTHONPATH} /usr/bin/cmake --build /home/d-lab/workspace/ros_ur_driver/build/moveit_core -- -j16 -l16
[4.690s] [  1%] Built target moveit_version
[4.691s] [  2%] Built target gtest
[4.693s] [  4%] Built target gtest_main
[4.696s] [  7%] Built target moveit_utils
[4.699s] [  8%] Built target moveit_background_processing
[4.700s] [ 10%] Built target moveit_profiler
[4.701s] [ 11%] Built target moveit_exceptions
[4.704s] [ 12%] Built target moveit_transforms
[4.706s] [ 14%] Built target moveit_kinematics_base
[4.708s] [ 17%] Built target moveit_distance_field
[4.723s] [ 19%] Built target test_transforms
[4.729s] [ 20%] Built target test_voxel_grid
[4.731s] [ 21%] Built target test_distance_field
[4.738s] [ 28%] Built target moveit_robot_model
[4.750s] [35m[1mScanning dependencies of target moveit_robot_state[0m
[4.762s] [ 30%] Built target moveit_test_utils
[4.770s] [35m[1mScanning dependencies of target test_robot_model[0m
[4.813s] [ 31%] [32mBuilding CXX object robot_model/CMakeFiles/test_robot_model.dir/test/test.cpp.o[0m
[4.817s] [ 31%] [32mBuilding CXX object robot_state/CMakeFiles/moveit_robot_state.dir/src/conversions.cpp.o[0m
[4.817s] [ 32%] [32mBuilding CXX object robot_state/CMakeFiles/moveit_robot_state.dir/src/robot_state.cpp.o[0m
[4.818s] [ 32%] [32mBuilding CXX object robot_state/CMakeFiles/moveit_robot_state.dir/src/cartesian_interpolator.cpp.o[0m
[10.333s] [ 33%] [32m[1mLinking CXX executable test_robot_model[0m
[10.514s] [ 33%] Built target test_robot_model
[19.196s] [ 34%] [32m[1mLinking CXX shared library libmoveit_robot_state.so[0m
[19.330s] [ 35%] Built target moveit_robot_state
[19.344s] [35m[1mScanning dependencies of target test_aabb[0m
[19.344s] [35m[1mScanning dependencies of target test_robot_state_complex[0m
[19.344s] [35m[1mScanning dependencies of target test_robot_state[0m
[19.344s] [35m[1mScanning dependencies of target moveit_kinematics_metrics[0m
[19.344s] [35m[1mScanning dependencies of target test_cartesian_interpolator[0m
[19.344s] [35m[1mScanning dependencies of target moveit_robot_trajectory[0m
[19.345s] [35m[1mScanning dependencies of target test_robot_state_benchmark[0m
[19.361s] [35m[1mScanning dependencies of target moveit_collision_detection[0m
[19.386s] [35m[1mScanning dependencies of target moveit_dynamics_solver[0m
[19.445s] [ 35%] [32mBuilding CXX object robot_state/CMakeFiles/test_cartesian_interpolator.dir/test/test_cartesian_interpolator.cpp.o[0m
[19.445s] [ 35%] [32mBuilding CXX object robot_state/CMakeFiles/test_robot_state_benchmark.dir/test/robot_state_benchmark.cpp.o[0m
[19.446s] [ 35%] [32mBuilding CXX object kinematics_metrics/CMakeFiles/moveit_kinematics_metrics.dir/src/kinematics_metrics.cpp.o[0m
[19.461s] [ 36%] [32mBuilding CXX object robot_trajectory/CMakeFiles/moveit_robot_trajectory.dir/src/robot_trajectory.cpp.o[0m
[19.461s] [ 37%] [32mBuilding CXX object robot_state/CMakeFiles/test_robot_state_complex.dir/test/test_kinematic_complex.cpp.o[0m
[19.469s] [ 37%] [32mBuilding CXX object robot_state/CMakeFiles/test_robot_state.dir/test/robot_state_test.cpp.o[0m
[19.477s] [ 38%] [32mBuilding CXX object robot_state/CMakeFiles/test_aabb.dir/test/test_aabb.cpp.o[0m
[19.501s] [ 38%] [32mBuilding CXX object dynamics_solver/CMakeFiles/moveit_dynamics_solver.dir/src/dynamics_solver.cpp.o[0m
[19.563s] [ 39%] [32mBuilding CXX object collision_detection/CMakeFiles/moveit_collision_detection.dir/src/allvalid/collision_env_allvalid.cpp.o[0m
[19.575s] [ 39%] [32mBuilding CXX object collision_detection/CMakeFiles/moveit_collision_detection.dir/src/collision_common.cpp.o[0m
[19.590s] [ 40%] [32mBuilding CXX object collision_detection/CMakeFiles/moveit_collision_detection.dir/src/collision_matrix.cpp.o[0m
[19.620s] [ 41%] [32mBuilding CXX object collision_detection/CMakeFiles/moveit_collision_detection.dir/src/collision_octomap_filter.cpp.o[0m
[19.653s] [ 41%] [32mBuilding CXX object collision_detection/CMakeFiles/moveit_collision_detection.dir/src/collision_tools.cpp.o[0m
[19.698s] [ 41%] [32mBuilding CXX object collision_detection/CMakeFiles/moveit_collision_detection.dir/src/collision_env.cpp.o[0m
[28.462s] [ 41%] [32m[1mLinking CXX executable test_aabb[0m
[28.639s] [ 42%] [32m[1mLinking CXX executable test_cartesian_interpolator[0m
[28.669s] [ 43%] [32m[1mLinking CXX shared library libmoveit_dynamics_solver.so[0m
[28.810s] [ 43%] Built target test_aabb
[28.875s] [ 43%] Built target moveit_dynamics_solver
[28.944s] [ 43%] Built target test_cartesian_interpolator
[29.745s] [ 44%] [32m[1mLinking CXX shared library libmoveit_collision_detection.so[0m
[29.770s] [ 45%] [32m[1mLinking CXX executable test_robot_state[0m
[29.918s] [ 47%] Built target moveit_collision_detection
[29.932s] [35m[1mScanning dependencies of target test_all_valid[0m
[29.937s] [35m[1mScanning dependencies of target moveit_collision_detection_fcl[0m
[29.950s] [ 49%] [32m[1mLinking CXX executable test_robot_state_benchmark[0m
[29.951s] [ 49%] [32m[1mLinking CXX executable test_world_diff[0m
[29.951s] [ 49%] [32m[1mLinking CXX executable test_world[0m
[29.953s] [35m[1mScanning dependencies of target moveit_collision_detection_bullet[0m
[30.031s] [ 49%] Built target test_robot_state
[30.035s] [ 50%] [32mBuilding CXX object collision_detection/CMakeFiles/test_all_valid.dir/test/test_all_valid.cpp.o[0m
[30.050s] [ 51%] [32mBuilding CXX object collision_detection_fcl/CMakeFiles/moveit_collision_detection_fcl.dir/src/collision_common.cpp.o[0m
[30.058s] [ 51%] [32mBuilding CXX object collision_detection_fcl/CMakeFiles/moveit_collision_detection_fcl.dir/src/collision_env_fcl.cpp.o[0m
[30.253s] [ 52%] Built target test_world
[30.254s] [ 53%] Built target test_world_diff
[30.282s] [ 53%] [32mBuilding CXX object collision_detection_bullet/CMakeFiles/moveit_collision_detection_bullet.dir/src/bullet_integration/bullet_utils.cpp.o[0m
[30.282s] [ 54%] [32mBuilding CXX object collision_detection_bullet/CMakeFiles/moveit_collision_detection_bullet.dir/src/bullet_integration/bullet_discrete_bvh_manager.cpp.o[0m
[30.287s] [ 54%] Built target test_robot_state_benchmark
[30.288s] [ 55%] [32mBuilding CXX object collision_detection_bullet/CMakeFiles/moveit_collision_detection_bullet.dir/src/bullet_integration/bullet_cast_bvh_manager.cpp.o[0m
[30.291s] [ 56%] [32mBuilding CXX object collision_detection_bullet/CMakeFiles/moveit_collision_detection_bullet.dir/src/bullet_integration/contact_checker_common.cpp.o[0m
[30.293s] [ 57%] [32mBuilding CXX object collision_detection_bullet/CMakeFiles/moveit_collision_detection_bullet.dir/src/bullet_integration/bullet_bvh_manager.cpp.o[0m
[30.298s] [ 57%] [32mBuilding CXX object collision_detection_bullet/CMakeFiles/moveit_collision_detection_bullet.dir/src/collision_env_bullet.cpp.o[0m
[30.306s] [ 57%] [32mBuilding CXX object collision_detection_bullet/CMakeFiles/moveit_collision_detection_bullet.dir/src/bullet_integration/ros_bullet_utils.cpp.o[0m
[31.666s] [ 57%] [32m[1mLinking CXX shared library libmoveit_robot_trajectory.so[0m
[31.998s] [ 57%] Built target moveit_robot_trajectory
[32.038s] [35m[1mScanning dependencies of target test_robot_trajectory[0m
[32.039s] [35m[1mScanning dependencies of target moveit_trajectory_processing[0m
[32.094s] [35m[1mScanning dependencies of target moveit_planning_interface[0m
[32.152s] [ 58%] [32mBuilding CXX object robot_trajectory/CMakeFiles/test_robot_trajectory.dir/test/test_robot_trajectory.cpp.o[0m
[32.199s] [ 58%] [32mBuilding CXX object trajectory_processing/CMakeFiles/moveit_trajectory_processing.dir/src/iterative_time_parameterization.cpp.o[0m
[32.205s] [ 59%] [32mBuilding CXX object trajectory_processing/CMakeFiles/moveit_trajectory_processing.dir/src/iterative_spline_parameterization.cpp.o[0m
[32.270s] [ 60%] [32mBuilding CXX object planning_interface/CMakeFiles/moveit_planning_interface.dir/src/planning_interface.cpp.o[0m
[32.525s] [ 60%] [32m[1mLinking CXX executable test_robot_state_complex[0m
[32.987s] [ 60%] Built target test_robot_state_complex
[33.034s] [ 60%] [32mBuilding CXX object planning_interface/CMakeFiles/moveit_planning_interface.dir/src/planning_response.cpp.o[0m
[37.246s] [ 60%] [32mBuilding CXX object trajectory_processing/CMakeFiles/moveit_trajectory_processing.dir/src/time_optimal_trajectory_generation.cpp.o[0m
[37.411s] [ 61%] [32m[1mLinking CXX executable test_all_valid[0m
[37.697s] [ 61%] Built target test_all_valid
[39.631s] [ 62%] [32m[1mLinking CXX executable test_robot_trajectory[0m
[39.846s] [ 62%] Built target test_robot_trajectory
[40.204s] [ 63%] [32m[1mLinking CXX shared library libmoveit_collision_detection_bullet.so[0m
[40.375s] [ 63%] Built target moveit_collision_detection_bullet
[40.386s] [35m[1mScanning dependencies of target test_bullet_continuous_collision_checking[0m
[40.386s] [35m[1mScanning dependencies of target test_bullet_collision_detection_panda[0m
[40.386s] [35m[1mScanning dependencies of target test_bullet_collision_detection[0m
[40.454s] [ 64%] [32mBuilding CXX object collision_detection_bullet/CMakeFiles/test_bullet_collision_detection_panda.dir/test/test_bullet_collision_detection_panda.cpp.o[0m
[40.454s] [ 64%] [32mBuilding CXX object collision_detection_bullet/CMakeFiles/test_bullet_collision_detection.dir/test/test_bullet_collision_detection_pr2.cpp.o[0m
[40.454s] [ 65%] [32mBuilding CXX object collision_detection_bullet/CMakeFiles/test_bullet_continuous_collision_checking.dir/test/test_bullet_continuous_collision_checking.cpp.o[0m
[40.734s] [ 66%] [32m[1mLinking CXX shared library libmoveit_collision_detection_fcl.so[0m
[41.051s] [ 66%] Built target moveit_collision_detection_fcl
[41.060s] [35m[1mScanning dependencies of target test_fcl_collision_env[0m
[41.063s] [35m[1mScanning dependencies of target moveit_kinematic_constraints[0m
[41.064s] [35m[1mScanning dependencies of target test_fcl_collision_detection_panda[0m
[41.064s] [35m[1mScanning dependencies of target test_fcl_collision_detection[0m
[41.123s] [ 67%] [32mBuilding CXX object collision_detection_fcl/CMakeFiles/test_fcl_collision_env.dir/test/test_fcl_env.cpp.o[0m
[41.145s] [ 68%] [32mBuilding CXX object kinematic_constraints/CMakeFiles/moveit_kinematic_constraints.dir/src/kinematic_constraint.cpp.o[0m
[41.146s] [ 69%] [32mBuilding CXX object kinematic_constraints/CMakeFiles/moveit_kinematic_constraints.dir/src/utils.cpp.o[0m
[41.163s] [ 69%] [32mBuilding CXX object collision_detection_fcl/CMakeFiles/test_fcl_collision_detection_panda.dir/test/test_fcl_collision_detection_panda.cpp.o[0m
[41.163s] [ 70%] [32mBuilding CXX object collision_detection_fcl/CMakeFiles/test_fcl_collision_detection.dir/test/test_fcl_collision_detection_pr2.cpp.o[0m
[41.448s] [ 71%] [32m[1mLinking CXX shared library libmoveit_planning_interface.so[0m
[41.656s] [ 71%] Built target moveit_planning_interface
[42.010s] [ 72%] [32m[1mLinking CXX shared library libmoveit_kinematics_metrics.so[0m
[42.145s] [ 72%] Built target moveit_kinematics_metrics
[43.874s] [ 73%] [32m[1mLinking CXX shared library libmoveit_trajectory_processing.so[0m
[44.017s] [ 74%] Built target moveit_trajectory_processing
[44.030s] [35m[1mScanning dependencies of target test_time_optimal_trajectory_generation[0m
[44.031s] [35m[1mScanning dependencies of target test_time_parameterization[0m
[44.114s] [ 74%] [32mBuilding CXX object trajectory_processing/CMakeFiles/test_time_optimal_trajectory_generation.dir/test/test_time_optimal_trajectory_generation.cpp.o[0m
[44.117s] [ 75%] [32mBuilding CXX object trajectory_processing/CMakeFiles/test_time_parameterization.dir/test/test_time_parameterization.cpp.o[0m
[44.606s] [01m[K/home/d-lab/workspace/ros_ur_driver/src/moveit2/moveit_core/collision_detection_bullet/test/test_bullet_continuous_collision_checking.cpp:[m[K In member function â€˜[01m[Kvirtual void BulletCollisionDetectionTester::SetUp()[m[Kâ€™:
[44.606s] [01m[K/home/d-lab/workspace/ros_ur_driver/src/moveit2/moveit_core/collision_detection_bullet/test/test_bullet_continuous_collision_checking.cpp:87:36:[m[K [01;31m[Kerror: [m[Kâ€˜[01m[KDisabledCollision[m[Kâ€™ is not a member of â€˜[01m[Ksrdf::Model[m[Kâ€™
[44.607s]    87 |     const std::vector<srdf::Model::[01;31m[KDisabledCollision[m[K>& dc = robot_model_->getSRDF()->getDisabledCollisionPairs();
[44.607s]       |                                    [01;31m[K^~~~~~~~~~~~~~~~~[m[K
[44.607s] [01m[K/home/d-lab/workspace/ros_ur_driver/src/moveit2/moveit_core/collision_detection_bullet/test/test_bullet_continuous_collision_checking.cpp:87:36:[m[K [01;31m[Kerror: [m[Kâ€˜[01m[KDisabledCollision[m[Kâ€™ is not a member of â€˜[01m[Ksrdf::Model[m[Kâ€™
[44.607s] [01m[K/home/d-lab/workspace/ros_ur_driver/src/moveit2/moveit_core/collision_detection_bullet/test/test_bullet_continuous_collision_checking.cpp:87:53:[m[K [01;31m[Kerror: [m[Ktemplate argument 1 is invalid
[44.607s]    87 |     const std::vector<srdf::Model::DisabledCollision[01;31m[K>[m[K& dc = robot_model_->getSRDF()->getDisabledCollisionPairs();
[44.607s]       |                                                     [01;31m[K^[m[K
[44.607s] [01m[K/home/d-lab/workspace/ros_ur_driver/src/moveit2/moveit_core/collision_detection_bullet/test/test_bullet_continuous_collision_checking.cpp:87:53:[m[K [01;31m[Kerror: [m[Ktemplate argument 2 is invalid
[44.607s] [01m[K/home/d-lab/workspace/ros_ur_driver/src/moveit2/moveit_core/collision_detection_bullet/test/test_bullet_continuous_collision_checking.cpp:87:111:[m[K [01;31m[Kerror: [m[Kinvalid initialization of reference of type â€˜[01m[Kconst int&[m[Kâ€™ from expression of type â€˜[01m[Kconst std::vector<srdf::Model::CollisionPair>[m[Kâ€™
[44.607s]    87 |     const std::vector<srdf::Model::DisabledCollision>& dc = [01;31m[Krobot_model_->getSRDF()->getDisabledCollisionPairs()[m[K;
[44.607s]       |                                                             [01;31m[K~~~~~~~~~~~~~~~~~~~~~~~~~~~~~~~~~~~~~~~~~~~~~~~~~~^~[m[K
[44.607s] [01m[K/home/d-lab/workspace/ros_ur_driver/src/moveit2/moveit_core/collision_detection_bullet/test/test_bullet_continuous_collision_checking.cpp:88:29:[m[K [01;31m[Kerror: [m[Kâ€˜[01m[KDisabledCollision[m[Kâ€™ in â€˜[01m[Kclass srdf::Model[m[Kâ€™ does not name a type
[44.608s]    88 |     for (const srdf::Model::[01;31m[KDisabledCollision[m[K& it : dc)
[44.608s]       |                             [01;31m[K^~~~~~~~~~~~~~~~~[m[K
[44.608s] [01m[K/home/d-lab/workspace/ros_ur_driver/src/moveit2/moveit_core/collision_detection_bullet/test/test_bullet_continuous_collision_checking.cpp:89:50:[m[K [01;31m[Kerror: [m[Kexpected â€˜[01m[K;[m[Kâ€™ before â€˜[01m[Kcenv_[m[Kâ€™
[44.608s]    89 |       acm_->setEntry(it.link1_, it.link2_, true);
[44.608s]       |                                                  [01;31m[K^[m[K
[44.608s]       |                                                  [32m[K;[m[K
[44.608s]    90 | 
[44.608s]    91 |     [32m[Kcenv_[m[K.reset(new collision_detection::CollisionEnvBullet(robot_model_));
[44.608s]       |     [32m[K~~~~~[m[K                                         
[44.608s] [01m[K/home/d-lab/workspace/ros_ur_driver/src/moveit2/moveit_core/collision_detection_bullet/test/test_bullet_continuous_collision_checking.cpp:91:16:[m[K [01;31m[Kerror: [m[Kcould not convert â€˜[01m[K((BulletCollisionDetectionTester*)this)->BulletCollisionDetectionTester::cenv_.std::shared_ptr<collision_detection::CollisionEnv>::<anonymous>.std::__shared_ptr<collision_detection::CollisionEnv, __gnu_cxx::_S_atomic>::reset<collision_detection::CollisionEnvBullet>((std::shared_ptr<const moveit::core::RobotModel>(((BulletCollisionDetectionTester*)this)->BulletCollisionDetectionTester::robot_model_), (operator new(256), (<statement>, ((collision_detection::CollisionEnvBullet*)<anonymous>)))))[m[Kâ€™ from â€˜[01m[Kstd::__shared_ptr<collision_detection::CollisionEnv, __gnu_cxx::_S_atomic>::_SafeConv<collision_detection::CollisionEnvBullet>[m[Kâ€™ {aka â€˜[01m[Kvoid[m[Kâ€™} to â€˜[01m[Kbool[m[Kâ€™
[44.608s]    91 |     [01;31m[Kcenv_.reset(new collision_detection::CollisionEnvBullet(robot_model_))[m[K;
[44.608s]       |     [01;31m[K~~~~~~~~~~~^~~~~~~~~~~~~~~~~~~~~~~~~~~~~~~~~~~~~~~~~~~~~~~~~~~~~~~~~~~[m[K
[44.608s]       |                [01;31m[K|[m[K
[44.609s]       |                [01;31m[Kstd::__shared_ptr<collision_detection::CollisionEnv, __gnu_cxx::_S_atomic>::_SafeConv<collision_detection::CollisionEnvBullet> {aka void}[m[K
[44.609s] [01m[K/home/d-lab/workspace/ros_ur_driver/src/moveit2/moveit_core/collision_detection_bullet/test/test_bullet_continuous_collision_checking.cpp:93:67:[m[K [01;31m[Kerror: [m[Kexpected â€˜[01m[K)[m[Kâ€™ before â€˜[01m[K;[m[Kâ€™ token
[44.609s]    93 |     robot_state_.reset(new moveit::core::RobotState(robot_model_))[01;31m[K;[m[K
[44.609s]       |                                                                   [01;31m[K^[m[K
[44.609s]       |                                                                   [32m[K)[m[K
[44.609s] [01m[K/home/d-lab/workspace/ros_ur_driver/src/moveit2/moveit_core/collision_detection_bullet/test/test_bullet_continuous_collision_checking.cpp:88:9:[m[K [01;36m[Knote: [m[Kto match this â€˜[01m[K([m[Kâ€™
[44.609s]    88 |     for [01;36m[K([m[Kconst srdf::Model::DisabledCollision& it : dc)
[44.609s]       |         [01;36m[K^[m[K
[44.609s] [01m[K/home/d-lab/workspace/ros_ur_driver/src/moveit2/moveit_core/collision_detection_bullet/test/test_bullet_continuous_collision_checking.cpp:87:56:[m[K [01;35m[Kwarning: [m[Kunused variable â€˜[01m[Kdc[m[Kâ€™ [[01;35m[K-Wunused-variable[m[K]
[44.610s]    87 |     const std::vector<srdf::Model::DisabledCollision>& [01;35m[Kdc[m[K = robot_model_->getSRDF()->getDisabledCollisionPairs();
[44.610s]       |                                                        [01;35m[K^~[m[K
[44.751s] In file included from [01m[K/home/d-lab/workspace/ros_ur_driver/src/moveit2/moveit_core/collision_detection_bullet/test/test_bullet_collision_detection_panda.cpp:38[m[K:
[44.751s] [01m[K/home/d-lab/workspace/ros_ur_driver/src/moveit2/moveit_core/collision_detection/include/moveit/collision_detection/test_collision_common_panda.h:[m[K In member function â€˜[01m[Kvoid CollisionDetectorPandaTest<CollisionAllocatorType>::SetUp()[m[Kâ€™:
[44.751s] [01m[K/home/d-lab/workspace/ros_ur_driver/src/moveit2/moveit_core/collision_detection/include/moveit/collision_detection/test_collision_common_panda.h:87:36:[m[K [01;31m[Kerror: [m[Kâ€˜[01m[KDisabledCollision[m[Kâ€™ is not a member of â€˜[01m[Ksrdf::Model[m[Kâ€™
[44.751s]    87 |     const std::vector<srdf::Model::[01;31m[KDisabledCollision[m[K>& dc = robot_model_->getSRDF()->getDisabledCollisionPairs();
[44.751s]       |                                    [01;31m[K^~~~~~~~~~~~~~~~~[m[K
[44.751s] [01m[K/home/d-lab/workspace/ros_ur_driver/src/moveit2/moveit_core/collision_detection/include/moveit/collision_detection/test_collision_common_panda.h:87:36:[m[K [01;31m[Kerror: [m[Kâ€˜[01m[KDisabledCollision[m[Kâ€™ is not a member of â€˜[01m[Ksrdf::Model[m[Kâ€™
[44.752s] [01m[K/home/d-lab/workspace/ros_ur_driver/src/moveit2/moveit_core/collision_detection/include/moveit/collision_detection/test_collision_common_panda.h:87:53:[m[K [01;31m[Kerror: [m[Ktemplate argument 1 is invalid
[44.752s]    87 |     const std::vector<srdf::Model::DisabledCollision[01;31m[K>[m[K& dc = robot_model_->getSRDF()->getDisabledCollisionPairs();
[44.752s]       |                                                     [01;31m[K^[m[K
[44.752s] [01m[K/home/d-lab/workspace/ros_ur_driver/src/moveit2/moveit_core/collision_detection/include/moveit/collision_detection/test_collision_common_panda.h:87:53:[m[K [01;31m[Kerror: [m[Ktemplate argument 2 is invalid
[44.752s] [01m[K/home/d-lab/workspace/ros_ur_driver/src/moveit2/moveit_core/collision_detection/include/moveit/collision_detection/test_collision_common_panda.h:88:29:[m[K [01;31m[Kerror: [m[Kâ€˜[01m[KDisabledCollision[m[Kâ€™ in â€˜[01m[Kclass srdf::Model[m[Kâ€™ does not name a type
[44.752s]    88 |     for (const srdf::Model::[01;31m[KDisabledCollision[m[K& it : dc)
[44.752s]       |                             [01;31m[K^~~~~~~~~~~~~~~~~[m[K
[44.752s] [01m[K/home/d-lab/workspace/ros_ur_driver/src/moveit2/moveit_core/collision_detection/include/moveit/collision_detection/test_collision_common_panda.h:89:50:[m[K [01;31m[Kerror: [m[Kexpected â€˜[01m[K;[m[Kâ€™ before â€˜[01m[Kcenv_[m[Kâ€™
[44.752s]    89 |       acm_->setEntry(it.link1_, it.link2_, true);
[44.752s]       |                                                  [01;31m[K^[m[K
[44.752s]       |                                                  [32m[K;[m[K
[44.752s]    90 | 
[44.753s]    91 |     [32m[Kcenv_[m[K = value_->allocateEnv(robot_model_);
[44.753s]       |     [32m[K~~~~~[m[K                                         
[44.753s] [01m[K/home/d-lab/workspace/ros_ur_driver/src/moveit2/moveit_core/collision_detection/include/moveit/collision_detection/test_collision_common_panda.h:93:67:[m[K [01;31m[Kerror: [m[Kexpected â€˜[01m[K)[m[Kâ€™ before â€˜[01m[K;[m[Kâ€™ token
[44.753s]    93 |     robot_state_.reset(new moveit::core::RobotState(robot_model_))[01;31m[K;[m[K
[44.753s]       |                                                                   [01;31m[K^[m[K
[44.753s]       |                                                                   [32m[K)[m[K
[44.753s] [01m[K/home/d-lab/workspace/ros_ur_driver/src/moveit2/moveit_core/collision_detection/include/moveit/collision_detection/test_collision_common_panda.h:88:9:[m[K [01;36m[Knote: [m[Kto match this â€˜[01m[K([m[Kâ€™
[44.753s]    88 |     for [01;36m[K([m[Kconst srdf::Model::DisabledCollision& it : dc)
[44.753s]       |         [01;36m[K^[m[K
[46.093s] In file included from [01m[K/home/d-lab/workspace/ros_ur_driver/src/moveit2/moveit_core/collision_detection_fcl/test/test_fcl_collision_detection_panda.cpp:38[m[K:
[46.093s] [01m[K/home/d-lab/workspace/ros_ur_driver/src/moveit2/moveit_core/collision_detection/include/moveit/collision_detection/test_collision_common_panda.h:[m[K In member function â€˜[01m[Kvoid CollisionDetectorPandaTest<CollisionAllocatorType>::SetUp()[m[Kâ€™:
[46.093s] [01m[K/home/d-lab/workspace/ros_ur_driver/src/moveit2/moveit_core/collision_detection/include/moveit/collision_detection/test_collision_common_panda.h:87:36:[m[K [01;31m[Kerror: [m[Kâ€˜[01m[KDisabledCollision[m[Kâ€™ is not a member of â€˜[01m[Ksrdf::Model[m[Kâ€™
[46.094s]    87 |     const std::vector<srdf::Model::[01;31m[KDisabledCollision[m[K>& dc = robot_model_->getSRDF()->getDisabledCollisionPairs();
[46.094s]       |                                    [01;31m[K^~~~~~~~~~~~~~~~~[m[K
[46.094s] [01m[K/home/d-lab/workspace/ros_ur_driver/src/moveit2/moveit_core/collision_detection/include/moveit/collision_detection/test_collision_common_panda.h:87:36:[m[K [01;31m[Kerror: [m[Kâ€˜[01m[KDisabledCollision[m[Kâ€™ is not a member of â€˜[01m[Ksrdf::Model[m[Kâ€™
[46.094s] [01m[K/home/d-lab/workspace/ros_ur_driver/src/moveit2/moveit_core/collision_detection/include/moveit/collision_detection/test_collision_common_panda.h:87:53:[m[K [01;31m[Kerror: [m[Ktemplate argument 1 is invalid
[46.094s]    87 |     const std::vector<srdf::Model::DisabledCollision[01;31m[K>[m[K& dc = robot_model_->getSRDF()->getDisabledCollisionPairs();
[46.094s]       |                                                     [01;31m[K^[m[K
[46.094s] [01m[K/home/d-lab/workspace/ros_ur_driver/src/moveit2/moveit_core/collision_detection/include/moveit/collision_detection/test_collision_common_panda.h:87:53:[m[K [01;31m[Kerror: [m[Ktemplate argument 2 is invalid
[46.094s] [01m[K/home/d-lab/workspace/ros_ur_driver/src/moveit2/moveit_core/collision_detection/include/moveit/collision_detection/test_collision_common_panda.h:88:29:[m[K [01;31m[Kerror: [m[Kâ€˜[01m[KDisabledCollision[m[Kâ€™ in â€˜[01m[Kclass srdf::Model[m[Kâ€™ does not name a type
[46.094s]    88 |     for (const srdf::Model::[01;31m[KDisabledCollision[m[K& it : dc)
[46.095s]       |                             [01;31m[K^~~~~~~~~~~~~~~~~[m[K
[46.095s] [01m[K/home/d-lab/workspace/ros_ur_driver/src/moveit2/moveit_core/collision_detection/include/moveit/collision_detection/test_collision_common_panda.h:89:50:[m[K [01;31m[Kerror: [m[Kexpected â€˜[01m[K;[m[Kâ€™ before â€˜[01m[Kcenv_[m[Kâ€™
[46.095s]    89 |       acm_->setEntry(it.link1_, it.link2_, true);
[46.095s]       |                                                  [01;31m[K^[m[K
[46.095s]       |                                                  [32m[K;[m[K
[46.095s]    90 | 
[46.095s]    91 |     [32m[Kcenv_[m[K = value_->allocateEnv(robot_model_);
[46.095s]       |     [32m[K~~~~~[m[K                                         
[46.095s] [01m[K/home/d-lab/workspace/ros_ur_driver/src/moveit2/moveit_core/collision_detection/include/moveit/collision_detection/test_collision_common_panda.h:93:67:[m[K [01;31m[Kerror: [m[Kexpected â€˜[01m[K)[m[Kâ€™ before â€˜[01m[K;[m[Kâ€™ token
[46.095s]    93 |     robot_state_.reset(new moveit::core::RobotState(robot_model_))[01;31m[K;[m[K
[46.096s]       |                                                                   [01;31m[K^[m[K
[46.096s]       |                                                                   [32m[K)[m[K
[46.096s] [01m[K/home/d-lab/workspace/ros_ur_driver/src/moveit2/moveit_core/collision_detection/include/moveit/collision_detection/test_collision_common_panda.h:88:9:[m[K [01;36m[Knote: [m[Kto match this â€˜[01m[K([m[Kâ€™
[46.096s]    88 |     for [01;36m[K([m[Kconst srdf::Model::DisabledCollision& it : dc)
[46.096s]       |         [01;36m[K^[m[K
[46.954s] /home/d-lab/workspace/ros_ur_driver/src/moveit2/moveit_core/collision_detection/include/moveit/collision_detection/test_collision_common_panda.h: In instantiation of â€˜[01m[Kvoid CollisionDetectorPandaTest<CollisionAllocatorType>::SetUp() [with CollisionAllocatorType = collision_detection::CollisionDetectorAllocatorBullet][m[Kâ€™:
[46.954s] [01m[K/home/d-lab/workspace/ros_ur_driver/src/moveit2/moveit_core/collision_detection/include/moveit/collision_detection/test_collision_common_panda.h:75:8:[m[K   required from here
[46.955s] [01m[K/home/d-lab/workspace/ros_ur_driver/src/moveit2/moveit_core/collision_detection/include/moveit/collision_detection/test_collision_common_panda.h:87:56:[m[K [01;31m[Kerror: [m[Kinvalid initialization of reference of type â€˜[01m[Kconst int&[m[Kâ€™ from expression of type â€˜[01m[Kconst std::vector<srdf::Model::CollisionPair>[m[Kâ€™
[46.955s]    87 |     const std::vector<srdf::Model::DisabledCollision>& [01;31m[Kdc[m[K = robot_model_->getSRDF()->getDisabledCollisionPairs();
[46.955s]       |                                                        [01;31m[K^~[m[K
[46.955s] [01m[K/home/d-lab/workspace/ros_ur_driver/src/moveit2/moveit_core/collision_detection/include/moveit/collision_detection/test_collision_common_panda.h:87:56:[m[K [01;35m[Kwarning: [m[Kunused variable â€˜[01m[Kdc[m[Kâ€™ [[01;35m[K-Wunused-variable[m[K]
[47.165s] make[2]: *** [collision_detection_bullet/CMakeFiles/test_bullet_continuous_collision_checking.dir/build.make:63: collision_detection_bullet/CMakeFiles/test_bullet_continuous_collision_checking.dir/test/test_bullet_continuous_collision_checking.cpp.o] Error 1
[47.165s] make[1]: *** [CMakeFiles/Makefile2:2477: collision_detection_bullet/CMakeFiles/test_bullet_continuous_collision_checking.dir/all] Error 2
[47.165s] make[1]: *** Waiting for unfinished jobs....
[47.272s] make[2]: *** [collision_detection_bullet/CMakeFiles/test_bullet_collision_detection_panda.dir/build.make:63: collision_detection_bullet/CMakeFiles/test_bullet_collision_detection_panda.dir/test/test_bullet_collision_detection_panda.cpp.o] Error 1
[47.272s] make[1]: *** [CMakeFiles/Makefile2:2514: collision_detection_bullet/CMakeFiles/test_bullet_collision_detection_panda.dir/all] Error 2
[47.919s] /home/d-lab/workspace/ros_ur_driver/src/moveit2/moveit_core/collision_detection/include/moveit/collision_detection/test_collision_common_panda.h: In instantiation of â€˜[01m[Kvoid CollisionDetectorPandaTest<CollisionAllocatorType>::SetUp() [with CollisionAllocatorType = collision_detection::CollisionDetectorAllocatorFCL][m[Kâ€™:
[47.920s] [01m[K/home/d-lab/workspace/ros_ur_driver/src/moveit2/moveit_core/collision_detection/include/moveit/collision_detection/test_collision_common_panda.h:75:8:[m[K   required from here
[47.920s] [01m[K/home/d-lab/workspace/ros_ur_driver/src/moveit2/moveit_core/collision_detection/include/moveit/collision_detection/test_collision_common_panda.h:87:56:[m[K [01;31m[Kerror: [m[Kinvalid initialization of reference of type â€˜[01m[Kconst int&[m[Kâ€™ from expression of type â€˜[01m[Kconst std::vector<srdf::Model::CollisionPair>[m[Kâ€™
[47.920s]    87 |     const std::vector<srdf::Model::DisabledCollision>& [01;31m[Kdc[m[K = robot_model_->getSRDF()->getDisabledCollisionPairs();
[47.920s]       |                                                        [01;31m[K^~[m[K
[47.920s] [01m[K/home/d-lab/workspace/ros_ur_driver/src/moveit2/moveit_core/collision_detection/include/moveit/collision_detection/test_collision_common_panda.h:87:56:[m[K [01;35m[Kwarning: [m[Kunused variable â€˜[01m[Kdc[m[Kâ€™ [[01;35m[K-Wunused-variable[m[K]
[48.176s] make[2]: *** [collision_detection_fcl/CMakeFiles/test_fcl_collision_detection_panda.dir/build.make:63: collision_detection_fcl/CMakeFiles/test_fcl_collision_detection_panda.dir/test/test_fcl_collision_detection_panda.cpp.o] Error 1
[48.177s] make[1]: *** [CMakeFiles/Makefile2:1498: collision_detection_fcl/CMakeFiles/test_fcl_collision_detection_panda.dir/all] Error 2
[48.395s] [ 76%] [32m[1mLinking CXX executable test_fcl_collision_detection[0m
[48.457s] [ 76%] [32m[1mLinking CXX executable test_fcl_collision_env[0m
[48.661s] [ 76%] Built target test_fcl_collision_detection
[48.720s] [ 76%] Built target test_fcl_collision_env
[48.748s] [ 76%] [32m[1mLinking CXX executable test_time_parameterization[0m
[48.963s] [ 76%] Built target test_time_parameterization
[49.476s] [ 77%] [32m[1mLinking CXX executable test_bullet_collision_detection[0m
[49.700s] [ 77%] Built target test_bullet_collision_detection
[50.222s] [ 78%] [32m[1mLinking CXX executable test_time_optimal_trajectory_generation[0m
[50.365s] [ 78%] Built target test_time_optimal_trajectory_generation
[51.857s] [ 78%] [32m[1mLinking CXX shared library libmoveit_kinematic_constraints.so[0m
[52.001s] [ 78%] Built target moveit_kinematic_constraints
[52.002s] make: *** [Makefile:141: all] Error 2
[52.005s] Invoked command in '/home/d-lab/workspace/ros_ur_driver/build/moveit_core' returned '2': AMENT_PREFIX_PATH=/home/d-lab/workspace/ros_ur_driver/install/srdfdom:/home/d-lab/workspace/ros_ur_driver/install/moveit_common:${AMENT_PREFIX_PATH} CMAKE_PREFIX_PATH=/home/d-lab/workspace/ros_ur_driver/install/srdfdom:/home/d-lab/workspace/ros_ur_driver/install/moveit_common:/opt/ros/foxy LD_LIBRARY_PATH=/home/d-lab/workspace/ros_ur_driver/install/srdfdom/lib:${LD_LIBRARY_PATH} PYTHONPATH=/home/d-lab/workspace/ros_ur_driver/install/srdfdom/lib/python3.8/site-packages:${PYTHONPATH} /usr/bin/cmake --build /home/d-lab/workspace/ros_ur_driver/build/moveit_core -- -j16 -l16
