[0.188s] Invoking command in '/home/d-lab/workspace/ros_ur_driver/src/build/move_arm': CMAKE_PREFIX_PATH=/opt/ros/foxy /usr/bin/cmake --build /home/d-lab/workspace/ros_ur_driver/src/build/move_arm -- -j16 -l16
[0.367s] -- Found ament_cmake: 0.9.9 (/opt/ros/foxy/share/ament_cmake/cmake)
[0.367s] -- Using PYTHON_EXECUTABLE: /usr/bin/python3
[0.368s] -- Found rclcpp: 2.4.1 (/opt/ros/foxy/share/rclcpp/cmake)
[0.373s] -- Using all available rosidl_typesupport_c: rosidl_typesupport_fastrtps_c;rosidl_typesupport_introspection_c
[0.373s] -- Found rosidl_adapter: 1.2.1 (/opt/ros/foxy/share/rosidl_adapter/cmake)
[0.511s] -- Using all available rosidl_typesupport_cpp: rosidl_typesupport_fastrtps_cpp;rosidl_typesupport_introspection_cpp
[0.535s] -- Found rmw_implementation_cmake: 1.0.3 (/opt/ros/foxy/share/rmw_implementation_cmake/cmake)
[0.535s] -- Using RMW implementation 'rmw_fastrtps_cpp' as default
[0.643s] -- Found moveit: 2.2.3 (/opt/ros/foxy/share/moveit/cmake)
[0.643s] -- Found moveit_msgs: 2.1.0 (/opt/ros/foxy/share/moveit_msgs/cmake)
[1.435s] -- Found eigen3_cmake_module: 0.1.1 (/opt/ros/foxy/share/eigen3_cmake_module/cmake)
[1.437s] -- Found ament_lint_auto: 0.9.6 (/opt/ros/foxy/share/ament_lint_auto/cmake)
[1.474s] -- Added test 'copyright' to check source files copyright and LICENSE
[1.475s] -- Added test 'cppcheck' to perform static code analysis on C / C++ code
[1.475s] -- Configured cppcheck include dirs: 
[1.475s] -- Configured cppcheck exclude dirs and/or files: 
[1.476s] -- Added test 'cpplint' to check C / C++ code against the Google style
[1.476s] -- Configured cpplint exclude dirs and/or files: 
[1.476s] -- Added test 'lint_cmake' to check CMake code style
[1.476s] -- Added test 'uncrustify' to check C / C++ code style
[1.476s] -- Configured uncrustify additional arguments: 
[1.476s] -- Added test 'xmllint' to check XML markup files
[1.478s] -- Configuring done
[1.483s] -- Generating done
[1.484s] -- Build files have been written to: /home/d-lab/workspace/ros_ur_driver/src/build/move_arm
[1.502s] [35m[1mScanning dependencies of target move_to_point[0m
[1.534s] [ 50%] [32mBuilding CXX object CMakeFiles/move_to_point.dir/src/move_to_point.cpp.o[0m
[3.579s] [01m[K/home/d-lab/workspace/ros_ur_driver/src/move_arm/src/move_to_point.cpp:[m[K In function â€˜[01m[Kint main(int, char**)[m[Kâ€™:
[3.579s] [01m[K/home/d-lab/workspace/ros_ur_driver/src/move_arm/src/move_to_point.cpp:93:19:[m[K [01;31m[Kerror: [m[Kâ€˜[01m[Krviz_visual_tools[m[Kâ€™ is not a namespace-name
[3.579s]    93 |   namespace rvt = [01;31m[Krviz_visual_tools[m[K;
[3.579s]       |                   [01;31m[K^~~~~~~~~~~~~~~~~[m[K
[3.586s] [01m[K/home/d-lab/workspace/ros_ur_driver/src/move_arm/src/move_to_point.cpp:147:61:[m[K [01;31m[Kerror: [m[Kâ€˜[01m[Kmoveit::core::MoveItErrorCode[m[Kâ€™ has not been declared
[3.586s]   147 | l success = (move_group.plan(my_plan) == moveit::core::[01;31m[KMoveItErrorCode[m[K::SUCCESS);
[3.587s]       |                                                        [01;31m[K^~~~~~~~~~~~~~~[m[K
[3.587s] 
[3.587s] [01m[K/home/d-lab/workspace/ros_ur_driver/src/move_arm/src/move_to_point.cpp:88:40:[m[K [01;35m[Kwarning: [m[Kunused variable â€˜[01m[Kjoint_model_group[m[Kâ€™ [[01;35m[K-Wunused-variable[m[K]
[3.587s]    88 |   const moveit::core::JointModelGroup* [01;35m[Kjoint_model_group[m[K =
[3.587s]       |                                        [01;35m[K^~~~~~~~~~~~~~~~~[m[K
[5.188s] make[2]: *** [CMakeFiles/move_to_point.dir/build.make:63: CMakeFiles/move_to_point.dir/src/move_to_point.cpp.o] Error 1
[5.188s] make[1]: *** [CMakeFiles/Makefile2:78: CMakeFiles/move_to_point.dir/all] Error 2
[5.188s] make: *** [Makefile:141: all] Error 2
[5.191s] Invoked command in '/home/d-lab/workspace/ros_ur_driver/src/build/move_arm' returned '2': CMAKE_PREFIX_PATH=/opt/ros/foxy /usr/bin/cmake --build /home/d-lab/workspace/ros_ur_driver/src/build/move_arm -- -j16 -l16
