[35m[1mScanning dependencies of target cartesian_compliance_controller[0m
[ 50%] [32mBuilding CXX object CMakeFiles/cartesian_compliance_controller.dir/src/cartesian_compliance_controller.cpp.o[0m
[01m[K/home/d-lab/workspace/ros_ur_driver/src/cartesian_controllers/cartesian_compliance_controller/src/cartesian_compliance_controller.cpp:80:35:[m[K [01;31m[Kerror: [m[Kno declaration matches â€˜[01m[Kcontroller_interface::return_type cartesian_compliance_controller::CartesianComplianceController::on_init(const string&)[m[Kâ€™
   80 | controller_interface::return_type [01;31m[KCartesianComplianceController[m[K::on_init(const std::string & controller_name)
      |                                   [01;31m[K^~~~~~~~~~~~~~~~~~~~~~~~~~~~~[m[K
[01m[K/home/d-lab/workspace/ros_ur_driver/src/cartesian_controllers/cartesian_compliance_controller/src/cartesian_compliance_controller.cpp:80:35:[m[K [01;36m[Knote: [m[Kno functions named â€˜[01m[Kcontroller_interface::return_type cartesian_compliance_controller::CartesianComplianceController::on_init(const string&)[m[Kâ€™
In file included from [01m[K/home/d-lab/workspace/ros_ur_driver/src/cartesian_controllers/cartesian_compliance_controller/src/cartesian_compliance_controller.cpp:42[m[K:
[01m[K/home/d-lab/workspace/ros_ur_driver/src/cartesian_controllers/cartesian_compliance_controller/include/cartesian_compliance_controller/cartesian_compliance_controller.h:75:7:[m[K [01;36m[Knote: [m[Kâ€˜[01m[Kclass cartesian_compliance_controller::CartesianComplianceController[m[Kâ€™ defined here
   75 | class [01;36m[KCartesianComplianceController[m[K
      |       [01;36m[K^~~~~~~~~~~~~~~~~~~~~~~~~~~~~[m[K
make[2]: *** [CMakeFiles/cartesian_compliance_controller.dir/build.make:63: CMakeFiles/cartesian_compliance_controller.dir/src/cartesian_compliance_controller.cpp.o] Error 1
make[1]: *** [CMakeFiles/Makefile2:105: CMakeFiles/cartesian_compliance_controller.dir/all] Error 2
make: *** [Makefile:141: all] Error 2
