[0.083s] Invoking command in '/home/d-lab/workspace/ros_ur_driver/build/cartesian_compliance_controller': AMENT_PREFIX_PATH=/home/d-lab/workspace/ros_ur_driver/install/cartesian_motion_controller:/home/d-lab/workspace/ros_ur_driver/install/cartesian_force_controller:/home/d-lab/workspace/ros_ur_driver/install/cartesian_controller_base:/home/d-lab/workspace/ros_ur_driver/install/controller_interface:/home/d-lab/workspace/ros_ur_driver/install/hardware_interface:/home/d-lab/workspace/ros_ur_driver/install/control_msgs:${AMENT_PREFIX_PATH} CMAKE_PREFIX_PATH=/home/d-lab/workspace/ros_ur_driver/install/cartesian_motion_controller:/home/d-lab/workspace/ros_ur_driver/install/cartesian_force_controller:/home/d-lab/workspace/ros_ur_driver/install/cartesian_controller_base:/home/d-lab/workspace/ros_ur_driver/install/controller_interface:/home/d-lab/workspace/ros_ur_driver/install/hardware_interface:/home/d-lab/workspace/ros_ur_driver/install/control_msgs:/opt/ros/foxy LD_LIBRARY_PATH=/home/d-lab/workspace/ros_ur_driver/install/cartesian_motion_controller/lib:/home/d-lab/workspace/ros_ur_driver/install/cartesian_force_controller/lib:/home/d-lab/workspace/ros_ur_driver/install/cartesian_controller_base/lib:/home/d-lab/workspace/ros_ur_driver/install/controller_interface/lib:/home/d-lab/workspace/ros_ur_driver/install/hardware_interface/lib:/home/d-lab/workspace/ros_ur_driver/install/control_msgs/lib:${LD_LIBRARY_PATH} PYTHONPATH=/home/d-lab/workspace/ros_ur_driver/install/control_msgs/lib/python3.8/site-packages:${PYTHONPATH} /usr/bin/cmake --build /home/d-lab/workspace/ros_ur_driver/build/cartesian_compliance_controller -- -j16 -l16
[0.120s] [35m[1mScanning dependencies of target cartesian_compliance_controller[0m
[0.168s] [ 50%] [32mBuilding CXX object CMakeFiles/cartesian_compliance_controller.dir/src/cartesian_compliance_controller.cpp.o[0m
[1.960s] [01m[K/home/d-lab/workspace/ros_ur_driver/src/cartesian_controllers/cartesian_compliance_controller/src/cartesian_compliance_controller.cpp:80:35:[m[K [01;31m[Kerror: [m[Kno declaration matches â€˜[01m[Kcontroller_interface::return_type cartesian_compliance_controller::CartesianComplianceController::on_init(const string&)[m[Kâ€™
[1.960s]    80 | controller_interface::return_type [01;31m[KCartesianComplianceController[m[K::on_init(const std::string & controller_name)
[1.960s]       |                                   [01;31m[K^~~~~~~~~~~~~~~~~~~~~~~~~~~~~[m[K
[1.960s] [01m[K/home/d-lab/workspace/ros_ur_driver/src/cartesian_controllers/cartesian_compliance_controller/src/cartesian_compliance_controller.cpp:80:35:[m[K [01;36m[Knote: [m[Kno functions named â€˜[01m[Kcontroller_interface::return_type cartesian_compliance_controller::CartesianComplianceController::on_init(const string&)[m[Kâ€™
[1.960s] In file included from [01m[K/home/d-lab/workspace/ros_ur_driver/src/cartesian_controllers/cartesian_compliance_controller/src/cartesian_compliance_controller.cpp:42[m[K:
[1.961s] [01m[K/home/d-lab/workspace/ros_ur_driver/src/cartesian_controllers/cartesian_compliance_controller/include/cartesian_compliance_controller/cartesian_compliance_controller.h:75:7:[m[K [01;36m[Knote: [m[Kâ€˜[01m[Kclass cartesian_compliance_controller::CartesianComplianceController[m[Kâ€™ defined here
[1.961s]    75 | class [01;36m[KCartesianComplianceController[m[K
[1.961s]       |       [01;36m[K^~~~~~~~~~~~~~~~~~~~~~~~~~~~~[m[K
[2.512s] make[2]: *** [CMakeFiles/cartesian_compliance_controller.dir/build.make:63: CMakeFiles/cartesian_compliance_controller.dir/src/cartesian_compliance_controller.cpp.o] Error 1
[2.512s] make[1]: *** [CMakeFiles/Makefile2:105: CMakeFiles/cartesian_compliance_controller.dir/all] Error 2
[2.513s] make: *** [Makefile:141: all] Error 2
[2.517s] Invoked command in '/home/d-lab/workspace/ros_ur_driver/build/cartesian_compliance_controller' returned '2': AMENT_PREFIX_PATH=/home/d-lab/workspace/ros_ur_driver/install/cartesian_motion_controller:/home/d-lab/workspace/ros_ur_driver/install/cartesian_force_controller:/home/d-lab/workspace/ros_ur_driver/install/cartesian_controller_base:/home/d-lab/workspace/ros_ur_driver/install/controller_interface:/home/d-lab/workspace/ros_ur_driver/install/hardware_interface:/home/d-lab/workspace/ros_ur_driver/install/control_msgs:${AMENT_PREFIX_PATH} CMAKE_PREFIX_PATH=/home/d-lab/workspace/ros_ur_driver/install/cartesian_motion_controller:/home/d-lab/workspace/ros_ur_driver/install/cartesian_force_controller:/home/d-lab/workspace/ros_ur_driver/install/cartesian_controller_base:/home/d-lab/workspace/ros_ur_driver/install/controller_interface:/home/d-lab/workspace/ros_ur_driver/install/hardware_interface:/home/d-lab/workspace/ros_ur_driver/install/control_msgs:/opt/ros/foxy LD_LIBRARY_PATH=/home/d-lab/workspace/ros_ur_driver/install/cartesian_motion_controller/lib:/home/d-lab/workspace/ros_ur_driver/install/cartesian_force_controller/lib:/home/d-lab/workspace/ros_ur_driver/install/cartesian_controller_base/lib:/home/d-lab/workspace/ros_ur_driver/install/controller_interface/lib:/home/d-lab/workspace/ros_ur_driver/install/hardware_interface/lib:/home/d-lab/workspace/ros_ur_driver/install/control_msgs/lib:${LD_LIBRARY_PATH} PYTHONPATH=/home/d-lab/workspace/ros_ur_driver/install/control_msgs/lib/python3.8/site-packages:${PYTHONPATH} /usr/bin/cmake --build /home/d-lab/workspace/ros_ur_driver/build/cartesian_compliance_controller -- -j16 -l16
