[ 10%] [32mBuilding CXX object CMakeFiles/warehouse_ros_mongo.dir/src/query_results.cpp.o[0m
[ 20%] [32mBuilding CXX object gtest/CMakeFiles/gtest.dir/src/gtest-all.cc.o[0m
[ 30%] [32mBuilding CXX object gtest/CMakeFiles/gtest_main.dir/src/gtest_main.cc.o[0m
[ 40%] [32mBuilding CXX object CMakeFiles/warehouse_ros_mongo.dir/src/message_collection.cpp.o[0m
[ 10%] [32mBuilding CXX object CMakeFiles/warehouse_ros_mongo.dir/src/database_connection.cpp.o[0m
[ 60%] [32m[1mLinking CXX static library libgtest_main.a[0m
[ 60%] Built target gtest_main
make[2]: *** [gtest/CMakeFiles/gtest.dir/build.make:63: gtest/CMakeFiles/gtest.dir/src/gtest-all.cc.o] Interrupt
make[1]: *** [CMakeFiles/Makefile2:238: gtest/CMakeFiles/gtest.dir/all] Interrupt
make[2]: *** [CMakeFiles/warehouse_ros_mongo.dir/build.make:76: CMakeFiles/warehouse_ros_mongo.dir/src/message_collection.cpp.o] Interrupt
make[2]: *** [CMakeFiles/warehouse_ros_mongo.dir/build.make:89: CMakeFiles/warehouse_ros_mongo.dir/src/database_connection.cpp.o] Interrupt
make[2]: *** wait: No child processes.  Stop.
make[2]: *** Waiting for unfinished jobs....
make[2]: *** wait: No child processes.  Stop.
make[1]: *** [CMakeFiles/Makefile2:130: CMakeFiles/warehouse_ros_mongo.dir/all] Error 2
make: *** [Makefile:141: all] Interrupt
