[0.215s] Invoking command in '/home/d-lab/workspace/ros_ur_driver/build/gripper_controllers': AMENT_PREFIX_PATH=/home/d-lab/workspace/ros_ur_driver/install/controller_manager:/home/d-lab/workspace/ros_ur_driver/install/controller_interface:/home/d-lab/workspace/ros_ur_driver/install/hardware_interface:/home/d-lab/workspace/ros_ur_driver/install/ros2_control_test_assets:/home/d-lab/workspace/ros_ur_driver/install/controller_manager_msgs:/home/d-lab/workspace/ros_ur_driver/install/control_msgs:${AMENT_PREFIX_PATH} CMAKE_PREFIX_PATH=/home/d-lab/workspace/ros_ur_driver/install/controller_manager:/home/d-lab/workspace/ros_ur_driver/install/controller_interface:/home/d-lab/workspace/ros_ur_driver/install/hardware_interface:/home/d-lab/workspace/ros_ur_driver/install/ros2_control_test_assets:/home/d-lab/workspace/ros_ur_driver/install/controller_manager_msgs:/home/d-lab/workspace/ros_ur_driver/install/control_msgs:/opt/ros/foxy LD_LIBRARY_PATH=/home/d-lab/workspace/ros_ur_driver/install/controller_manager/lib:/home/d-lab/workspace/ros_ur_driver/install/controller_interface/lib:/home/d-lab/workspace/ros_ur_driver/install/hardware_interface/lib:/home/d-lab/workspace/ros_ur_driver/install/controller_manager_msgs/lib:/home/d-lab/workspace/ros_ur_driver/install/control_msgs/lib:${LD_LIBRARY_PATH} PYTHONPATH=/home/d-lab/workspace/ros_ur_driver/install/controller_manager/lib/python3.8/site-packages:/home/d-lab/workspace/ros_ur_driver/install/controller_manager_msgs/lib/python3.8/site-packages:/home/d-lab/workspace/ros_ur_driver/install/control_msgs/lib/python3.8/site-packages:${PYTHONPATH} /usr/bin/cmake --build /home/d-lab/workspace/ros_ur_driver/build/gripper_controllers -- -j16 -l16
[0.239s] -- Found ament_cmake: 0.9.9 (/opt/ros/foxy/share/ament_cmake/cmake)
[0.256s] -- Using PYTHON_EXECUTABLE: /usr/bin/python3
[0.394s] -- Found rclcpp_action: 2.4.1 (/opt/ros/foxy/share/rclcpp_action/cmake)
[0.425s] -- Using all available rosidl_typesupport_c: rosidl_typesupport_fastrtps_c;rosidl_typesupport_introspection_c
[0.429s] -- Found rosidl_adapter: 1.2.1 (/opt/ros/foxy/share/rosidl_adapter/cmake)
[0.578s] -- Using all available rosidl_typesupport_cpp: rosidl_typesupport_fastrtps_cpp;rosidl_typesupport_introspection_cpp
[0.716s] -- Found rmw_implementation_cmake: 1.0.3 (/opt/ros/foxy/share/rmw_implementation_cmake/cmake)
[0.717s] -- Using RMW implementation 'rmw_fastrtps_cpp' as default
[0.901s] -- Found control_msgs: 2.5.1 (/home/d-lab/workspace/ros_ur_driver/install/control_msgs/share/control_msgs/cmake)
[1.165s] -- Found control_toolbox: 2.0.2 (/opt/ros/foxy/share/control_toolbox/cmake)
[1.179s] -- Found controller_interface: 0.10.0 (/home/d-lab/workspace/ros_ur_driver/install/controller_interface/share/controller_interface/cmake)
[1.365s] -- Found ament_cmake_gmock: 0.9.9 (/opt/ros/foxy/share/ament_cmake_gmock/cmake)
[1.365s] -- Found controller_manager: 0.10.0 (/home/d-lab/workspace/ros_ur_driver/install/controller_manager/share/controller_manager/cmake)
[1.417s] -- Found ros2_control_test_assets: 0.10.0 (/home/d-lab/workspace/ros_ur_driver/install/ros2_control_test_assets/share/ros2_control_test_assets/cmake)
[1.418s] -- Found gmock sources under '/opt/ros/foxy/src/gmock_vendor': C++ tests using 'Google Mock' will be built
[1.420s] -- Found ament_cmake_gtest: 0.9.9 (/opt/ros/foxy/share/ament_cmake_gtest/cmake)
[1.420s] -- Found gtest sources under '/opt/ros/foxy/src/gtest_vendor': C++ tests using 'Google Test' will be built
[1.542s] -- Configuring done
[1.594s] -- Generating done
[1.598s] -- Build files have been written to: /home/d-lab/workspace/ros_ur_driver/build/gripper_controllers
[1.628s] [35m[1mScanning dependencies of target gripper_action_controller[0m
[1.636s] [ 33%] Built target gmock
[1.639s] [ 55%] Built target gmock_main
[1.650s] [35m[1mScanning dependencies of target test_load_gripper_action_controllers[0m
[1.664s] [ 66%] [32mBuilding CXX object CMakeFiles/gripper_action_controller.dir/src/gripper_action_controller.cpp.o[0m
[1.696s] [ 77%] [32mBuilding CXX object CMakeFiles/test_load_gripper_action_controllers.dir/test/test_load_gripper_action_controllers.cpp.o[0m
[3.884s] In file included from [01m[K/home/d-lab/workspace/ros_ur_driver/src/ros2_controllers/gripper_controllers/include/gripper_controllers/gripper_action_controller.hpp:175[m[K,
[3.884s]                  from [01m[K/home/d-lab/workspace/ros_ur_driver/src/ros2_controllers/gripper_controllers/src/gripper_action_controller.cpp:18[m[K:
[3.884s] /home/d-lab/workspace/ros_ur_driver/src/ros2_controllers/gripper_controllers/include/gripper_controllers/gripper_action_controller.hpp: In instantiation of â€˜[01m[Kclass gripper_action_controller::GripperActionController<(& hardware_interface::HW_IF_EFFORT)>[m[Kâ€™:
[3.884s] [01m[K/opt/ros/foxy/include/class_loader/meta_object.hpp:218:12:[m[K   required from â€˜[01m[KB* class_loader::impl::MetaObject<C, B>::create() const [with C = gripper_action_controller::GripperActionController<(& hardware_interface::HW_IF_EFFORT)>; B = controller_interface::ControllerInterface][m[Kâ€™
[3.884s] [01m[K/opt/ros/foxy/include/class_loader/meta_object.hpp:216:7:[m[K   required from here
[3.884s] [01m[K/home/d-lab/workspace/ros_ur_driver/src/ros2_controllers/gripper_controllers/include/gripper_controllers/gripper_action_controller_impl.hpp:39:1:[m[K [01;31m[Kerror: [m[Kâ€˜[01m[Krclcpp_lifecycle::node_interfaces::LifecycleNodeInterface::CallbackReturn gripper_action_controller::GripperActionController<HardwareInterface>::on_init() [with const char* HardwareInterface = (& hardware_interface::HW_IF_EFFORT)][m[Kâ€™ marked â€˜[01m[Koverride[m[Kâ€™, but does not override
[3.884s]    39 | [01;31m[KGripperActionController<HardwareInterface>[m[K::on_init()
[3.885s]       | [01;31m[K^~~~~~~~~~~~~~~~~~~~~~~~~~~~~~~~~~~~~~~~~~[m[K
[3.889s] /home/d-lab/workspace/ros_ur_driver/src/ros2_controllers/gripper_controllers/include/gripper_controllers/gripper_action_controller.hpp: In instantiation of â€˜[01m[Kclass gripper_action_controller::GripperActionController<(& hardware_interface::HW_IF_POSITION)>[m[Kâ€™:
[3.889s] [01m[K/opt/ros/foxy/include/class_loader/meta_object.hpp:218:12:[m[K   required from â€˜[01m[KB* class_loader::impl::MetaObject<C, B>::create() const [with C = gripper_action_controller::GripperActionController<(& hardware_interface::HW_IF_POSITION)>; B = controller_interface::ControllerInterface][m[Kâ€™
[3.889s] [01m[K/opt/ros/foxy/include/class_loader/meta_object.hpp:216:7:[m[K   required from here
[3.889s] [01m[K/home/d-lab/workspace/ros_ur_driver/src/ros2_controllers/gripper_controllers/include/gripper_controllers/gripper_action_controller_impl.hpp:39:1:[m[K [01;31m[Kerror: [m[Kâ€˜[01m[Krclcpp_lifecycle::node_interfaces::LifecycleNodeInterface::CallbackReturn gripper_action_controller::GripperActionController<HardwareInterface>::on_init() [with const char* HardwareInterface = (& hardware_interface::HW_IF_POSITION)][m[Kâ€™ marked â€˜[01m[Koverride[m[Kâ€™, but does not override
[3.945s] In file included from [01m[K/home/d-lab/workspace/ros_ur_driver/src/ros2_controllers/gripper_controllers/include/gripper_controllers/gripper_action_controller.hpp:175[m[K,
[3.945s]                  from [01m[K/home/d-lab/workspace/ros_ur_driver/src/ros2_controllers/gripper_controllers/src/gripper_action_controller.cpp:18[m[K:
[3.945s] [01m[K/home/d-lab/workspace/ros_ur_driver/src/ros2_controllers/gripper_controllers/include/gripper_controllers/gripper_action_controller_impl.hpp:337:1:[m[K [01;35m[Kwarning: [m[Kâ€˜[01m[Kgripper_action_controller::GripperActionController<HardwareInterface>::GripperActionController() [with const char* HardwareInterface = (& hardware_interface::HW_IF_EFFORT)][m[Kâ€™ used but never defined
[3.946s]   337 | [01;35m[KGripperActionController<HardwareInterface>[m[K::GripperActionController()
[3.946s]       | [01;35m[K^~~~~~~~~~~~~~~~~~~~~~~~~~~~~~~~~~~~~~~~~~[m[K
[3.946s] [01m[K/home/d-lab/workspace/ros_ur_driver/src/ros2_controllers/gripper_controllers/include/gripper_controllers/gripper_action_controller_impl.hpp:337:1:[m[K [01;35m[Kwarning: [m[Kâ€˜[01m[Kgripper_action_controller::GripperActionController<HardwareInterface>::GripperActionController() [with const char* HardwareInterface = (& hardware_interface::HW_IF_POSITION)][m[Kâ€™ used but never defined
[3.963s] make[2]: *** [CMakeFiles/gripper_action_controller.dir/build.make:63: CMakeFiles/gripper_action_controller.dir/src/gripper_action_controller.cpp.o] Error 1
[3.963s] make[1]: *** [CMakeFiles/Makefile2:123: CMakeFiles/gripper_action_controller.dir/all] Error 2
[3.964s] make[1]: *** Waiting for unfinished jobs....
[5.861s] [ 88%] [32m[1mLinking CXX executable test_load_gripper_action_controllers[0m
[6.005s] [ 88%] Built target test_load_gripper_action_controllers
[6.006s] make: *** [Makefile:141: all] Error 2
