[  3%] Built target gmock_main
[  8%] Built target gmock
[ 11%] Built target moveit_rdf_loader
[ 14%] Built target moveit_collision_plugin_loader
[ 17%] Built target moveit_list_request_adapter_plugins
[ 20%] Built target moveit_planning_pipeline
[ 24%] Built target moveit_kinematics_plugin_loader
[ 27%] Built target moveit_constraint_sampler_manager_loader
[ 43%] Built target moveit_default_planning_request_adapter_plugins
[ 46%] Built target moveit_robot_model_loader
[ 50%] Built target moveit_print_planning_model_info
[ 53%] Built target moveit_kinematics_speed_and_validity_evaluator
[ 56%] Built target moveit_evaluate_state_operations_speed
[ 64%] Built target moveit_planning_scene_monitor
[ 70%] Built target moveit_visualize_robot_collision_volume
[ 70%] Built target current_state_monitor_tests
[ 74%] Built target moveit_display_random_state
[ 77%] Built target moveit_evaluate_collision_checking_speed
[ 80%] Built target moveit_publish_scene_from_text
[ 83%] Built target demo_scene
[ 87%] Built target moveit_trajectory_execution_manager
[ 90%] Built target moveit_print_planning_scene_info
[ 95%] Built target moveit_plan_execution
[100%] Built target moveit_cpp
-- Install configuration: "Release"
-- Up-to-date: /home/d-lab/workspace/ros_ur_driver/install/moveit_ros_planning/lib/libmoveit_rdf_loader.so.2.2.3
-- Up-to-date: /home/d-lab/workspace/ros_ur_driver/install/moveit_ros_planning/lib/libmoveit_rdf_loader.so
-- Up-to-date: /home/d-lab/workspace/ros_ur_driver/install/moveit_ros_planning/lib/libmoveit_kinematics_plugin_loader.so.2.2.3
-- Up-to-date: /home/d-lab/workspace/ros_ur_driver/install/moveit_ros_planning/lib/libmoveit_kinematics_plugin_loader.so
-- Up-to-date: /home/d-lab/workspace/ros_ur_driver/install/moveit_ros_planning/lib/libmoveit_robot_model_loader.so.2.2.3
-- Up-to-date: /home/d-lab/workspace/ros_ur_driver/install/moveit_ros_planning/lib/libmoveit_robot_model_loader.so
-- Up-to-date: /home/d-lab/workspace/ros_ur_driver/install/moveit_ros_planning/lib/libmoveit_constraint_sampler_manager_loader.so.2.2.3
-- Up-to-date: /home/d-lab/workspace/ros_ur_driver/install/moveit_ros_planning/lib/libmoveit_constraint_sampler_manager_loader.so
-- Up-to-date: /home/d-lab/workspace/ros_ur_driver/install/moveit_ros_planning/lib/libmoveit_planning_pipeline.so.2.2.3
-- Up-to-date: /home/d-lab/workspace/ros_ur_driver/install/moveit_ros_planning/lib/libmoveit_planning_pipeline.so
-- Up-to-date: /home/d-lab/workspace/ros_ur_driver/install/moveit_ros_planning/lib/libmoveit_trajectory_execution_manager.so.2.2.3
-- Up-to-date: /home/d-lab/workspace/ros_ur_driver/install/moveit_ros_planning/lib/libmoveit_trajectory_execution_manager.so
-- Up-to-date: /home/d-lab/workspace/ros_ur_driver/install/moveit_ros_planning/lib/libmoveit_plan_execution.so.2.2.3
-- Up-to-date: /home/d-lab/workspace/ros_ur_driver/install/moveit_ros_planning/lib/libmoveit_plan_execution.so
-- Up-to-date: /home/d-lab/workspace/ros_ur_driver/install/moveit_ros_planning/lib/libmoveit_planning_scene_monitor.so.2.2.3
-- Up-to-date: /home/d-lab/workspace/ros_ur_driver/install/moveit_ros_planning/lib/libmoveit_planning_scene_monitor.so
-- Up-to-date: /home/d-lab/workspace/ros_ur_driver/install/moveit_ros_planning/lib/libmoveit_collision_plugin_loader.so.2.2.3
-- Up-to-date: /home/d-lab/workspace/ros_ur_driver/install/moveit_ros_planning/lib/libmoveit_collision_plugin_loader.so
-- Up-to-date: /home/d-lab/workspace/ros_ur_driver/install/moveit_ros_planning/lib/libmoveit_default_planning_request_adapter_plugins.so.2.2.3
-- Up-to-date: /home/d-lab/workspace/ros_ur_driver/install/moveit_ros_planning/lib/libmoveit_default_planning_request_adapter_plugins.so
-- Up-to-date: /home/d-lab/workspace/ros_ur_driver/install/moveit_ros_planning/lib/libmoveit_cpp.so.2.2.3
-- Up-to-date: /home/d-lab/workspace/ros_ur_driver/install/moveit_ros_planning/lib/libmoveit_cpp.so
-- Up-to-date: /home/d-lab/workspace/ros_ur_driver/install/moveit_ros_planning/share/moveit_ros_planning/environment/library_path.sh
-- Up-to-date: /home/d-lab/workspace/ros_ur_driver/install/moveit_ros_planning/share/moveit_ros_planning/environment/library_path.dsv
-- Up-to-date: /home/d-lab/workspace/ros_ur_driver/install/moveit_ros_planning/share/moveit_ros_planning/planning_request_adapters_plugin_description.xml
-- Up-to-date: /home/d-lab/workspace/ros_ur_driver/install/moveit_ros_planning/share/ament_index/resource_index/package_run_dependencies/moveit_ros_planning
-- Up-to-date: /home/d-lab/workspace/ros_ur_driver/install/moveit_ros_planning/share/ament_index/resource_index/parent_prefix_path/moveit_ros_planning
-- Up-to-date: /home/d-lab/workspace/ros_ur_driver/install/moveit_ros_planning/share/moveit_ros_planning/environment/ament_prefix_path.sh
-- Up-to-date: /home/d-lab/workspace/ros_ur_driver/install/moveit_ros_planning/share/moveit_ros_planning/environment/ament_prefix_path.dsv
-- Up-to-date: /home/d-lab/workspace/ros_ur_driver/install/moveit_ros_planning/share/moveit_ros_planning/environment/path.sh
-- Up-to-date: /home/d-lab/workspace/ros_ur_driver/install/moveit_ros_planning/share/moveit_ros_planning/environment/path.dsv
-- Up-to-date: /home/d-lab/workspace/ros_ur_driver/install/moveit_ros_planning/share/moveit_ros_planning/local_setup.bash
-- Up-to-date: /home/d-lab/workspace/ros_ur_driver/install/moveit_ros_planning/share/moveit_ros_planning/local_setup.sh
-- Up-to-date: /home/d-lab/workspace/ros_ur_driver/install/moveit_ros_planning/share/moveit_ros_planning/local_setup.zsh
-- Up-to-date: /home/d-lab/workspace/ros_ur_driver/install/moveit_ros_planning/share/moveit_ros_planning/local_setup.dsv
-- Installing: /home/d-lab/workspace/ros_ur_driver/install/moveit_ros_planning/share/moveit_ros_planning/package.dsv
-- Up-to-date: /home/d-lab/workspace/ros_ur_driver/install/moveit_ros_planning/share/ament_index/resource_index/packages/moveit_ros_planning
-- Up-to-date: /home/d-lab/workspace/ros_ur_driver/install/moveit_ros_planning/share/ament_index/resource_index/moveit_core__pluginlib__plugin/moveit_ros_planning
-- Up-to-date: /home/d-lab/workspace/ros_ur_driver/install/moveit_ros_planning/share/moveit_ros_planning/cmake/export_moveit_ros_planningExport.cmake
-- Up-to-date: /home/d-lab/workspace/ros_ur_driver/install/moveit_ros_planning/share/moveit_ros_planning/cmake/export_moveit_ros_planningExport-release.cmake
-- Up-to-date: /home/d-lab/workspace/ros_ur_driver/install/moveit_ros_planning/share/moveit_ros_planning/cmake/ConfigExtras.cmake
-- Up-to-date: /home/d-lab/workspace/ros_ur_driver/install/moveit_ros_planning/share/moveit_ros_planning/cmake/ament_cmake_export_targets-extras.cmake
-- Up-to-date: /home/d-lab/workspace/ros_ur_driver/install/moveit_ros_planning/share/moveit_ros_planning/cmake/ament_cmake_export_dependencies-extras.cmake
-- Up-to-date: /home/d-lab/workspace/ros_ur_driver/install/moveit_ros_planning/share/moveit_ros_planning/cmake/moveit_ros_planningConfig.cmake
-- Up-to-date: /home/d-lab/workspace/ros_ur_driver/install/moveit_ros_planning/share/moveit_ros_planning/cmake/moveit_ros_planningConfig-version.cmake
-- Up-to-date: /home/d-lab/workspace/ros_ur_driver/install/moveit_ros_planning/share/moveit_ros_planning/package.xml
-- Up-to-date: /home/d-lab/workspace/ros_ur_driver/install/moveit_ros_planning/include
-- Up-to-date: /home/d-lab/workspace/ros_ur_driver/install/moveit_ros_planning/include/moveit
-- Up-to-date: /home/d-lab/workspace/ros_ur_driver/install/moveit_ros_planning/include/moveit/rdf_loader
-- Up-to-date: /home/d-lab/workspace/ros_ur_driver/install/moveit_ros_planning/include/moveit/rdf_loader/rdf_loader.h
-- Up-to-date: /home/d-lab/workspace/ros_ur_driver/install/moveit_ros_planning/include
-- Up-to-date: /home/d-lab/workspace/ros_ur_driver/install/moveit_ros_planning/include/moveit
-- Up-to-date: /home/d-lab/workspace/ros_ur_driver/install/moveit_ros_planning/include/moveit/collision_plugin_loader
-- Up-to-date: /home/d-lab/workspace/ros_ur_driver/install/moveit_ros_planning/include/moveit/collision_plugin_loader/collision_plugin_loader.h
-- Up-to-date: /home/d-lab/workspace/ros_ur_driver/install/moveit_ros_planning/include
-- Up-to-date: /home/d-lab/workspace/ros_ur_driver/install/moveit_ros_planning/include/moveit
-- Up-to-date: /home/d-lab/workspace/ros_ur_driver/install/moveit_ros_planning/include/moveit/kinematics_plugin_loader
-- Up-to-date: /home/d-lab/workspace/ros_ur_driver/install/moveit_ros_planning/include/moveit/kinematics_plugin_loader/kinematics_plugin_loader.h
-- Up-to-date: /home/d-lab/workspace/ros_ur_driver/install/moveit_ros_planning/include
-- Up-to-date: /home/d-lab/workspace/ros_ur_driver/install/moveit_ros_planning/include/moveit
-- Up-to-date: /home/d-lab/workspace/ros_ur_driver/install/moveit_ros_planning/include/moveit/robot_model_loader
-- Up-to-date: /home/d-lab/workspace/ros_ur_driver/install/moveit_ros_planning/include/moveit/robot_model_loader/robot_model_loader.h
-- Up-to-date: /home/d-lab/workspace/ros_ur_driver/install/moveit_ros_planning/include
-- Up-to-date: /home/d-lab/workspace/ros_ur_driver/install/moveit_ros_planning/include/moveit
-- Up-to-date: /home/d-lab/workspace/ros_ur_driver/install/moveit_ros_planning/include/moveit/constraint_sampler_manager_loader
-- Up-to-date: /home/d-lab/workspace/ros_ur_driver/install/moveit_ros_planning/include/moveit/constraint_sampler_manager_loader/constraint_sampler_manager_loader.h
-- Up-to-date: /home/d-lab/workspace/ros_ur_driver/install/moveit_ros_planning/include
-- Up-to-date: /home/d-lab/workspace/ros_ur_driver/install/moveit_ros_planning/include/moveit
-- Up-to-date: /home/d-lab/workspace/ros_ur_driver/install/moveit_ros_planning/include/moveit/planning_pipeline
-- Up-to-date: /home/d-lab/workspace/ros_ur_driver/install/moveit_ros_planning/include/moveit/planning_pipeline/planning_pipeline.h
-- Up-to-date: /home/d-lab/workspace/ros_ur_driver/install/moveit_ros_planning/include/moveit_planning_pipeline_export.h
-- Up-to-date: /home/d-lab/workspace/ros_ur_driver/install/moveit_ros_planning/lib/moveit_ros_planning/moveit_list_request_adapter_plugins
-- Up-to-date: /home/d-lab/workspace/ros_ur_driver/install/moveit_ros_planning/lib/moveit_ros_planning/demo_scene
-- Up-to-date: /home/d-lab/workspace/ros_ur_driver/install/moveit_ros_planning/include
-- Up-to-date: /home/d-lab/workspace/ros_ur_driver/install/moveit_ros_planning/include/moveit
-- Up-to-date: /home/d-lab/workspace/ros_ur_driver/install/moveit_ros_planning/include/moveit/planning_scene_monitor
-- Up-to-date: /home/d-lab/workspace/ros_ur_driver/install/moveit_ros_planning/include/moveit/planning_scene_monitor/current_state_monitor.h
-- Up-to-date: /home/d-lab/workspace/ros_ur_driver/install/moveit_ros_planning/include/moveit/planning_scene_monitor/current_state_monitor_middleware_handle.hpp
-- Up-to-date: /home/d-lab/workspace/ros_ur_driver/install/moveit_ros_planning/include/moveit/planning_scene_monitor/trajectory_monitor.h
-- Up-to-date: /home/d-lab/workspace/ros_ur_driver/install/moveit_ros_planning/include/moveit/planning_scene_monitor/planning_scene_monitor.h
-- Up-to-date: /home/d-lab/workspace/ros_ur_driver/install/moveit_ros_planning/include/moveit_planning_scene_monitor_export.h
-- Up-to-date: /home/d-lab/workspace/ros_ur_driver/install/moveit_ros_planning/lib/moveit_ros_planning/moveit_print_planning_model_info
-- Up-to-date: /home/d-lab/workspace/ros_ur_driver/install/moveit_ros_planning/lib/moveit_ros_planning/moveit_print_planning_scene_info
-- Up-to-date: /home/d-lab/workspace/ros_ur_driver/install/moveit_ros_planning/lib/moveit_ros_planning/moveit_display_random_state
-- Up-to-date: /home/d-lab/workspace/ros_ur_driver/install/moveit_ros_planning/lib/moveit_ros_planning/moveit_visualize_robot_collision_volume
-- Up-to-date: /home/d-lab/workspace/ros_ur_driver/install/moveit_ros_planning/lib/moveit_ros_planning/moveit_evaluate_collision_checking_speed
-- Up-to-date: /home/d-lab/workspace/ros_ur_driver/install/moveit_ros_planning/lib/moveit_ros_planning/moveit_evaluate_state_operations_speed
-- Up-to-date: /home/d-lab/workspace/ros_ur_driver/install/moveit_ros_planning/lib/moveit_ros_planning/moveit_kinematics_speed_and_validity_evaluator
-- Up-to-date: /home/d-lab/workspace/ros_ur_driver/install/moveit_ros_planning/lib/moveit_ros_planning/moveit_publish_scene_from_text
-- Up-to-date: /home/d-lab/workspace/ros_ur_driver/install/moveit_ros_planning/include
-- Up-to-date: /home/d-lab/workspace/ros_ur_driver/install/moveit_ros_planning/include/moveit
-- Up-to-date: /home/d-lab/workspace/ros_ur_driver/install/moveit_ros_planning/include/moveit/trajectory_execution_manager
-- Up-to-date: /home/d-lab/workspace/ros_ur_driver/install/moveit_ros_planning/include/moveit/trajectory_execution_manager/trajectory_execution_manager.h
-- Up-to-date: /home/d-lab/workspace/ros_ur_driver/install/moveit_ros_planning/include/moveit_trajectory_execution_manager_export.h
-- Up-to-date: /home/d-lab/workspace/ros_ur_driver/install/moveit_ros_planning/include
-- Up-to-date: /home/d-lab/workspace/ros_ur_driver/install/moveit_ros_planning/include/moveit
-- Up-to-date: /home/d-lab/workspace/ros_ur_driver/install/moveit_ros_planning/include/moveit/plan_execution
-- Up-to-date: /home/d-lab/workspace/ros_ur_driver/install/moveit_ros_planning/include/moveit/plan_execution/plan_execution.h
-- Up-to-date: /home/d-lab/workspace/ros_ur_driver/install/moveit_ros_planning/include/moveit/plan_execution/plan_with_sensing.h
-- Up-to-date: /home/d-lab/workspace/ros_ur_driver/install/moveit_ros_planning/include/moveit/plan_execution/plan_representation.h
-- Up-to-date: /home/d-lab/workspace/ros_ur_driver/install/moveit_ros_planning/include
-- Up-to-date: /home/d-lab/workspace/ros_ur_driver/install/moveit_ros_planning/include/moveit
-- Up-to-date: /home/d-lab/workspace/ros_ur_driver/install/moveit_ros_planning/include/moveit/moveit_cpp
-- Up-to-date: /home/d-lab/workspace/ros_ur_driver/install/moveit_ros_planning/include/moveit/moveit_cpp/planning_component.h
-- Up-to-date: /home/d-lab/workspace/ros_ur_driver/install/moveit_ros_planning/include/moveit/moveit_cpp/moveit_cpp.h
Traceback (most recent call last):
  File "/usr/lib/python3/dist-packages/colcon_parallel_executor/executor/parallel.py", line 67, in execute
    loop.run_until_complete(future)
  File "/usr/lib/python3.8/asyncio/base_events.py", line 603, in run_until_complete
    self.run_forever()
  File "/usr/lib/python3.8/asyncio/base_events.py", line 570, in run_forever
    self._run_once()
  File "/usr/lib/python3.8/asyncio/base_events.py", line 1823, in _run_once
    event_list = self._selector.select(timeout)
  File "/usr/lib/python3.8/selectors.py", line 468, in select
    fd_event_list = self._selector.poll(timeout, max_ev)
KeyboardInterrupt

During handling of the above exception, another exception occurred:

Traceback (most recent call last):
  File "/usr/lib/python3/dist-packages/colcon_core/executor/__init__.py", line 91, in __call__
    rc = await self.task(*args, **kwargs)
  File "/usr/lib/python3/dist-packages/colcon_core/task/__init__.py", line 93, in __call__
    return await task_method(*args, **kwargs)
  File "/usr/lib/python3/dist-packages/colcon_ros/task/ament_cmake/build.py", line 65, in build
    has_install_target = await has_target(args.build_base, 'install')
  File "/usr/lib/python3/dist-packages/colcon_cmake/task/cmake/__init__.py", line 57, in has_target
    return target in await get_makefile_targets(path)
  File "/usr/lib/python3/dist-packages/colcon_cmake/task/cmake/__init__.py", line 77, in get_makefile_targets
    output = await check_output([
  File "/usr/lib/python3/dist-packages/colcon_core/subprocess.py", line 128, in check_output
    assert not rc, f'Expected {args} to pass: {stderr_data}'
AssertionError: Expected ['/usr/bin/cmake', '--build', '/home/d-lab/workspace/ros_ur_driver/build/moveit_ros_planning', '--target', 'help'] to pass: make: *** [Makefile:537: help] Interrupt

