[01m[K/home/d-lab/workspace/ros_ur_driver/src/move_arm_server/src/move_arm_server.cpp:[m[K In constructor â€˜[01m[KMoveArmServer::MoveArmServer()[m[Kâ€™:
[01m[K/home/d-lab/workspace/ros_ur_driver/src/move_arm_server/src/move_arm_server.cpp:17:23:[m[K [01;31m[Kerror: [m[Kâ€˜[01m[Kmove_group_node[m[Kâ€™ was not declared in this scope
   17 |     executor.add_node([01;31m[Kmove_group_node[m[K);
      |                       [01;31m[K^~~~~~~~~~~~~~~[m[K
[01m[K/home/d-lab/workspace/ros_ur_driver/src/move_arm_server/src/move_arm_server.cpp:25:68:[m[K [01;31m[Kerror: [m[Krequest for member â€˜[01m[Kmove_group_node[m[Kâ€™ in â€˜[01m[K(MoveArmServer*)this[m[Kâ€™, which is of pointer type â€˜[01m[KMoveArmServer*[m[Kâ€™ (maybe you meant to use â€˜[01m[K->[m[Kâ€™ ?)
   25 |     moveit::planning_interface::MoveGroupInterface move_group(this.[01;31m[Kmove_group_node[m[K, PLANNING_GROUP);
      |                                                                    [01;31m[K^~~~~~~~~~~~~~~[m[K
[01m[K/home/d-lab/workspace/ros_ur_driver/src/move_arm_server/src/move_arm_server.cpp:[m[K In function â€˜[01m[Kvoid add(std::shared_ptr<move_arm_interfaces::srv::MoveArm_Request_<std::allocator<void> > >, std::shared_ptr<move_arm_interfaces::srv::MoveArm_Response_<std::allocator<void> > >)[m[Kâ€™:
[01m[K/home/d-lab/workspace/ros_ur_driver/src/move_arm_server/src/move_arm_server.cpp:34:76:[m[K [01;35m[Kwarning: [m[Kunused parameter â€˜[01m[Krequest[m[Kâ€™ [[01;35m[K-Wunused-parameter[m[K]
   34 | void add([01;35m[Kconst std::shared_ptr<move_arm_interfaces::srv::MoveArm::Request> request[m[K,
      |          [01;35m[K~~~~~~~~~~~~~~~~~~~~~~~~~~~~~~~~~~~~~~~~~~~~~~~~~~~~~~~~~~~~~~~~~~^~~~~~~[m[K
[01m[K/home/d-lab/workspace/ros_ur_driver/src/move_arm_server/src/move_arm_server.cpp:[m[K In function â€˜[01m[Kvoid writeToCsv(moveit_msgs::msg::RobotTrajectory)[m[Kâ€™:
[01m[K/home/d-lab/workspace/ros_ur_driver/src/move_arm_server/src/move_arm_server.cpp:41:51:[m[K [01;35m[Kwarning: [m[Kunused parameter â€˜[01m[Ktrajectory[m[Kâ€™ [[01;35m[K-Wunused-parameter[m[K]
   41 | void writeToCsv([01;35m[Kmoveit_msgs::msg::RobotTrajectory trajectory[m[K){
      |                 [01;35m[K~~~~~~~~~~~~~~~~~~~~~~~~~~~~~~~~~~^~~~~~~~~~[m[K
make[2]: *** [CMakeFiles/server.dir/build.make:63: CMakeFiles/server.dir/src/move_arm_server.cpp.o] Error 1
make[1]: *** [CMakeFiles/Makefile2:80: CMakeFiles/server.dir/all] Error 2
make: *** [Makefile:141: all] Error 2
