[01m[K/home/d-lab/workspace/ros_ur_driver/src/move_arm/src/move_to_point.cpp:[m[K In function â€˜[01m[Kint main(int, char**)[m[Kâ€™:
[01m[K/home/d-lab/workspace/ros_ur_driver/src/move_arm/src/move_to_point.cpp:164:61:[m[K [01;31m[Kerror: [m[Kâ€˜[01m[Kmoveit::core::MoveItErrorCode[m[Kâ€™ has not been declared
  164 | ove_group.plan(my_plan) == moveit::core::[01;31m[KMoveItErrorCode[m[K::SUCCESS);
      |                                          [01;31m[K^~~~~~~~~~~~~~~[m[K

make[2]: *** [CMakeFiles/move_to_point.dir/build.make:63: CMakeFiles/move_to_point.dir/src/move_to_point.cpp.o] Error 1
make[1]: *** [CMakeFiles/Makefile2:78: CMakeFiles/move_to_point.dir/all] Error 2
make: *** [Makefile:141: all] Error 2
