[0.213s] Invoking command in '/home/d-lab/workspace/ros_ur_driver/build/robotiq_description': /usr/bin/cmake --build /home/d-lab/workspace/ros_ur_driver/build/robotiq_description -- -j16 -l16
[0.243s] -- Found ament_cmake: 0.9.9 (/opt/ros/foxy/share/ament_cmake/cmake)
[0.261s] -- Using PYTHON_EXECUTABLE: /usr/bin/python3
[0.433s] Traceback (most recent call last):
[0.434s]   File "/opt/ros/foxy/share/ament_cmake_core/cmake/package_templates/templates_2_cmake.py", line 21, in <module>
[0.434s]     from ament_package.templates import get_environment_hook_template_path
[0.434s] ModuleNotFoundError: No module named 'ament_package'
[0.435s] CMake Error at /opt/ros/foxy/share/ament_cmake_core/cmake/ament_cmake_package_templates-extras.cmake:41 (message):
[0.435s]   execute_process(/usr/bin/python3
[0.435s]   /opt/ros/foxy/share/ament_cmake_core/cmake/package_templates/templates_2_cmake.py
[0.435s]   /home/d-lab/workspace/ros_ur_driver/build/robotiq_description/ament_cmake_package_templates/templates.cmake)
[0.436s]   returned error code 1
[0.436s] Call Stack (most recent call first):
[0.436s]   /opt/ros/foxy/share/ament_cmake_core/cmake/ament_cmake_coreConfig.cmake:41 (include)
[0.436s]   /opt/ros/foxy/share/ament_cmake/cmake/ament_cmake_export_dependencies-extras.cmake:15 (find_package)
[0.436s]   /opt/ros/foxy/share/ament_cmake/cmake/ament_cmakeConfig.cmake:41 (include)
[0.436s]   CMakeLists.txt:7 (find_package)
[0.436s] 
[0.436s] 
[0.436s] -- Configuring incomplete, errors occurred!
[0.436s] See also "/home/d-lab/workspace/ros_ur_driver/build/robotiq_description/CMakeFiles/CMakeOutput.log".
[0.436s] See also "/home/d-lab/workspace/ros_ur_driver/build/robotiq_description/CMakeFiles/CMakeError.log".
[0.436s] make: *** [Makefile:222: cmake_check_build_system] Error 1
[0.499s] Invoked command in '/home/d-lab/workspace/ros_ur_driver/build/robotiq_description' returned '2': /usr/bin/cmake --build /home/d-lab/workspace/ros_ur_driver/build/robotiq_description -- -j16 -l16
