[0.225s] Invoking command in '/home/d-lab/workspace/ros_ur_driver/build/admittance_controller': AMENT_PREFIX_PATH=/home/d-lab/workspace/ros_ur_driver/install/controller_manager:/home/d-lab/workspace/ros_ur_driver/install/controller_interface:/home/d-lab/workspace/ros_ur_driver/install/hardware_interface:/home/d-lab/workspace/ros_ur_driver/install/ros2_control_test_assets:/home/d-lab/workspace/ros_ur_driver/install/filters:/home/d-lab/workspace/ros_ur_driver/install/controller_manager_msgs:/home/d-lab/workspace/ros_ur_driver/install/control_msgs:${AMENT_PREFIX_PATH} CMAKE_PREFIX_PATH=/home/d-lab/workspace/ros_ur_driver/install/controller_manager:/home/d-lab/workspace/ros_ur_driver/install/controller_interface:/home/d-lab/workspace/ros_ur_driver/install/hardware_interface:/home/d-lab/workspace/ros_ur_driver/install/ros2_control_test_assets:/home/d-lab/workspace/ros_ur_driver/install/filters:/home/d-lab/workspace/ros_ur_driver/install/controller_manager_msgs:/home/d-lab/workspace/ros_ur_driver/install/control_msgs:/opt/ros/foxy LD_LIBRARY_PATH=/home/d-lab/workspace/ros_ur_driver/install/controller_manager/lib:/home/d-lab/workspace/ros_ur_driver/install/controller_interface/lib:/home/d-lab/workspace/ros_ur_driver/install/hardware_interface/lib:/home/d-lab/workspace/ros_ur_driver/install/filters/lib:/home/d-lab/workspace/ros_ur_driver/install/controller_manager_msgs/lib:/home/d-lab/workspace/ros_ur_driver/install/control_msgs/lib:${LD_LIBRARY_PATH} PYTHONPATH=/home/d-lab/workspace/ros_ur_driver/install/controller_manager/lib/python3.8/site-packages:/home/d-lab/workspace/ros_ur_driver/install/controller_manager_msgs/lib/python3.8/site-packages:/home/d-lab/workspace/ros_ur_driver/install/control_msgs/lib/python3.8/site-packages:${PYTHONPATH} /usr/bin/cmake --build /home/d-lab/workspace/ros_ur_driver/build/admittance_controller -- -j16 -l16
[0.239s] -- Found ament_cmake: 0.9.9 (/opt/ros/foxy/share/ament_cmake/cmake)
[0.275s] -- Using PYTHON_EXECUTABLE: /usr/bin/python3
[0.399s] -- Found control_msgs: 2.5.1 (/home/d-lab/workspace/ros_ur_driver/install/control_msgs/share/control_msgs/cmake)
[0.415s] -- Using all available rosidl_typesupport_c: rosidl_typesupport_fastrtps_c;rosidl_typesupport_introspection_c
[0.419s] -- Found rosidl_adapter: 1.2.1 (/opt/ros/foxy/share/rosidl_adapter/cmake)
[0.543s] -- Using all available rosidl_typesupport_cpp: rosidl_typesupport_fastrtps_cpp;rosidl_typesupport_introspection_cpp
[0.888s] -- Found controller_interface: 0.10.0 (/home/d-lab/workspace/ros_ur_driver/install/controller_interface/share/controller_interface/cmake)
[0.944s] -- Found rmw_implementation_cmake: 1.0.3 (/opt/ros/foxy/share/rmw_implementation_cmake/cmake)
[0.946s] -- Using RMW implementation 'rmw_fastrtps_cpp' as default
[1.090s] -- Found filters: 2.0.2 (/home/d-lab/workspace/ros_ur_driver/install/filters/share/filters/cmake)
[1.092s] -- Found moveit_ros_move_group: 2.2.3 (/opt/ros/foxy/share/moveit_ros_move_group/cmake)
[1.111s] -- Found Boost: /usr/lib/x86_64-linux-gnu/cmake/Boost-1.71.0/BoostConfig.cmake (found version "1.71.0") found components: system filesystem date_time program_options thread 
[1.160s] -- Found eigen3_cmake_module: 0.1.1 (/opt/ros/foxy/share/eigen3_cmake_module/cmake)
[1.161s] -- Found Eigen3: TRUE (found version "3.3.7") 
[1.380s] -- Found Boost: /usr/lib/x86_64-linux-gnu/cmake/Boost-1.71.0/BoostConfig.cmake (found version "1.71.0") found components: chrono date_time filesystem iostreams program_options regex serialization system thread 
[1.395s] -- Found Boost: /usr/lib/x86_64-linux-gnu/cmake/Boost-1.71.0/BoostConfig.cmake (found version "1.71.0") found components: filesystem 
[1.478s] -- library: /usr/lib/x86_64-linux-gnu/libcurl.so
[2.497s] -- Found Boost: /usr/lib/x86_64-linux-gnu/cmake/Boost-1.71.0/BoostConfig.cmake (found version "1.71.0") found components: thread 
[2.745s] -- Found Boost: /usr/lib/x86_64-linux-gnu/cmake/Boost-1.71.0/BoostConfig.cmake (found version "1.71.0") found components: system filesystem date_time program_options thread chrono 
[3.092s] -- Found moveit_ros_planning_interface: 2.2.3 (/opt/ros/foxy/share/moveit_ros_planning_interface/cmake)
[3.095s] -- Found Boost: /usr/lib/x86_64-linux-gnu/cmake/Boost-1.71.0/BoostConfig.cmake (found version "1.71.0")  
[3.098s] -- Found Boost: /usr/lib/x86_64-linux-gnu/cmake/Boost-1.71.0/BoostConfig.cmake (found version "1.71.0") found components: date_time filesystem program_options system thread 
[3.308s] -- Found Boost: /usr/lib/x86_64-linux-gnu/cmake/Boost-1.71.0/BoostConfig.cmake (found version "1.71.0") found components: thread system filesystem regex date_time program_options 
[3.590s] -- Found realtime_tools: 2.2.0 (/opt/ros/foxy/share/realtime_tools/cmake)
[3.621s] -- Found ament_cmake_gmock: 0.9.9 (/opt/ros/foxy/share/ament_cmake_gmock/cmake)
[3.622s] -- Found controller_manager: 0.10.0 (/home/d-lab/workspace/ros_ur_driver/install/controller_manager/share/controller_manager/cmake)
[3.655s] -- Found ros2_control_test_assets: 0.10.0 (/home/d-lab/workspace/ros_ur_driver/install/ros2_control_test_assets/share/ros2_control_test_assets/cmake)
[3.657s] -- Found gmock sources under '/opt/ros/foxy/src/gmock_vendor': C++ tests using 'Google Mock' will be built
[3.660s] -- Found ament_cmake_gtest: 0.9.9 (/opt/ros/foxy/share/ament_cmake_gtest/cmake)
[3.661s] -- Found gtest sources under '/opt/ros/foxy/src/gtest_vendor': C++ tests using 'Google Test' will be built
[3.764s] -- Configuring done
[3.849s] -- Generating done
[3.851s] -- Build files have been written to: /home/d-lab/workspace/ros_ur_driver/build/admittance_controller
[3.873s] [35m[1mScanning dependencies of target gmock[0m
[3.873s] [35m[1mScanning dependencies of target gmock_main[0m
[3.874s] [35m[1mScanning dependencies of target admittance_controller[0m
[3.890s] [  8%] [32mBuilding CXX object gmock/CMakeFiles/gmock_main.dir/src/gmock_main.cc.o[0m
[3.892s] [ 16%] [32mBuilding CXX object gmock/CMakeFiles/gmock.dir/src/gmock-all.cc.o[0m
[3.892s] [ 25%] [32mBuilding CXX object gmock/CMakeFiles/gmock.dir/opt/ros/foxy/src/gtest_vendor/src/gtest-all.cc.o[0m
[3.993s] [ 33%] [32mBuilding CXX object CMakeFiles/admittance_controller.dir/src/admittance_controller.cpp.o[0m
[3.994s] [ 41%] [32mBuilding CXX object CMakeFiles/admittance_controller.dir/src/moveit_kinematics.cpp.o[0m
[4.250s] In file included from [01m[K/home/d-lab/workspace/ros_ur_driver/src/ros2_controllers/admittance_controller/include/admittance_controller/admittance_controller.hpp:24[m[K,
[4.250s]                  from [01m[K/home/d-lab/workspace/ros_ur_driver/src/ros2_controllers/admittance_controller/src/admittance_controller.cpp:17[m[K:
[4.250s] [01m[K/home/d-lab/workspace/ros_ur_driver/src/ros2_controllers/admittance_controller/include/admittance_controller/admittance_rule.hpp:23:10:[m[K [01;31m[Kfatal error: [m[Kcontrol_msgs/msg/admittance_controller_state.hpp: No such file or directory
[4.250s]    23 | #include [01;31m[K"control_msgs/msg/admittance_controller_state.hpp"[m[K
[4.250s]       |          [01;31m[K^~~~~~~~~~~~~~~~~~~~~~~~~~~~~~~~~~~~~~~~~~~~~~~~~~[m[K
[4.250s] compilation terminated.
[4.250s] [01m[K/home/d-lab/workspace/ros_ur_driver/src/ros2_controllers/admittance_controller/src/moveit_kinematics.cpp:19:10:[m[K [01;31m[Kfatal error: [m[Ktf2_eigen/tf2_eigen.hpp: No such file or directory
[4.251s]    19 | #include [01;31m[K"tf2_eigen/tf2_eigen.hpp"[m[K
[4.251s]       |          [01;31m[K^~~~~~~~~~~~~~~~~~~~~~~~~[m[K
[4.251s] compilation terminated.
[4.252s] make[2]: *** [CMakeFiles/admittance_controller.dir/build.make:63: CMakeFiles/admittance_controller.dir/src/admittance_controller.cpp.o] Error 1
[4.252s] make[2]: *** Waiting for unfinished jobs....
[4.252s] make[2]: *** [CMakeFiles/admittance_controller.dir/build.make:76: CMakeFiles/admittance_controller.dir/src/moveit_kinematics.cpp.o] Error 1
[4.252s] make[1]: *** [CMakeFiles/Makefile2:182: CMakeFiles/admittance_controller.dir/all] Error 2
[4.253s] make[1]: *** Waiting for unfinished jobs....
[4.497s] [ 50%] [32m[1mLinking CXX static library libgmock_main.a[0m
[4.521s] [ 50%] Built target gmock_main
[5.778s] [ 58%] [32m[1mLinking CXX static library libgmock.a[0m
[5.819s] [ 58%] Built target gmock
[5.820s] make: *** [Makefile:84: all] Error 2
[5.822s] Invoked command in '/home/d-lab/workspace/ros_ur_driver/build/admittance_controller' returned '2': AMENT_PREFIX_PATH=/home/d-lab/workspace/ros_ur_driver/install/controller_manager:/home/d-lab/workspace/ros_ur_driver/install/controller_interface:/home/d-lab/workspace/ros_ur_driver/install/hardware_interface:/home/d-lab/workspace/ros_ur_driver/install/ros2_control_test_assets:/home/d-lab/workspace/ros_ur_driver/install/filters:/home/d-lab/workspace/ros_ur_driver/install/controller_manager_msgs:/home/d-lab/workspace/ros_ur_driver/install/control_msgs:${AMENT_PREFIX_PATH} CMAKE_PREFIX_PATH=/home/d-lab/workspace/ros_ur_driver/install/controller_manager:/home/d-lab/workspace/ros_ur_driver/install/controller_interface:/home/d-lab/workspace/ros_ur_driver/install/hardware_interface:/home/d-lab/workspace/ros_ur_driver/install/ros2_control_test_assets:/home/d-lab/workspace/ros_ur_driver/install/filters:/home/d-lab/workspace/ros_ur_driver/install/controller_manager_msgs:/home/d-lab/workspace/ros_ur_driver/install/control_msgs:/opt/ros/foxy LD_LIBRARY_PATH=/home/d-lab/workspace/ros_ur_driver/install/controller_manager/lib:/home/d-lab/workspace/ros_ur_driver/install/controller_interface/lib:/home/d-lab/workspace/ros_ur_driver/install/hardware_interface/lib:/home/d-lab/workspace/ros_ur_driver/install/filters/lib:/home/d-lab/workspace/ros_ur_driver/install/controller_manager_msgs/lib:/home/d-lab/workspace/ros_ur_driver/install/control_msgs/lib:${LD_LIBRARY_PATH} PYTHONPATH=/home/d-lab/workspace/ros_ur_driver/install/controller_manager/lib/python3.8/site-packages:/home/d-lab/workspace/ros_ur_driver/install/controller_manager_msgs/lib/python3.8/site-packages:/home/d-lab/workspace/ros_ur_driver/install/control_msgs/lib/python3.8/site-packages:${PYTHONPATH} /usr/bin/cmake --build /home/d-lab/workspace/ros_ur_driver/build/admittance_controller -- -j16 -l16
