[0.099s] Invoking command in '/home/d-lab/workspace/ros_ur_driver/build/cartesian_compliance_controller': AMENT_PREFIX_PATH=/home/d-lab/workspace/ros_ur_driver/install/cartesian_motion_controller:/home/d-lab/workspace/ros_ur_driver/install/cartesian_force_controller:/home/d-lab/workspace/ros_ur_driver/install/cartesian_controller_base:/home/d-lab/workspace/ros_ur_driver/install/controller_interface:/home/d-lab/workspace/ros_ur_driver/install/hardware_interface:/home/d-lab/workspace/ros_ur_driver/install/control_msgs:${AMENT_PREFIX_PATH} CMAKE_PREFIX_PATH=/home/d-lab/workspace/ros_ur_driver/install/cartesian_motion_controller:/home/d-lab/workspace/ros_ur_driver/install/cartesian_force_controller:/home/d-lab/workspace/ros_ur_driver/install/cartesian_controller_base:/home/d-lab/workspace/ros_ur_driver/install/controller_interface:/home/d-lab/workspace/ros_ur_driver/install/hardware_interface:/home/d-lab/workspace/ros_ur_driver/install/control_msgs:/opt/ros/foxy LD_LIBRARY_PATH=/home/d-lab/workspace/ros_ur_driver/install/cartesian_motion_controller/lib:/home/d-lab/workspace/ros_ur_driver/install/cartesian_force_controller/lib:/home/d-lab/workspace/ros_ur_driver/install/cartesian_controller_base/lib:/home/d-lab/workspace/ros_ur_driver/install/controller_interface/lib:/home/d-lab/workspace/ros_ur_driver/install/hardware_interface/lib:/home/d-lab/workspace/ros_ur_driver/install/control_msgs/lib:${LD_LIBRARY_PATH} PYTHONPATH=/home/d-lab/workspace/ros_ur_driver/install/control_msgs/lib/python3.8/site-packages:${PYTHONPATH} /usr/bin/cmake --build /home/d-lab/workspace/ros_ur_driver/build/cartesian_compliance_controller -- -j16 -l16
[0.137s] [35m[1mScanning dependencies of target cartesian_compliance_controller[0m
[0.176s] [ 50%] [32mBuilding CXX object CMakeFiles/cartesian_compliance_controller.dir/src/cartesian_compliance_controller.cpp.o[0m
[1.961s] [01m[K/home/d-lab/workspace/ros_ur_driver/src/cartesian_controllers/cartesian_compliance_controller/src/cartesian_compliance_controller.cpp:[m[K In member function â€˜[01m[Kvirtual controller_interface::return_type cartesian_compliance_controller::CartesianComplianceController::init(const string&)[m[Kâ€™:
[1.961s] [01m[K/home/d-lab/workspace/ros_ur_driver/src/cartesian_controllers/cartesian_compliance_controller/src/cartesian_compliance_controller.cpp:83:19:[m[K [01;31m[Kerror: [m[Kâ€˜[01m[Kon_init[m[Kâ€™ is not a member of â€˜[01m[Kcartesian_compliance_controller::CartesianComplianceController::MotionBase[m[Kâ€™ {aka â€˜[01m[Kcartesian_motion_controller::CartesianMotionController[m[Kâ€™}
[1.961s]    83 |   if (MotionBase::[01;31m[Kon_init[m[K() != TYPE::SUCCESS || ForceBase::on_init() != TYPE::SUCCESS)
[1.961s]       |                   [01;31m[K^~~~~~~[m[K
[1.961s] [01m[K/home/d-lab/workspace/ros_ur_driver/src/cartesian_controllers/cartesian_compliance_controller/src/cartesian_compliance_controller.cpp:83:38:[m[K [01;35m[Kwarning: [m[Kâ€˜[01m[Kcontroller_interface::return_type::SUCCESS[m[Kâ€™ is deprecated: Use controller_interface::return_type::OK instead. [[01;35m[K-Wdeprecated-declarations[m[K]
[1.961s]    83 |   if (MotionBase::on_init() != TYPE::[01;35m[KSUCCESS[m[K || ForceBase::on_init() != TYPE::SUCCESS)
[1.961s]       |                                      [01;35m[K^~~~~~~[m[K
[1.961s] In file included from [01m[K/home/d-lab/workspace/ros_ur_driver/install/cartesian_controller_base/include/cartesian_controller_base/cartesian_controller_base.h:52[m[K,
[1.961s]                  from [01m[K/home/d-lab/workspace/ros_ur_driver/src/cartesian_controllers/cartesian_compliance_controller/include/cartesian_compliance_controller/cartesian_compliance_controller.h:44[m[K,
[1.961s]                  from [01m[K/home/d-lab/workspace/ros_ur_driver/src/cartesian_controllers/cartesian_compliance_controller/src/cartesian_compliance_controller.cpp:42[m[K:
[1.962s] [01m[K/home/d-lab/workspace/ros_ur_driver/install/controller_interface/include/controller_interface/controller_interface.hpp:42:3:[m[K [01;36m[Knote: [m[Kdeclared here
[1.962s]    42 |   [01;36m[KSUCCESS[m[K [[deprecated("Use controller_interface::return_type::OK instead.")]] = OK
[1.962s]       |   [01;36m[K^~~~~~~[m[K
[1.962s] [01m[K/home/d-lab/workspace/ros_ur_driver/src/cartesian_controllers/cartesian_compliance_controller/src/cartesian_compliance_controller.cpp:83:38:[m[K [01;35m[Kwarning: [m[Kâ€˜[01m[Kcontroller_interface::return_type::SUCCESS[m[Kâ€™ is deprecated: Use controller_interface::return_type::OK instead. [[01;35m[K-Wdeprecated-declarations[m[K]
[1.962s]    83 |   if (MotionBase::on_init() != TYPE::[01;35m[KSUCCESS[m[K || ForceBase::on_init() != TYPE::SUCCESS)
[1.962s]       |                                      [01;35m[K^~~~~~~[m[K
[1.962s] In file included from [01m[K/home/d-lab/workspace/ros_ur_driver/install/cartesian_controller_base/include/cartesian_controller_base/cartesian_controller_base.h:52[m[K,
[1.962s]                  from [01m[K/home/d-lab/workspace/ros_ur_driver/src/cartesian_controllers/cartesian_compliance_controller/include/cartesian_compliance_controller/cartesian_compliance_controller.h:44[m[K,
[1.962s]                  from [01m[K/home/d-lab/workspace/ros_ur_driver/src/cartesian_controllers/cartesian_compliance_controller/src/cartesian_compliance_controller.cpp:42[m[K:
[1.962s] [01m[K/home/d-lab/workspace/ros_ur_driver/install/controller_interface/include/controller_interface/controller_interface.hpp:42:3:[m[K [01;36m[Knote: [m[Kdeclared here
[1.962s]    42 |   [01;36m[KSUCCESS[m[K [[deprecated("Use controller_interface::return_type::OK instead.")]] = OK
[1.962s]       |   [01;36m[K^~~~~~~[m[K
[1.962s] [01m[K/home/d-lab/workspace/ros_ur_driver/src/cartesian_controllers/cartesian_compliance_controller/src/cartesian_compliance_controller.cpp:83:60:[m[K [01;31m[Kerror: [m[Kâ€˜[01m[Kon_init[m[Kâ€™ is not a member of â€˜[01m[Kcartesian_compliance_controller::CartesianComplianceController::ForceBase[m[Kâ€™ {aka â€˜[01m[Kcartesian_force_controller::CartesianForceController[m[Kâ€™}
[1.962s]    83 |   if (MotionBase::on_init() != TYPE::SUCCESS || ForceBase::[01;31m[Kon_init[m[K() != TYPE::SUCCESS)
[1.962s]       |                                                            [01;31m[K^~~~~~~[m[K
[1.962s] [01m[K/home/d-lab/workspace/ros_ur_driver/src/cartesian_controllers/cartesian_compliance_controller/src/cartesian_compliance_controller.cpp:83:79:[m[K [01;35m[Kwarning: [m[Kâ€˜[01m[Kcontroller_interface::return_type::SUCCESS[m[Kâ€™ is deprecated: Use controller_interface::return_type::OK instead. [[01;35m[K-Wdeprecated-declarations[m[K]
[1.962s]    83 |   if (MotionBase::on_init() != TYPE::SUCCESS || ForceBase::on_init() != TYPE::[01;35m[KSUCCESS[m[K)
[1.962s]       |                                                                               [01;35m[K^~~~~~~[m[K
[1.962s] In file included from [01m[K/home/d-lab/workspace/ros_ur_driver/install/cartesian_controller_base/include/cartesian_controller_base/cartesian_controller_base.h:52[m[K,
[1.962s]                  from [01m[K/home/d-lab/workspace/ros_ur_driver/src/cartesian_controllers/cartesian_compliance_controller/include/cartesian_compliance_controller/cartesian_compliance_controller.h:44[m[K,
[1.962s]                  from [01m[K/home/d-lab/workspace/ros_ur_driver/src/cartesian_controllers/cartesian_compliance_controller/src/cartesian_compliance_controller.cpp:42[m[K:
[1.962s] [01m[K/home/d-lab/workspace/ros_ur_driver/install/controller_interface/include/controller_interface/controller_interface.hpp:42:3:[m[K [01;36m[Knote: [m[Kdeclared here
[1.962s]    42 |   [01;36m[KSUCCESS[m[K [[deprecated("Use controller_interface::return_type::OK instead.")]] = OK
[1.962s]       |   [01;36m[K^~~~~~~[m[K
[1.962s] [01m[K/home/d-lab/workspace/ros_ur_driver/src/cartesian_controllers/cartesian_compliance_controller/src/cartesian_compliance_controller.cpp:83:79:[m[K [01;35m[Kwarning: [m[Kâ€˜[01m[Kcontroller_interface::return_type::SUCCESS[m[Kâ€™ is deprecated: Use controller_interface::return_type::OK instead. [[01;35m[K-Wdeprecated-declarations[m[K]
[1.962s]    83 |   if (MotionBase::on_init() != TYPE::SUCCESS || ForceBase::on_init() != TYPE::[01;35m[KSUCCESS[m[K)
[1.963s]       |                                                                               [01;35m[K^~~~~~~[m[K
[1.963s] In file included from [01m[K/home/d-lab/workspace/ros_ur_driver/install/cartesian_controller_base/include/cartesian_controller_base/cartesian_controller_base.h:52[m[K,
[1.963s]                  from [01m[K/home/d-lab/workspace/ros_ur_driver/src/cartesian_controllers/cartesian_compliance_controller/include/cartesian_compliance_controller/cartesian_compliance_controller.h:44[m[K,
[1.963s]                  from [01m[K/home/d-lab/workspace/ros_ur_driver/src/cartesian_controllers/cartesian_compliance_controller/src/cartesian_compliance_controller.cpp:42[m[K:
[1.963s] [01m[K/home/d-lab/workspace/ros_ur_driver/install/controller_interface/include/controller_interface/controller_interface.hpp:42:3:[m[K [01;36m[Knote: [m[Kdeclared here
[1.963s]    42 |   [01;36m[KSUCCESS[m[K [[deprecated("Use controller_interface::return_type::OK instead.")]] = OK
[1.963s]       |   [01;36m[K^~~~~~~[m[K
[2.513s] make[2]: *** [CMakeFiles/cartesian_compliance_controller.dir/build.make:63: CMakeFiles/cartesian_compliance_controller.dir/src/cartesian_compliance_controller.cpp.o] Error 1
[2.514s] make[1]: *** [CMakeFiles/Makefile2:105: CMakeFiles/cartesian_compliance_controller.dir/all] Error 2
[2.514s] make: *** [Makefile:141: all] Error 2
[2.519s] Invoked command in '/home/d-lab/workspace/ros_ur_driver/build/cartesian_compliance_controller' returned '2': AMENT_PREFIX_PATH=/home/d-lab/workspace/ros_ur_driver/install/cartesian_motion_controller:/home/d-lab/workspace/ros_ur_driver/install/cartesian_force_controller:/home/d-lab/workspace/ros_ur_driver/install/cartesian_controller_base:/home/d-lab/workspace/ros_ur_driver/install/controller_interface:/home/d-lab/workspace/ros_ur_driver/install/hardware_interface:/home/d-lab/workspace/ros_ur_driver/install/control_msgs:${AMENT_PREFIX_PATH} CMAKE_PREFIX_PATH=/home/d-lab/workspace/ros_ur_driver/install/cartesian_motion_controller:/home/d-lab/workspace/ros_ur_driver/install/cartesian_force_controller:/home/d-lab/workspace/ros_ur_driver/install/cartesian_controller_base:/home/d-lab/workspace/ros_ur_driver/install/controller_interface:/home/d-lab/workspace/ros_ur_driver/install/hardware_interface:/home/d-lab/workspace/ros_ur_driver/install/control_msgs:/opt/ros/foxy LD_LIBRARY_PATH=/home/d-lab/workspace/ros_ur_driver/install/cartesian_motion_controller/lib:/home/d-lab/workspace/ros_ur_driver/install/cartesian_force_controller/lib:/home/d-lab/workspace/ros_ur_driver/install/cartesian_controller_base/lib:/home/d-lab/workspace/ros_ur_driver/install/controller_interface/lib:/home/d-lab/workspace/ros_ur_driver/install/hardware_interface/lib:/home/d-lab/workspace/ros_ur_driver/install/control_msgs/lib:${LD_LIBRARY_PATH} PYTHONPATH=/home/d-lab/workspace/ros_ur_driver/install/control_msgs/lib/python3.8/site-packages:${PYTHONPATH} /usr/bin/cmake --build /home/d-lab/workspace/ros_ur_driver/build/cartesian_compliance_controller -- -j16 -l16
