[01m[K/home/d-lab/workspace/ros_ur_driver/src/move_arm/src/move_to_point.cpp:[m[K In function â€˜[01m[Kint main(int, char**)[m[Kâ€™:
[01m[K/home/d-lab/workspace/ros_ur_driver/src/move_arm/src/move_to_point.cpp:150:16:[m[K [01;31m[Kerror: [m[Kâ€˜[01m[Kusing Pose = struct geometry_msgs::msg::Pose_<std::allocator<void> >[m[Kâ€™ {aka â€˜[01m[Kstruct geometry_msgs::msg::Pose_<std::allocator<void> >[m[Kâ€™} has no member named â€˜[01m[Kx[m[Kâ€™
  150 |   target_pose1.[01;31m[Kx[m[K += 0.1;
      |                [01;31m[K^[m[K
make[2]: *** [CMakeFiles/move_to_point.dir/build.make:63: CMakeFiles/move_to_point.dir/src/move_to_point.cpp.o] Error 1
make[1]: *** [CMakeFiles/Makefile2:78: CMakeFiles/move_to_point.dir/all] Error 2
make: *** [Makefile:141: all] Error 2
