[0.230s] Invoking command in '/home/d-lab/workspace/ros_ur_driver/build/move_arm': CMAKE_PREFIX_PATH=${CMAKE_PREFIX_PATH}:/home/d-lab/workspace/ros_ur_driver/install/utils:/home/d-lab/workspace/ros_ur_driver/install/ros2controlcli:/home/d-lab/workspace/ros_ur_driver/install/ros2_control_test_nodes:/home/d-lab/workspace/ros_ur_driver/install/robotiq_control:/home/d-lab/workspace/ros_ur_driver/install/gripper_control:/opt/ros/foxy /usr/bin/cmake --build /home/d-lab/workspace/ros_ur_driver/build/move_arm -- -j16 -l16
[0.423s] [ 50%] [32mBuilding CXX object CMakeFiles/move_to_point.dir/src/move_to_point.cpp.o[0m
[2.667s] [01m[K/home/d-lab/workspace/ros_ur_driver/src/move_arm/src/move_to_point.cpp:[m[K In function â€˜[01m[Kint main(int, char**)[m[Kâ€™:
[2.667s] [01m[K/home/d-lab/workspace/ros_ur_driver/src/move_arm/src/move_to_point.cpp:83:75:[m[K [01;31m[Kerror: [m[Kno matching function for call to â€˜[01m[Kmoveit::planning_interface::MoveGroupInterface::MoveGroupInterface(const string&)[m[Kâ€™
[2.667s]    83 |   moveit::planning_interface::MoveGroupInterface move_group(PLANNING_GROUP[01;31m[K)[m[K;
[2.668s]       |                                                                           [01;31m[K^[m[K
[2.668s] In file included from [01m[K/home/d-lab/workspace/ros_ur_driver/src/move_arm/src/move_to_point.cpp:38[m[K:
[2.668s] [01m[K/opt/ros/foxy/include/moveit/move_group_interface/move_group_interface.h:180:3:[m[K [01;36m[Knote: [m[Kcandidate: â€˜[01m[Kmoveit::planning_interface::MoveGroupInterface::MoveGroupInterface(moveit::planning_interface::MoveGroupInterface&&)[m[Kâ€™
[2.668s]   180 |   [01;36m[KMoveGroupInterface[m[K(MoveGroupInterface&& other) noexcept;
[2.668s]       |   [01;36m[K^~~~~~~~~~~~~~~~~~[m[K
[2.668s] [01m[K/opt/ros/foxy/include/moveit/move_group_interface/move_group_interface.h:180:43:[m[K [01;36m[Knote: [m[K  no known conversion for argument 1 from â€˜[01m[Kconst string[m[Kâ€™ {aka â€˜[01m[Kconst std::__cxx11::basic_string<char>[m[Kâ€™} to â€˜[01m[Kmoveit::planning_interface::MoveGroupInterface&&[m[Kâ€™
[2.668s]   180 |   MoveGroupInterface([01;36m[KMoveGroupInterface&& other[m[K) noexcept;
[2.668s]       |                      [01;36m[K~~~~~~~~~~~~~~~~~~~~~^~~~~[m[K
[2.668s] [01m[K/opt/ros/foxy/include/moveit/move_group_interface/move_group_interface.h:166:3:[m[K [01;36m[Knote: [m[Kcandidate: â€˜[01m[Kmoveit::planning_interface::MoveGroupInterface::MoveGroupInterface(const SharedPtr&, const string&, const std::shared_ptr<tf2_ros::Buffer>&, const rclcpp::Duration&)[m[Kâ€™
[2.668s]   166 |   [01;36m[KMoveGroupInterface[m[K(const rclcpp::Node::SharedPtr& node, const std::string& group,
[2.669s]       |   [01;36m[K^~~~~~~~~~~~~~~~~~[m[K
[2.669s] [01m[K/opt/ros/foxy/include/moveit/move_group_interface/move_group_interface.h:166:3:[m[K [01;36m[Knote: [m[K  candidate expects 4 arguments, 1 provided
[2.669s] [01m[K/opt/ros/foxy/include/moveit/move_group_interface/move_group_interface.h:155:3:[m[K [01;36m[Knote: [m[Kcandidate: â€˜[01m[Kmoveit::planning_interface::MoveGroupInterface::MoveGroupInterface(const SharedPtr&, const moveit::planning_interface::MoveGroupInterface::Options&, const std::shared_ptr<tf2_ros::Buffer>&, const rclcpp::Duration&)[m[Kâ€™
[2.669s]   155 |   [01;36m[KMoveGroupInterface[m[K(const rclcpp::Node::SharedPtr& node, const Options& opt,
[2.669s]       |   [01;36m[K^~~~~~~~~~~~~~~~~~[m[K
[2.669s] [01m[K/opt/ros/foxy/include/moveit/move_group_interface/move_group_interface.h:155:3:[m[K [01;36m[Knote: [m[K  candidate expects 4 arguments, 1 provided
[2.672s] [01m[K/home/d-lab/workspace/ros_ur_driver/src/move_arm/src/move_to_point.cpp:91:40:[m[K [01;35m[Kwarning: [m[Kunused variable â€˜[01m[Kjoint_model_group[m[Kâ€™ [[01;35m[K-Wunused-variable[m[K]
[2.672s]    91 |   const moveit::core::JointModelGroup* [01;35m[Kjoint_model_group[m[K =
[2.672s]       |                                        [01;35m[K^~~~~~~~~~~~~~~~~[m[K
[4.238s] make[2]: *** [CMakeFiles/move_to_point.dir/build.make:63: CMakeFiles/move_to_point.dir/src/move_to_point.cpp.o] Error 1
[4.239s] make[1]: *** [CMakeFiles/Makefile2:78: CMakeFiles/move_to_point.dir/all] Error 2
[4.239s] make: *** [Makefile:141: all] Error 2
[4.240s] Invoked command in '/home/d-lab/workspace/ros_ur_driver/build/move_arm' returned '2': CMAKE_PREFIX_PATH=${CMAKE_PREFIX_PATH}:/home/d-lab/workspace/ros_ur_driver/install/utils:/home/d-lab/workspace/ros_ur_driver/install/ros2controlcli:/home/d-lab/workspace/ros_ur_driver/install/ros2_control_test_nodes:/home/d-lab/workspace/ros_ur_driver/install/robotiq_control:/home/d-lab/workspace/ros_ur_driver/install/gripper_control:/opt/ros/foxy /usr/bin/cmake --build /home/d-lab/workspace/ros_ur_driver/build/move_arm -- -j16 -l16
