[0.062s] Invoking command in '/home/d-lab/workspace/ros_ur_driver/build/diff_drive_controller': AMENT_PREFIX_PATH=/home/d-lab/workspace/ros_ur_driver/install/controller_manager:/home/d-lab/workspace/ros_ur_driver/install/controller_interface:/home/d-lab/workspace/ros_ur_driver/install/hardware_interface:/home/d-lab/workspace/ros_ur_driver/install/ros2_control_test_assets:/home/d-lab/workspace/ros_ur_driver/install/controller_manager_msgs:/home/d-lab/workspace/ros_ur_driver/install/control_msgs:${AMENT_PREFIX_PATH} CMAKE_PREFIX_PATH=/home/d-lab/workspace/ros_ur_driver/install/controller_manager:/home/d-lab/workspace/ros_ur_driver/install/controller_interface:/home/d-lab/workspace/ros_ur_driver/install/hardware_interface:/home/d-lab/workspace/ros_ur_driver/install/ros2_control_test_assets:/home/d-lab/workspace/ros_ur_driver/install/controller_manager_msgs:/home/d-lab/workspace/ros_ur_driver/install/control_msgs:/opt/ros/foxy LD_LIBRARY_PATH=/home/d-lab/workspace/ros_ur_driver/install/controller_manager/lib:/home/d-lab/workspace/ros_ur_driver/install/controller_interface/lib:/home/d-lab/workspace/ros_ur_driver/install/hardware_interface/lib:/home/d-lab/workspace/ros_ur_driver/install/controller_manager_msgs/lib:/home/d-lab/workspace/ros_ur_driver/install/control_msgs/lib:${LD_LIBRARY_PATH} PYTHONPATH=/home/d-lab/workspace/ros_ur_driver/install/controller_manager/lib/python3.8/site-packages:/home/d-lab/workspace/ros_ur_driver/install/controller_manager_msgs/lib/python3.8/site-packages:/home/d-lab/workspace/ros_ur_driver/install/control_msgs/lib/python3.8/site-packages:${PYTHONPATH} /usr/bin/cmake --build /home/d-lab/workspace/ros_ur_driver/build/diff_drive_controller -- -j16 -l16
[0.349s] -- Found ament_cmake: 0.9.9 (/opt/ros/foxy/share/ament_cmake/cmake)
[0.350s] -- Using PYTHON_EXECUTABLE: /usr/bin/python3
[0.351s] -- Found controller_interface: 0.10.0 (/home/d-lab/workspace/ros_ur_driver/install/controller_interface/share/controller_interface/cmake)
[0.354s] -- Using all available rosidl_typesupport_c: rosidl_typesupport_fastrtps_c;rosidl_typesupport_introspection_c
[0.355s] -- Found rosidl_adapter: 1.2.1 (/opt/ros/foxy/share/rosidl_adapter/cmake)
[0.513s] -- Using all available rosidl_typesupport_cpp: rosidl_typesupport_fastrtps_cpp;rosidl_typesupport_introspection_cpp
[1.106s] -- Found rmw_implementation_cmake: 1.0.3 (/opt/ros/foxy/share/rmw_implementation_cmake/cmake)
[1.108s] -- Using RMW implementation 'rmw_fastrtps_cpp' as default
[1.384s] -- Found nav_msgs: 2.0.5 (/opt/ros/foxy/share/nav_msgs/cmake)
[1.469s] -- Found realtime_tools: 2.2.0 (/opt/ros/foxy/share/realtime_tools/cmake)
[1.513s] -- Found tf2: 0.13.13 (/opt/ros/foxy/share/tf2/cmake)
[1.524s] -- Found tf2_msgs: 0.13.13 (/opt/ros/foxy/share/tf2_msgs/cmake)
[1.741s] -- Found ament_cmake_gmock: 0.9.9 (/opt/ros/foxy/share/ament_cmake_gmock/cmake)
[1.741s] -- Found controller_manager: 0.10.0 (/home/d-lab/workspace/ros_ur_driver/install/controller_manager/share/controller_manager/cmake)
[1.816s] -- Found gmock sources under '/opt/ros/foxy/src/gmock_vendor': C++ tests using 'Google Mock' will be built
[1.818s] -- Found ament_cmake_gtest: 0.9.9 (/opt/ros/foxy/share/ament_cmake_gtest/cmake)
[1.818s] -- Found gtest sources under '/opt/ros/foxy/src/gtest_vendor': C++ tests using 'Google Test' will be built
[2.089s] -- Configuring done
[2.248s] -- Generating done
[2.253s] -- Build files have been written to: /home/d-lab/workspace/ros_ur_driver/build/diff_drive_controller
[2.302s] [35m[1mScanning dependencies of target diff_drive_controller[0m
[2.332s] [ 20%] Built target gmock
[2.348s] [ 33%] Built target gmock_main
[2.361s] [ 40%] [32mBuilding CXX object CMakeFiles/diff_drive_controller.dir/src/odometry.cpp.o[0m
[2.361s] [ 46%] [32mBuilding CXX object CMakeFiles/diff_drive_controller.dir/src/diff_drive_controller.cpp.o[0m
[2.379s] [ 53%] [32mBuilding CXX object CMakeFiles/diff_drive_controller.dir/src/speed_limiter.cpp.o[0m
[2.381s] [35m[1mScanning dependencies of target test_accumulator[0m
[2.383s] [35m[1mScanning dependencies of target test_load_diff_drive_controller[0m
[2.405s] [ 60%] [32mBuilding CXX object CMakeFiles/test_accumulator.dir/test/test_accumulator.cpp.o[0m
[2.467s] [ 66%] [32mBuilding CXX object CMakeFiles/test_load_diff_drive_controller.dir/test/test_load_diff_drive_controller.cpp.o[0m
[4.425s] [ 73%] [32m[1mLinking CXX executable test_accumulator[0m
[4.580s] [ 73%] Built target test_accumulator
[6.588s] make[2]: *** wait: No child processes.  Stop.
[6.589s] make[2]: *** Waiting for unfinished jobs....
[6.589s] make[2]: *** wait: No child processes.  Stop.
[6.592s] make[1]: *** [CMakeFiles/Makefile2:212: CMakeFiles/diff_drive_controller.dir/all] Error 2
[6.592s] make[2]: *** [CMakeFiles/test_load_diff_drive_controller.dir/build.make:63: CMakeFiles/test_load_diff_drive_controller.dir/test/test_load_diff_drive_controller.cpp.o] Interrupt
[6.592s] make[1]: *** [CMakeFiles/Makefile2:156: CMakeFiles/test_load_diff_drive_controller.dir/all] Interrupt
[6.592s] make: *** [Makefile:141: all] Interrupt
