[0.384s] Invoking command in '/home/d-lab/workspace/ros_ur_driver/build/admittance_controller': AMENT_PREFIX_PATH=/home/d-lab/workspace/ros_ur_driver/install/controller_manager:/home/d-lab/workspace/ros_ur_driver/install/controller_interface:/home/d-lab/workspace/ros_ur_driver/install/hardware_interface:/home/d-lab/workspace/ros_ur_driver/install/ros2_control_test_assets:/home/d-lab/workspace/ros_ur_driver/install/filters:/home/d-lab/workspace/ros_ur_driver/install/controller_manager_msgs:/home/d-lab/workspace/ros_ur_driver/install/control_msgs:${AMENT_PREFIX_PATH} CMAKE_PREFIX_PATH=/home/d-lab/workspace/ros_ur_driver/install/controller_manager:/home/d-lab/workspace/ros_ur_driver/install/controller_interface:/home/d-lab/workspace/ros_ur_driver/install/hardware_interface:/home/d-lab/workspace/ros_ur_driver/install/ros2_control_test_assets:/home/d-lab/workspace/ros_ur_driver/install/filters:/home/d-lab/workspace/ros_ur_driver/install/controller_manager_msgs:/home/d-lab/workspace/ros_ur_driver/install/control_msgs:/opt/ros/foxy LD_LIBRARY_PATH=/home/d-lab/workspace/ros_ur_driver/install/controller_manager/lib:/home/d-lab/workspace/ros_ur_driver/install/controller_interface/lib:/home/d-lab/workspace/ros_ur_driver/install/hardware_interface/lib:/home/d-lab/workspace/ros_ur_driver/install/filters/lib:/home/d-lab/workspace/ros_ur_driver/install/controller_manager_msgs/lib:/home/d-lab/workspace/ros_ur_driver/install/control_msgs/lib:${LD_LIBRARY_PATH} PYTHONPATH=/home/d-lab/workspace/ros_ur_driver/install/controller_manager/lib/python3.8/site-packages:/home/d-lab/workspace/ros_ur_driver/install/controller_manager_msgs/lib/python3.8/site-packages:/home/d-lab/workspace/ros_ur_driver/install/control_msgs/lib/python3.8/site-packages:${PYTHONPATH} /usr/bin/cmake --build /home/d-lab/workspace/ros_ur_driver/build/admittance_controller -- -j16 -l16
[0.524s] [ 33%] [32mBuilding CXX object CMakeFiles/admittance_controller.dir/src/admittance_controller.cpp.o[0m
[0.524s] [ 66%] [32mBuilding CXX object CMakeFiles/admittance_controller.dir/src/moveit_kinematics.cpp.o[0m
[0.954s] [01m[K/home/d-lab/workspace/ros_ur_driver/src/ros2_controllers/admittance_controller/src/moveit_kinematics.cpp:19:10:[m[K [01;31m[Kfatal error: [m[Ktf2_eigen/tf2_eigen.hpp: No such file or directory
[0.954s]    19 | #include [01;31m[K"tf2_eigen/tf2_eigen.hpp"[m[K
[0.954s]       |          [01;31m[K^~~~~~~~~~~~~~~~~~~~~~~~~[m[K
[0.955s] compilation terminated.
[0.960s] make[2]: *** [CMakeFiles/admittance_controller.dir/build.make:76: CMakeFiles/admittance_controller.dir/src/moveit_kinematics.cpp.o] Error 1
[0.960s] make[2]: *** Waiting for unfinished jobs....
[0.998s] In file included from [01m[K/home/d-lab/workspace/ros_ur_driver/src/ros2_controllers/admittance_controller/include/admittance_controller/admittance_controller.hpp:24[m[K,
[0.998s]                  from [01m[K/home/d-lab/workspace/ros_ur_driver/src/ros2_controllers/admittance_controller/src/admittance_controller.cpp:17[m[K:
[0.998s] [01m[K/home/d-lab/workspace/ros_ur_driver/src/ros2_controllers/admittance_controller/include/admittance_controller/admittance_rule.hpp:23:10:[m[K [01;31m[Kfatal error: [m[Kcontrol_msgs/msg/admittance_controller_state.hpp: No such file or directory
[0.999s]    23 | #include [01;31m[K"control_msgs/msg/admittance_controller_state.hpp"[m[K
[0.999s]       |          [01;31m[K^~~~~~~~~~~~~~~~~~~~~~~~~~~~~~~~~~~~~~~~~~~~~~~~~~[m[K
[1.000s] compilation terminated.
[1.000s] make[2]: *** [CMakeFiles/admittance_controller.dir/build.make:63: CMakeFiles/admittance_controller.dir/src/admittance_controller.cpp.o] Error 1
[1.000s] make[1]: *** [CMakeFiles/Makefile2:78: CMakeFiles/admittance_controller.dir/all] Error 2
[1.001s] make: *** [Makefile:141: all] Error 2
[1.037s] Invoked command in '/home/d-lab/workspace/ros_ur_driver/build/admittance_controller' returned '2': AMENT_PREFIX_PATH=/home/d-lab/workspace/ros_ur_driver/install/controller_manager:/home/d-lab/workspace/ros_ur_driver/install/controller_interface:/home/d-lab/workspace/ros_ur_driver/install/hardware_interface:/home/d-lab/workspace/ros_ur_driver/install/ros2_control_test_assets:/home/d-lab/workspace/ros_ur_driver/install/filters:/home/d-lab/workspace/ros_ur_driver/install/controller_manager_msgs:/home/d-lab/workspace/ros_ur_driver/install/control_msgs:${AMENT_PREFIX_PATH} CMAKE_PREFIX_PATH=/home/d-lab/workspace/ros_ur_driver/install/controller_manager:/home/d-lab/workspace/ros_ur_driver/install/controller_interface:/home/d-lab/workspace/ros_ur_driver/install/hardware_interface:/home/d-lab/workspace/ros_ur_driver/install/ros2_control_test_assets:/home/d-lab/workspace/ros_ur_driver/install/filters:/home/d-lab/workspace/ros_ur_driver/install/controller_manager_msgs:/home/d-lab/workspace/ros_ur_driver/install/control_msgs:/opt/ros/foxy LD_LIBRARY_PATH=/home/d-lab/workspace/ros_ur_driver/install/controller_manager/lib:/home/d-lab/workspace/ros_ur_driver/install/controller_interface/lib:/home/d-lab/workspace/ros_ur_driver/install/hardware_interface/lib:/home/d-lab/workspace/ros_ur_driver/install/filters/lib:/home/d-lab/workspace/ros_ur_driver/install/controller_manager_msgs/lib:/home/d-lab/workspace/ros_ur_driver/install/control_msgs/lib:${LD_LIBRARY_PATH} PYTHONPATH=/home/d-lab/workspace/ros_ur_driver/install/controller_manager/lib/python3.8/site-packages:/home/d-lab/workspace/ros_ur_driver/install/controller_manager_msgs/lib/python3.8/site-packages:/home/d-lab/workspace/ros_ur_driver/install/control_msgs/lib/python3.8/site-packages:${PYTHONPATH} /usr/bin/cmake --build /home/d-lab/workspace/ros_ur_driver/build/admittance_controller -- -j16 -l16
