-- Found ament_cmake: 0.9.9 (/opt/ros/foxy/share/ament_cmake/cmake)
-- Using PYTHON_EXECUTABLE: /usr/bin/python3
-- Found control_msgs: 2.5.1 (/home/d-lab/workspace/ros_ur_driver/install/control_msgs/share/control_msgs/cmake)
-- Using all available rosidl_typesupport_c: rosidl_typesupport_fastrtps_c;rosidl_typesupport_introspection_c
-- Found rosidl_adapter: 1.2.1 (/opt/ros/foxy/share/rosidl_adapter/cmake)
-- Using all available rosidl_typesupport_cpp: rosidl_typesupport_fastrtps_cpp;rosidl_typesupport_introspection_cpp
-- Found controller_interface: 0.10.0 (/home/d-lab/workspace/ros_ur_driver/install/controller_interface/share/controller_interface/cmake)
-- Found rmw_implementation_cmake: 1.0.3 (/opt/ros/foxy/share/rmw_implementation_cmake/cmake)
-- Using RMW implementation 'rmw_fastrtps_cpp' as default
-- Found ament_cmake_gmock: 0.9.9 (/opt/ros/foxy/share/ament_cmake_gmock/cmake)
-- Found controller_manager: 0.10.0 (/home/d-lab/workspace/ros_ur_driver/install/controller_manager/share/controller_manager/cmake)
-- Found ros2_control_test_assets: 0.10.0 (/home/d-lab/workspace/ros_ur_driver/install/ros2_control_test_assets/share/ros2_control_test_assets/cmake)
-- Found gmock sources under '/opt/ros/foxy/src/gmock_vendor': C++ tests using 'Google Mock' will be built
-- Found ament_cmake_gtest: 0.9.9 (/opt/ros/foxy/share/ament_cmake_gtest/cmake)
-- Found gtest sources under '/opt/ros/foxy/src/gtest_vendor': C++ tests using 'Google Test' will be built
-- Configuring done
-- Generating done
-- Build files have been written to: /home/d-lab/workspace/ros_ur_driver/build/joint_state_broadcaster
[35m[1mScanning dependencies of target joint_state_broadcaster[0m
[ 18%] Built target gmock_main
[ 45%] Built target gmock
[35m[1mScanning dependencies of target test_load_joint_state_broadcaster[0m
[ 54%] [32mBuilding CXX object CMakeFiles/joint_state_broadcaster.dir/src/joint_state_broadcaster.cpp.o[0m
[ 63%] [32mBuilding CXX object CMakeFiles/test_load_joint_state_broadcaster.dir/test/test_load_joint_state_broadcaster.cpp.o[0m
In file included from [01m[K/home/d-lab/workspace/ros_ur_driver/src/ros2_controllers/joint_state_broadcaster/src/joint_state_broadcaster.cpp:15[m[K:
[01m[K/home/d-lab/workspace/ros_ur_driver/src/ros2_controllers/joint_state_broadcaster/include/joint_state_broadcaster/joint_state_broadcaster.hpp:60:77:[m[K [01;31m[Kerror: [m[Kâ€˜[01m[Krclcpp_lifecycle::node_interfaces::LifecycleNodeInterface::CallbackReturn joint_state_broadcaster::JointStateBroadcaster::on_init()[m[Kâ€™ marked â€˜[01m[Koverride[m[Kâ€™, but does not override
   60 |   rclcpp_lifecycle::node_interfaces::LifecycleNodeInterface::CallbackReturn [01;31m[Kon_init[m[K() override;
      |                                                                             [01;31m[K^~~~~~~[m[K
make[2]: *** [CMakeFiles/joint_state_broadcaster.dir/build.make:63: CMakeFiles/joint_state_broadcaster.dir/src/joint_state_broadcaster.cpp.o] Error 1
make[1]: *** [CMakeFiles/Makefile2:153: CMakeFiles/joint_state_broadcaster.dir/all] Error 2
make[1]: *** Waiting for unfinished jobs....
[ 72%] [32m[1mLinking CXX executable test_load_joint_state_broadcaster[0m
[ 72%] Built target test_load_joint_state_broadcaster
make: *** [Makefile:141: all] Error 2
