[0.045s] Invoking command in '/home/d-lab/workspace/ros_ur_driver/build/joint_state_broadcaster': AMENT_PREFIX_PATH=/home/d-lab/workspace/ros_ur_driver/install/controller_manager:/home/d-lab/workspace/ros_ur_driver/install/controller_interface:/home/d-lab/workspace/ros_ur_driver/install/hardware_interface:/home/d-lab/workspace/ros_ur_driver/install/ros2_control_test_assets:/home/d-lab/workspace/ros_ur_driver/install/controller_manager_msgs:/home/d-lab/workspace/ros_ur_driver/install/control_msgs:${AMENT_PREFIX_PATH} CMAKE_PREFIX_PATH=/home/d-lab/workspace/ros_ur_driver/install/controller_manager:/home/d-lab/workspace/ros_ur_driver/install/controller_interface:/home/d-lab/workspace/ros_ur_driver/install/hardware_interface:/home/d-lab/workspace/ros_ur_driver/install/ros2_control_test_assets:/home/d-lab/workspace/ros_ur_driver/install/controller_manager_msgs:/home/d-lab/workspace/ros_ur_driver/install/control_msgs:/opt/ros/foxy LD_LIBRARY_PATH=/home/d-lab/workspace/ros_ur_driver/install/controller_manager/lib:/home/d-lab/workspace/ros_ur_driver/install/controller_interface/lib:/home/d-lab/workspace/ros_ur_driver/install/hardware_interface/lib:/home/d-lab/workspace/ros_ur_driver/install/controller_manager_msgs/lib:/home/d-lab/workspace/ros_ur_driver/install/control_msgs/lib:${LD_LIBRARY_PATH} PYTHONPATH=/home/d-lab/workspace/ros_ur_driver/install/controller_manager/lib/python3.8/site-packages:/home/d-lab/workspace/ros_ur_driver/install/controller_manager_msgs/lib/python3.8/site-packages:/home/d-lab/workspace/ros_ur_driver/install/control_msgs/lib/python3.8/site-packages:${PYTHONPATH} /usr/bin/cmake --build /home/d-lab/workspace/ros_ur_driver/build/joint_state_broadcaster -- -j16 -l16
[0.065s] -- Found ament_cmake: 0.9.9 (/opt/ros/foxy/share/ament_cmake/cmake)
[0.083s] -- Using PYTHON_EXECUTABLE: /usr/bin/python3
[0.225s] -- Found control_msgs: 2.5.1 (/home/d-lab/workspace/ros_ur_driver/install/control_msgs/share/control_msgs/cmake)
[0.249s] -- Using all available rosidl_typesupport_c: rosidl_typesupport_fastrtps_c;rosidl_typesupport_introspection_c
[0.252s] -- Found rosidl_adapter: 1.2.1 (/opt/ros/foxy/share/rosidl_adapter/cmake)
[0.384s] -- Using all available rosidl_typesupport_cpp: rosidl_typesupport_fastrtps_cpp;rosidl_typesupport_introspection_cpp
[0.709s] -- Found controller_interface: 0.10.0 (/home/d-lab/workspace/ros_ur_driver/install/controller_interface/share/controller_interface/cmake)
[0.781s] -- Found rmw_implementation_cmake: 1.0.3 (/opt/ros/foxy/share/rmw_implementation_cmake/cmake)
[0.782s] -- Using RMW implementation 'rmw_fastrtps_cpp' as default
[1.001s] -- Found ament_cmake_gmock: 0.9.9 (/opt/ros/foxy/share/ament_cmake_gmock/cmake)
[1.001s] -- Found controller_manager: 0.10.0 (/home/d-lab/workspace/ros_ur_driver/install/controller_manager/share/controller_manager/cmake)
[1.055s] -- Found ros2_control_test_assets: 0.10.0 (/home/d-lab/workspace/ros_ur_driver/install/ros2_control_test_assets/share/ros2_control_test_assets/cmake)
[1.056s] -- Found gmock sources under '/opt/ros/foxy/src/gmock_vendor': C++ tests using 'Google Mock' will be built
[1.058s] -- Found ament_cmake_gtest: 0.9.9 (/opt/ros/foxy/share/ament_cmake_gtest/cmake)
[1.058s] -- Found gtest sources under '/opt/ros/foxy/src/gtest_vendor': C++ tests using 'Google Test' will be built
[1.167s] -- Configuring done
[1.210s] -- Generating done
[1.212s] -- Build files have been written to: /home/d-lab/workspace/ros_ur_driver/build/joint_state_broadcaster
[1.239s] [35m[1mScanning dependencies of target joint_state_broadcaster[0m
[1.243s] [ 18%] Built target gmock_main
[1.243s] [ 45%] Built target gmock
[1.253s] [35m[1mScanning dependencies of target test_load_joint_state_broadcaster[0m
[1.267s] [ 54%] [32mBuilding CXX object CMakeFiles/joint_state_broadcaster.dir/src/joint_state_broadcaster.cpp.o[0m
[1.297s] [ 63%] [32mBuilding CXX object CMakeFiles/test_load_joint_state_broadcaster.dir/test/test_load_joint_state_broadcaster.cpp.o[0m
[2.691s] In file included from [01m[K/home/d-lab/workspace/ros_ur_driver/src/ros2_controllers/joint_state_broadcaster/src/joint_state_broadcaster.cpp:15[m[K:
[2.691s] [01m[K/home/d-lab/workspace/ros_ur_driver/src/ros2_controllers/joint_state_broadcaster/include/joint_state_broadcaster/joint_state_broadcaster.hpp:60:77:[m[K [01;31m[Kerror: [m[Kâ€˜[01m[Krclcpp_lifecycle::node_interfaces::LifecycleNodeInterface::CallbackReturn joint_state_broadcaster::JointStateBroadcaster::on_init()[m[Kâ€™ marked â€˜[01m[Koverride[m[Kâ€™, but does not override
[2.691s]    60 |   rclcpp_lifecycle::node_interfaces::LifecycleNodeInterface::CallbackReturn [01;31m[Kon_init[m[K() override;
[2.691s]       |                                                                             [01;31m[K^~~~~~~[m[K
[3.960s] make[2]: *** [CMakeFiles/joint_state_broadcaster.dir/build.make:63: CMakeFiles/joint_state_broadcaster.dir/src/joint_state_broadcaster.cpp.o] Error 1
[3.961s] make[1]: *** [CMakeFiles/Makefile2:153: CMakeFiles/joint_state_broadcaster.dir/all] Error 2
[3.961s] make[1]: *** Waiting for unfinished jobs....
[4.964s] [ 72%] [32m[1mLinking CXX executable test_load_joint_state_broadcaster[0m
[5.133s] [ 72%] Built target test_load_joint_state_broadcaster
[5.134s] make: *** [Makefile:141: all] Error 2
