[01m[K/home/d-lab/workspace/ros_ur_driver/src/move_arm_server/src/move_arm_server.cpp:29:2:[m[K [01;31m[Kerror: [m[Kexpected â€˜[01m[K;[m[Kâ€™ after class definition
   29 | }
      |  [01;31m[K^[m[K
      |  [32m[K;[m[K
[01m[K/home/d-lab/workspace/ros_ur_driver/src/move_arm_server/src/move_arm_server.cpp:[m[K In constructor â€˜[01m[KMoveArmServer::MoveArmServer()[m[Kâ€™:
[01m[K/home/d-lab/workspace/ros_ur_driver/src/move_arm_server/src/move_arm_server.cpp:14:48:[m[K [01;31m[Kerror: [m[Kclass â€˜[01m[KMoveArmServer[m[Kâ€™ does not have any field named â€˜[01m[Kcount_[m[Kâ€™
   14 |     MoveArmServer() : Node("move_arm_server"), [01;31m[Kcount_[m[K(0)
      |                                                [01;31m[K^~~~~~[m[K
[01m[K/home/d-lab/workspace/ros_ur_driver/src/move_arm_server/src/move_arm_server.cpp:17:23:[m[K [01;31m[Kerror: [m[Kâ€˜[01m[Kmove_group_node[m[Kâ€™ was not declared in this scope
   17 |     executor.add_node([01;31m[Kmove_group_node[m[K);
      |                       [01;31m[K^~~~~~~~~~~~~~~[m[K
[01m[K/home/d-lab/workspace/ros_ur_driver/src/move_arm_server/src/move_arm_server.cpp:[m[K In function â€˜[01m[Kvoid add(std::shared_ptr<move_arm_interfaces::srv::MoveArm_Request_<std::allocator<void> > >, std::shared_ptr<move_arm_interfaces::srv::MoveArm_Response_<std::allocator<void> > >)[m[Kâ€™:
[01m[K/home/d-lab/workspace/ros_ur_driver/src/move_arm_server/src/move_arm_server.cpp:32:76:[m[K [01;35m[Kwarning: [m[Kunused parameter â€˜[01m[Krequest[m[Kâ€™ [[01;35m[K-Wunused-parameter[m[K]
   32 | void add([01;35m[Kconst std::shared_ptr<move_arm_interfaces::srv::MoveArm::Request> request[m[K,
      |          [01;35m[K~~~~~~~~~~~~~~~~~~~~~~~~~~~~~~~~~~~~~~~~~~~~~~~~~~~~~~~~~~~~~~~~~~^~~~~~~[m[K
[01m[K/home/d-lab/workspace/ros_ur_driver/src/move_arm_server/src/move_arm_server.cpp:[m[K In function â€˜[01m[Kvoid writeToCsv(moveit_msgs::msg::RobotTrajectory)[m[Kâ€™:
[01m[K/home/d-lab/workspace/ros_ur_driver/src/move_arm_server/src/move_arm_server.cpp:39:51:[m[K [01;35m[Kwarning: [m[Kunused parameter â€˜[01m[Ktrajectory[m[Kâ€™ [[01;35m[K-Wunused-parameter[m[K]
   39 | void writeToCsv([01;35m[Kmoveit_msgs::msg::RobotTrajectory trajectory[m[K){
      |                 [01;35m[K~~~~~~~~~~~~~~~~~~~~~~~~~~~~~~~~~~^~~~~~~~~~[m[K
make[2]: *** [CMakeFiles/server.dir/build.make:63: CMakeFiles/server.dir/src/move_arm_server.cpp.o] Error 1
make[1]: *** [CMakeFiles/Makefile2:80: CMakeFiles/server.dir/all] Error 2
make: *** [Makefile:141: all] Error 2
