-- The CXX compiler identification is GNU 9.4.0
-- Check for working CXX compiler: /usr/bin/c++
-- Check for working CXX compiler: /usr/bin/c++ -- works
-- Detecting CXX compiler ABI info
-- Detecting CXX compiler ABI info - done
-- Detecting CXX compile features
-- Detecting CXX compile features - done
-- Found moveit_common: 2.2.3 (/home/d-lab/workspace/ros_ur_driver/src/install/moveit_common/share/moveit_common/cmake)
-- Found ament_cmake: 0.9.9 (/opt/ros/foxy/share/ament_cmake/cmake)
-- Found PythonInterp: /usr/bin/python3 (found suitable version "3.8.10", minimum required is "3") 
-- Using PYTHON_EXECUTABLE: /usr/bin/python3
moveit_core: You did not request a specific build type: Choosing 'Release' for maximum performance
-- Found rclcpp: 2.4.1 (/opt/ros/foxy/share/rclcpp/cmake)
-- Using all available rosidl_typesupport_c: rosidl_typesupport_fastrtps_c;rosidl_typesupport_introspection_c
-- Found rosidl_adapter: 1.2.1 (/opt/ros/foxy/share/rosidl_adapter/cmake)
-- Found OpenSSL: /usr/lib/x86_64-linux-gnu/libcrypto.so (found version "1.1.1f")  
-- Found FastRTPS: /opt/ros/foxy/include  
-- Using all available rosidl_typesupport_cpp: rosidl_typesupport_fastrtps_cpp;rosidl_typesupport_introspection_cpp
-- Found rmw_implementation_cmake: 1.0.3 (/opt/ros/foxy/share/rmw_implementation_cmake/cmake)
-- Using RMW implementation 'rmw_fastrtps_cpp' as default
-- Looking for C++ include pthread.h
-- Looking for C++ include pthread.h - found
-- Performing Test CMAKE_HAVE_LIBC_PTHREAD
-- Performing Test CMAKE_HAVE_LIBC_PTHREAD - Failed
-- Looking for pthread_create in pthreads
-- Looking for pthread_create in pthreads - not found
-- Looking for pthread_create in pthread
-- Looking for pthread_create in pthread - found
-- Found Threads: TRUE  
-- Found eigen3_cmake_module: 0.1.1 (/opt/ros/foxy/share/eigen3_cmake_module/cmake)
-- Found Eigen3: TRUE (found version "3.3.7") 
-- Found PkgConfig: /usr/bin/pkg-config (found version "0.29.1") 
-- Checking for module 'fcl>=0.5.0'
--   Found fcl, version 0.5.0
-- Found Bullet: /usr/lib/x86_64-linux-gnu/libBulletDynamics.so (Required is at least version "2.87") 
-- Found angles: 1.12.3 (/opt/ros/foxy/share/angles/cmake)
-- Found urdf: 2.4.0 (/opt/ros/foxy/share/urdf/cmake)
-- Found tf2_eigen: 0.13.13 (/opt/ros/foxy/share/tf2_eigen/cmake)
-- Found tf2_kdl: 0.13.13 (/opt/ros/foxy/share/tf2_kdl/cmake)
-- Found tf2_geometry_msgs: 0.13.13 (/opt/ros/foxy/share/tf2_geometry_msgs/cmake)
-- Found eigen_stl_containers: 1.0.0 (/opt/ros/foxy/share/eigen_stl_containers/cmake)
-- Found geometric_shapes: 2.1.2 (/opt/ros/foxy/share/geometric_shapes/cmake)
-- Found Boost: /usr/lib/x86_64-linux-gnu/cmake/Boost-1.71.0/BoostConfig.cmake (found version "1.71.0") found components: filesystem 
-- library: /usr/lib/x86_64-linux-gnu/libcurl.so
-- Found kdl_parser: 2.4.1 (/opt/ros/foxy/share/kdl_parser/cmake)
-- Found moveit_msgs: 2.1.0 (/opt/ros/foxy/share/moveit_msgs/cmake)
-- Found srdfdom: 2.0.4 (/home/d-lab/workspace/ros_ur_driver/src/install/srdfdom/share/srdfdom/cmake)
-- Found common_interfaces: 2.0.5 (/opt/ros/foxy/share/common_interfaces/cmake)
-- Found pluginlib: 2.5.4 (/opt/ros/foxy/share/pluginlib/cmake)
-- Found Boost: /usr/lib/x86_64-linux-gnu/cmake/Boost-1.71.0/BoostConfig.cmake (found version "1.71.0") found components: chrono date_time filesystem iostreams program_options regex serialization system thread 
--  *** Building MoveIt 2.2.3-Alpha ***
-- Found ament_cmake_gtest: 0.9.9 (/opt/ros/foxy/share/ament_cmake_gtest/cmake)
-- Found gtest sources under '/opt/ros/foxy/src/gtest_vendor': C++ tests using 'Google Test' will be built
-- The C compiler identification is GNU 9.4.0
-- Check for working C compiler: /usr/bin/cc
-- Check for working C compiler: /usr/bin/cc -- works
-- Detecting C compiler ABI info
-- Detecting C compiler ABI info - done
-- Detecting C compile features
-- Detecting C compile features - done
-- Check if compiler accepts -pthread
-- Check if compiler accepts -pthread - yes
-- Performing Test COMPILER_HAS_HIDDEN_VISIBILITY
-- Performing Test COMPILER_HAS_HIDDEN_VISIBILITY - Success
-- Performing Test COMPILER_HAS_HIDDEN_INLINE_VISIBILITY
-- Performing Test COMPILER_HAS_HIDDEN_INLINE_VISIBILITY - Success
-- Performing Test COMPILER_HAS_DEPRECATED_ATTR
-- Performing Test COMPILER_HAS_DEPRECATED_ATTR - Success
-- Found gtest sources under '/opt/ros/foxy/src/gtest_vendor': C++ tests using 'Google Test' will be built
-- Found ament_cmake_gtest: 0.9.9 (/opt/ros/foxy/share/ament_cmake_gtest/cmake)
-- Found gtest sources under '/opt/ros/foxy/src/gtest_vendor': C++ tests using 'Google Test' will be built
-- Found ament_cmake_gtest: 0.9.9 (/opt/ros/foxy/share/ament_cmake_gtest/cmake)
-- Found gtest sources under '/opt/ros/foxy/src/gtest_vendor': C++ tests using 'Google Test' will be built
-- Found gtest sources under '/opt/ros/foxy/src/gtest_vendor': C++ tests using 'Google Test' will be built
-- Found gtest sources under '/opt/ros/foxy/src/gtest_vendor': C++ tests using 'Google Test' will be built
-- Found ament_cmake_gtest: 0.9.9 (/opt/ros/foxy/share/ament_cmake_gtest/cmake)
-- Found gtest sources under '/opt/ros/foxy/src/gtest_vendor': C++ tests using 'Google Test' will be built
-- Found gtest sources under '/opt/ros/foxy/src/gtest_vendor': C++ tests using 'Google Test' will be built
-- Found ament_cmake_gtest: 0.9.9 (/opt/ros/foxy/share/ament_cmake_gtest/cmake)
-- Found gtest sources under '/opt/ros/foxy/src/gtest_vendor': C++ tests using 'Google Test' will be built
-- Found gtest sources under '/opt/ros/foxy/src/gtest_vendor': C++ tests using 'Google Test' will be built
-- Found ament_cmake_gtest: 0.9.9 (/opt/ros/foxy/share/ament_cmake_gtest/cmake)
-- Found gtest sources under '/opt/ros/foxy/src/gtest_vendor': C++ tests using 'Google Test' will be built
-- Found ament_cmake_gtest: 0.9.9 (/opt/ros/foxy/share/ament_cmake_gtest/cmake)
-- Found gtest sources under '/opt/ros/foxy/src/gtest_vendor': C++ tests using 'Google Test' will be built
-- Found gtest sources under '/opt/ros/foxy/src/gtest_vendor': C++ tests using 'Google Test' will be built
-- Found ament_lint_auto: 0.9.6 (/opt/ros/foxy/share/ament_lint_auto/cmake)
-- Added test 'pep257' to check Python code against some of the style conventions in PEP 257
-- Added test 'xmllint' to check XML markup files
-- Configuring done
-- Generating done
-- Build files have been written to: /home/d-lab/workspace/ros_ur_driver/src/build/moveit_core
[35m[1mScanning dependencies of target moveit_kinematics_base[0m
[35m[1mScanning dependencies of target moveit_exceptions[0m
[35m[1mScanning dependencies of target moveit_utils[0m
[35m[1mScanning dependencies of target gtest_main[0m
[35m[1mScanning dependencies of target moveit_background_processing[0m
[35m[1mScanning dependencies of target moveit_version[0m
[35m[1mScanning dependencies of target moveit_profiler[0m
[35m[1mScanning dependencies of target gtest[0m
[35m[1mScanning dependencies of target moveit_transforms[0m
[35m[1mScanning dependencies of target moveit_distance_field[0m
[  0%] [32mBuilding CXX object version/CMakeFiles/moveit_version.dir/version.cpp.o[0m
[  1%] [32mBuilding CXX object gtest/CMakeFiles/gtest_main.dir/src/gtest_main.cc.o[0m
[  2%] [32mBuilding CXX object gtest/CMakeFiles/gtest.dir/src/gtest-all.cc.o[0m
[  3%] [32mBuilding CXX object utils/CMakeFiles/moveit_utils.dir/src/lexical_casts.cpp.o[0m
[  3%] [32mBuilding CXX object utils/CMakeFiles/moveit_utils.dir/src/rclcpp_utils.cpp.o[0m
[  4%] [32mBuilding CXX object utils/CMakeFiles/moveit_utils.dir/src/message_checks.cpp.o[0m
[  5%] [32mBuilding CXX object exceptions/CMakeFiles/moveit_exceptions.dir/src/exceptions.cpp.o[0m
[  6%] [32mBuilding CXX object profiler/CMakeFiles/moveit_profiler.dir/src/profiler.cpp.o[0m
[  6%] [32mBuilding CXX object background_processing/CMakeFiles/moveit_background_processing.dir/src/background_processing.cpp.o[0m
[  7%] [32m[1mLinking CXX executable moveit_version[0m
[  8%] [32mBuilding CXX object kinematics_base/CMakeFiles/moveit_kinematics_base.dir/src/kinematics_base.cpp.o[0m
[  9%] [32mBuilding CXX object transforms/CMakeFiles/moveit_transforms.dir/src/transforms.cpp.o[0m
[  9%] Built target moveit_version
[ 10%] [32mBuilding CXX object distance_field/CMakeFiles/moveit_distance_field.dir/src/distance_field.cpp.o[0m
[  9%] [32mBuilding CXX object distance_field/CMakeFiles/moveit_distance_field.dir/src/find_internal_points.cpp.o[0m
[ 11%] [32mBuilding CXX object distance_field/CMakeFiles/moveit_distance_field.dir/src/propagation_distance_field.cpp.o[0m
[ 12%] [32m[1mLinking CXX shared library libmoveit_utils.so[0m
[ 12%] Built target moveit_utils
[ 13%] [32m[1mLinking CXX static library libgtest_main.a[0m
[ 13%] Built target gtest_main
[ 13%] [32m[1mLinking CXX shared library libmoveit_exceptions.so[0m
[ 13%] Built target moveit_exceptions
[ 13%] [32m[1mLinking CXX shared library libmoveit_transforms.so[0m
[ 14%] [32m[1mLinking CXX shared library libmoveit_kinematics_base.so[0m
[ 14%] Built target moveit_transforms
[ 14%] Built target moveit_kinematics_base
[ 15%] [32m[1mLinking CXX shared library libmoveit_background_processing.so[0m
[ 15%] Built target moveit_background_processing
[ 16%] [32m[1mLinking CXX shared library libmoveit_distance_field.so[0m
[ 17%] [32m[1mLinking CXX shared library libmoveit_profiler.so[0m
[ 17%] Built target moveit_distance_field
[ 17%] Built target moveit_profiler
[35m[1mScanning dependencies of target moveit_robot_model[0m
[ 17%] [32mBuilding CXX object robot_model/CMakeFiles/moveit_robot_model.dir/src/aabb.cpp.o[0m
[ 18%] [32mBuilding CXX object robot_model/CMakeFiles/moveit_robot_model.dir/src/fixed_joint_model.cpp.o[0m
[ 18%] [32mBuilding CXX object robot_model/CMakeFiles/moveit_robot_model.dir/src/joint_model.cpp.o[0m
[ 19%] [32mBuilding CXX object robot_model/CMakeFiles/moveit_robot_model.dir/src/floating_joint_model.cpp.o[0m
[ 20%] [32mBuilding CXX object robot_model/CMakeFiles/moveit_robot_model.dir/src/prismatic_joint_model.cpp.o[0m
[ 21%] [32mBuilding CXX object robot_model/CMakeFiles/moveit_robot_model.dir/src/joint_model_group.cpp.o[0m
[ 21%] [32mBuilding CXX object robot_model/CMakeFiles/moveit_robot_model.dir/src/robot_model.cpp.o[0m
[ 22%] [32mBuilding CXX object robot_model/CMakeFiles/moveit_robot_model.dir/src/link_model.cpp.o[0m
[ 23%] [32mBuilding CXX object robot_model/CMakeFiles/moveit_robot_model.dir/src/revolute_joint_model.cpp.o[0m
[ 23%] [32mBuilding CXX object robot_model/CMakeFiles/moveit_robot_model.dir/src/planar_joint_model.cpp.o[0m
[ 23%] [32m[1mLinking CXX static library libgtest.a[0m
[ 23%] Built target gtest
[35m[1mScanning dependencies of target test_transforms[0m
[35m[1mScanning dependencies of target test_distance_field[0m
[35m[1mScanning dependencies of target test_voxel_grid[0m
[ 24%] [32mBuilding CXX object transforms/CMakeFiles/test_transforms.dir/test/test_transforms.cpp.o[0m
[ 24%] [32mBuilding CXX object distance_field/CMakeFiles/test_voxel_grid.dir/test/test_voxel_grid.cpp.o[0m
[ 25%] [32mBuilding CXX object distance_field/CMakeFiles/test_distance_field.dir/test/test_distance_field.cpp.o[0m
[ 26%] [32m[1mLinking CXX executable test_voxel_grid[0m
[ 27%] [32m[1mLinking CXX executable test_transforms[0m
[ 27%] Built target test_voxel_grid
[ 27%] Built target test_transforms
[ 27%] [32m[1mLinking CXX executable test_distance_field[0m
[ 27%] Built target test_distance_field
[ 28%] [32m[1mLinking CXX shared library libmoveit_robot_model.so[0m
[ 28%] Built target moveit_robot_model
[35m[1mScanning dependencies of target moveit_robot_state[0m
[35m[1mScanning dependencies of target moveit_test_utils[0m
[ 29%] [32mBuilding CXX object robot_state/CMakeFiles/moveit_robot_state.dir/src/attached_body.cpp.o[0m
[ 30%] [32mBuilding CXX object utils/CMakeFiles/moveit_test_utils.dir/src/robot_model_test_utils.cpp.o[0m
[ 30%] [32mBuilding CXX object robot_state/CMakeFiles/moveit_robot_state.dir/src/conversions.cpp.o[0m
[ 31%] [32mBuilding CXX object robot_state/CMakeFiles/moveit_robot_state.dir/src/robot_state.cpp.o[0m
[ 31%] [32mBuilding CXX object robot_state/CMakeFiles/moveit_robot_state.dir/src/cartesian_interpolator.cpp.o[0m
[ 32%] [32m[1mLinking CXX shared library libmoveit_test_utils.so[0m
[ 32%] Built target moveit_test_utils
[35m[1mScanning dependencies of target test_robot_model[0m
[ 33%] [32mBuilding CXX object robot_model/CMakeFiles/test_robot_model.dir/test/test.cpp.o[0m
[ 34%] [32m[1mLinking CXX executable test_robot_model[0m
[ 34%] Built target test_robot_model
[ 35%] [32m[1mLinking CXX shared library libmoveit_robot_state.so[0m
[ 35%] Built target moveit_robot_state
[35m[1mScanning dependencies of target test_aabb[0m
[35m[1mScanning dependencies of target moveit_robot_trajectory[0m
[35m[1mScanning dependencies of target test_robot_state_complex[0m
[35m[1mScanning dependencies of target moveit_collision_detection[0m
[35m[1mScanning dependencies of target moveit_kinematics_metrics[0m
[35m[1mScanning dependencies of target test_robot_state_benchmark[0m
[35m[1mScanning dependencies of target test_robot_state[0m
[35m[1mScanning dependencies of target test_cartesian_interpolator[0m
[35m[1mScanning dependencies of target moveit_dynamics_solver[0m
[ 36%] [32mBuilding CXX object robot_trajectory/CMakeFiles/moveit_robot_trajectory.dir/src/robot_trajectory.cpp.o[0m
[ 37%] [32mBuilding CXX object robot_state/CMakeFiles/test_aabb.dir/test/test_aabb.cpp.o[0m
[ 38%] [32mBuilding CXX object robot_state/CMakeFiles/test_robot_state_complex.dir/test/test_kinematic_complex.cpp.o[0m
[ 38%] [32mBuilding CXX object kinematics_metrics/CMakeFiles/moveit_kinematics_metrics.dir/src/kinematics_metrics.cpp.o[0m
[ 38%] [32mBuilding CXX object robot_state/CMakeFiles/test_robot_state_benchmark.dir/test/robot_state_benchmark.cpp.o[0m
[ 38%] [32mBuilding CXX object robot_state/CMakeFiles/test_cartesian_interpolator.dir/test/test_cartesian_interpolator.cpp.o[0m
[ 38%] [32mBuilding CXX object dynamics_solver/CMakeFiles/moveit_dynamics_solver.dir/src/dynamics_solver.cpp.o[0m
[ 38%] [32mBuilding CXX object robot_state/CMakeFiles/test_robot_state.dir/test/robot_state_test.cpp.o[0m
[ 39%] [32mBuilding CXX object collision_detection/CMakeFiles/moveit_collision_detection.dir/src/allvalid/collision_env_allvalid.cpp.o[0m
[ 40%] [32mBuilding CXX object collision_detection/CMakeFiles/moveit_collision_detection.dir/src/collision_matrix.cpp.o[0m
[ 41%] [32mBuilding CXX object collision_detection/CMakeFiles/moveit_collision_detection.dir/src/collision_octomap_filter.cpp.o[0m
[ 41%] [32mBuilding CXX object collision_detection/CMakeFiles/moveit_collision_detection.dir/src/collision_common.cpp.o[0m
[ 41%] [32mBuilding CXX object collision_detection/CMakeFiles/moveit_collision_detection.dir/src/collision_tools.cpp.o[0m
[ 42%] [32mBuilding CXX object collision_detection/CMakeFiles/moveit_collision_detection.dir/src/world.cpp.o[0m
[ 43%] [32mBuilding CXX object collision_detection/CMakeFiles/moveit_collision_detection.dir/src/world_diff.cpp.o[0m
[ 43%] [32mBuilding CXX object collision_detection/CMakeFiles/moveit_collision_detection.dir/src/collision_env.cpp.o[0m
make[2]: *** [robot_state/CMakeFiles/test_robot_state_benchmark.dir/build.make:63: robot_state/CMakeFiles/test_robot_state_benchmark.dir/test/robot_state_benchmark.cpp.o] Interrupt
make[2]: *** [collision_detection/CMakeFiles/moveit_collision_detection.dir/build.make:63: collision_detection/CMakeFiles/moveit_collision_detection.dir/src/allvalid/collision_env_allvalid.cpp.o] Interrupt
make[2]: *** [dynamics_solver/CMakeFiles/moveit_dynamics_solver.dir/build.make:63: dynamics_solver/CMakeFiles/moveit_dynamics_solver.dir/src/dynamics_solver.cpp.o] Interrupt
make[2]: *** [kinematics_metrics/CMakeFiles/moveit_kinematics_metrics.dir/build.make:63: kinematics_metrics/CMakeFiles/moveit_kinematics_metrics.dir/src/kinematics_metrics.cpp.o] Interrupt
make[2]: *** [robot_state/CMakeFiles/test_cartesian_interpolator.dir/build.make:63: robot_state/CMakeFiles/test_cartesian_interpolator.dir/test/test_cartesian_interpolator.cpp.o] Interrupt
make[2]: *** [collision_detection/CMakeFiles/moveit_collision_detection.dir/build.make:115: collision_detection/CMakeFiles/moveit_collision_detection.dir/src/collision_tools.cpp.o] Interrupt
make[2]: *** [collision_detection/CMakeFiles/moveit_collision_detection.dir/build.make:102: collision_detection/CMakeFiles/moveit_collision_detection.dir/src/collision_octomap_filter.cpp.o] Interrupt
make[1]: *** [CMakeFiles/Makefile2:1430: robot_state/CMakeFiles/test_robot_state_benchmark.dir/all] Interrupt
make[1]: *** [CMakeFiles/Makefile2:2440: dynamics_solver/CMakeFiles/moveit_dynamics_solver.dir/all] Interrupt
make[1]: *** [CMakeFiles/Makefile2:2408: kinematics_metrics/CMakeFiles/moveit_kinematics_metrics.dir/all] Interrupt
make[1]: *** [CMakeFiles/Makefile2:1286: robot_state/CMakeFiles/test_cartesian_interpolator.dir/all] Interrupt
make[2]: *** [robot_state/CMakeFiles/test_aabb.dir/build.make:63: robot_state/CMakeFiles/test_aabb.dir/test/test_aabb.cpp.o] Interrupt
make[2]: *** [collision_detection/CMakeFiles/moveit_collision_detection.dir/build.make:128: collision_detection/CMakeFiles/moveit_collision_detection.dir/src/world.cpp.o] Interrupt
make[2]: *** [robot_trajectory/CMakeFiles/moveit_robot_trajectory.dir/build.make:63: robot_trajectory/CMakeFiles/moveit_robot_trajectory.dir/src/robot_trajectory.cpp.o] Interrupt
make[1]: *** [CMakeFiles/Makefile2:1712: robot_trajectory/CMakeFiles/moveit_robot_trajectory.dir/all] Interrupt
make[1]: *** [CMakeFiles/Makefile2:1322: robot_state/CMakeFiles/test_aabb.dir/all] Interrupt
make[2]: *** [robot_state/CMakeFiles/test_robot_state.dir/build.make:63: robot_state/CMakeFiles/test_robot_state.dir/test/robot_state_test.cpp.o] Interrupt
make[2]: *** [robot_state/CMakeFiles/test_robot_state_complex.dir/build.make:63: robot_state/CMakeFiles/test_robot_state_complex.dir/test/test_kinematic_complex.cpp.o] Interrupt
make[1]: *** [CMakeFiles/Makefile2:1358: robot_state/CMakeFiles/test_robot_state.dir/all] Interrupt
make[2]: *** [collision_detection/CMakeFiles/moveit_collision_detection.dir/build.make:89: collision_detection/CMakeFiles/moveit_collision_detection.dir/src/collision_matrix.cpp.o] Interrupt
make[2]: *** [collision_detection/CMakeFiles/moveit_collision_detection.dir/build.make:76: collision_detection/CMakeFiles/moveit_collision_detection.dir/src/collision_common.cpp.o] Interrupt
make[1]: *** [CMakeFiles/Makefile2:1394: robot_state/CMakeFiles/test_robot_state_complex.dir/all] Interrupt
make[2]: *** [collision_detection/CMakeFiles/moveit_collision_detection.dir/build.make:154: collision_detection/CMakeFiles/moveit_collision_detection.dir/src/collision_env.cpp.o] Interrupt
make[1]: *** [CMakeFiles/Makefile2:1168: collision_detection/CMakeFiles/moveit_collision_detection.dir/all] Interrupt
make: *** [Makefile:141: all] Interrupt
