[0.046s] Invoking command in '/home/d-lab/workspace/ros_ur_driver/build/forward_command_controller': AMENT_PREFIX_PATH=/home/d-lab/workspace/ros_ur_driver/install/controller_manager:/home/d-lab/workspace/ros_ur_driver/install/controller_interface:/home/d-lab/workspace/ros_ur_driver/install/hardware_interface:/home/d-lab/workspace/ros_ur_driver/install/ros2_control_test_assets:/home/d-lab/workspace/ros_ur_driver/install/controller_manager_msgs:/home/d-lab/workspace/ros_ur_driver/install/control_msgs:${AMENT_PREFIX_PATH} CMAKE_PREFIX_PATH=/home/d-lab/workspace/ros_ur_driver/install/controller_manager:/home/d-lab/workspace/ros_ur_driver/install/controller_interface:/home/d-lab/workspace/ros_ur_driver/install/hardware_interface:/home/d-lab/workspace/ros_ur_driver/install/ros2_control_test_assets:/home/d-lab/workspace/ros_ur_driver/install/controller_manager_msgs:/home/d-lab/workspace/ros_ur_driver/install/control_msgs:/opt/ros/foxy LD_LIBRARY_PATH=/home/d-lab/workspace/ros_ur_driver/install/controller_manager/lib:/home/d-lab/workspace/ros_ur_driver/install/controller_interface/lib:/home/d-lab/workspace/ros_ur_driver/install/hardware_interface/lib:/home/d-lab/workspace/ros_ur_driver/install/controller_manager_msgs/lib:/home/d-lab/workspace/ros_ur_driver/install/control_msgs/lib:${LD_LIBRARY_PATH} PYTHONPATH=/home/d-lab/workspace/ros_ur_driver/install/controller_manager/lib/python3.8/site-packages:/home/d-lab/workspace/ros_ur_driver/install/controller_manager_msgs/lib/python3.8/site-packages:/home/d-lab/workspace/ros_ur_driver/install/control_msgs/lib/python3.8/site-packages:${PYTHONPATH} /usr/bin/cmake --build /home/d-lab/workspace/ros_ur_driver/build/forward_command_controller -- -j16 -l16
[0.089s] [ 21%] Built target gmock
[0.090s] [ 35%] Built target gmock_main
[0.111s] [ 42%] [32mBuilding CXX object CMakeFiles/forward_command_controller.dir/src/forward_command_controller.cpp.o[0m
[0.112s] [ 50%] [32mBuilding CXX object CMakeFiles/forward_command_controller.dir/src/multi_interface_forward_controller.cpp.o[0m
[0.147s] [ 64%] Built target test_multi_interface_forward_controller
[0.147s] [ 78%] Built target test_load_forward_command_controller
[1.174s] In file included from [01m[K/home/d-lab/workspace/ros_ur_driver/src/ros2_controllers/forward_command_controller/include/forward_command_controller/multi_interface_forward_controller.hpp:22[m[K,
[1.174s]                  from [01m[K/home/d-lab/workspace/ros_ur_driver/src/ros2_controllers/forward_command_controller/src/multi_interface_forward_controller.cpp:15[m[K:
[1.174s] [01m[K/home/d-lab/workspace/ros_ur_driver/src/ros2_controllers/forward_command_controller/include/forward_command_controller/forward_command_controller.hpp:60:18:[m[K [01;31m[Kerror: [m[Kâ€˜[01m[Krclcpp_lifecycle::node_interfaces::LifecycleNodeInterface::CallbackReturn forward_command_controller::ForwardCommandController::on_init()[m[Kâ€™ marked â€˜[01m[Koverride[m[Kâ€™, but does not override
[1.174s]    60 |   CallbackReturn [01;31m[Kon_init[m[K() override;
[1.174s]       |                  [01;31m[K^~~~~~~[m[K
[1.174s] In file included from [01m[K/home/d-lab/workspace/ros_ur_driver/src/ros2_controllers/forward_command_controller/src/multi_interface_forward_controller.cpp:15[m[K:
[1.174s] [01m[K/home/d-lab/workspace/ros_ur_driver/src/ros2_controllers/forward_command_controller/include/forward_command_controller/multi_interface_forward_controller.hpp:35:18:[m[K [01;31m[Kerror: [m[Kâ€˜[01m[Krclcpp_lifecycle::node_interfaces::LifecycleNodeInterface::CallbackReturn forward_command_controller::MultiInterfaceForwardController::on_init()[m[Kâ€™ marked â€˜[01m[Koverride[m[Kâ€™, but does not override
[1.175s]    35 |   CallbackReturn [01;31m[Kon_init[m[K() override;
[1.175s]       |                  [01;31m[K^~~~~~~[m[K
[1.201s] In file included from [01m[K/home/d-lab/workspace/ros_ur_driver/src/ros2_controllers/forward_command_controller/src/forward_command_controller.cpp:15[m[K:
[1.201s] [01m[K/home/d-lab/workspace/ros_ur_driver/src/ros2_controllers/forward_command_controller/include/forward_command_controller/forward_command_controller.hpp:60:18:[m[K [01;31m[Kerror: [m[Kâ€˜[01m[Krclcpp_lifecycle::node_interfaces::LifecycleNodeInterface::CallbackReturn forward_command_controller::ForwardCommandController::on_init()[m[Kâ€™ marked â€˜[01m[Koverride[m[Kâ€™, but does not override
[1.201s]    60 |   CallbackReturn [01;31m[Kon_init[m[K() override;
[1.201s]       |                  [01;31m[K^~~~~~~[m[K
[1.505s] make[2]: *** [CMakeFiles/forward_command_controller.dir/build.make:76: CMakeFiles/forward_command_controller.dir/src/multi_interface_forward_controller.cpp.o] Error 1
[1.505s] make[2]: *** Waiting for unfinished jobs....
[2.390s] make[2]: *** [CMakeFiles/forward_command_controller.dir/build.make:63: CMakeFiles/forward_command_controller.dir/src/forward_command_controller.cpp.o] Error 1
[2.390s] make[1]: *** [CMakeFiles/Makefile2:183: CMakeFiles/forward_command_controller.dir/all] Error 2
[2.390s] make: *** [Makefile:141: all] Error 2
