[0.017s] Invoking command in '/home/d-lab/workspace/ros_ur_driver/build/cartesian_controller_handles': AMENT_PREFIX_PATH=/home/d-lab/workspace/ros_ur_driver/install/cartesian_controller_base:/home/d-lab/workspace/ros_ur_driver/install/controller_interface:/home/d-lab/workspace/ros_ur_driver/install/hardware_interface:/home/d-lab/workspace/ros_ur_driver/install/control_msgs:${AMENT_PREFIX_PATH} CMAKE_PREFIX_PATH=/home/d-lab/workspace/ros_ur_driver/install/cartesian_controller_base:/home/d-lab/workspace/ros_ur_driver/install/controller_interface:/home/d-lab/workspace/ros_ur_driver/install/hardware_interface:/home/d-lab/workspace/ros_ur_driver/install/control_msgs:/opt/ros/foxy LD_LIBRARY_PATH=/home/d-lab/workspace/ros_ur_driver/install/cartesian_controller_base/lib:/home/d-lab/workspace/ros_ur_driver/install/controller_interface/lib:/home/d-lab/workspace/ros_ur_driver/install/hardware_interface/lib:/home/d-lab/workspace/ros_ur_driver/install/control_msgs/lib:${LD_LIBRARY_PATH} PYTHONPATH=/home/d-lab/workspace/ros_ur_driver/install/control_msgs/lib/python3.8/site-packages:${PYTHONPATH} /usr/bin/cmake --build /home/d-lab/workspace/ros_ur_driver/build/cartesian_controller_handles -- -j16 -l16
[0.035s] -- Found ament_cmake: 0.9.9 (/opt/ros/foxy/share/ament_cmake/cmake)
[0.051s] -- Using PYTHON_EXECUTABLE: /usr/bin/python3
[0.169s] -- Found cartesian_controller_base: 0.0.0 (/home/d-lab/workspace/ros_ur_driver/install/cartesian_controller_base/share/cartesian_controller_base/cmake)
[0.185s] -- Using all available rosidl_typesupport_c: rosidl_typesupport_fastrtps_c;rosidl_typesupport_introspection_c
[0.187s] -- Found rosidl_adapter: 1.2.1 (/opt/ros/foxy/share/rosidl_adapter/cmake)
[0.270s] -- Using all available rosidl_typesupport_cpp: rosidl_typesupport_fastrtps_cpp;rosidl_typesupport_introspection_cpp
[0.615s] -- Found rmw_implementation_cmake: 1.0.3 (/opt/ros/foxy/share/rmw_implementation_cmake/cmake)
[0.616s] -- Using RMW implementation 'rmw_fastrtps_cpp' as default
[0.789s] -- Found eigen3_cmake_module: 0.1.1 (/opt/ros/foxy/share/eigen3_cmake_module/cmake)
[0.867s] -- Found interactive_markers: 2.1.3 (/opt/ros/foxy/share/interactive_markers/cmake)
[1.434s] -- Configuring done
[1.453s] -- Generating done
[1.455s] -- Build files have been written to: /home/d-lab/workspace/ros_ur_driver/build/cartesian_controller_handles
[1.477s] [35m[1mScanning dependencies of target cartesian_controller_handles[0m
[1.506s] [ 50%] [32mBuilding CXX object CMakeFiles/cartesian_controller_handles.dir/src/motion_control_handle.cpp.o[0m
[2.975s] [01m[K/home/d-lab/workspace/ros_ur_driver/src/cartesian_controllers/cartesian_controller_handles/src/motion_control_handle.cpp:[m[K In member function â€˜[01m[Kvirtual controller_interface::return_type cartesian_controller_handles::MotionControlHandle::init(const string&)[m[Kâ€™:
[2.975s] [01m[K/home/d-lab/workspace/ros_ur_driver/src/cartesian_controllers/cartesian_controller_handles/src/motion_control_handle.cpp:140:85:[m[K [01;31m[Kerror: [m[Kcannot convert â€˜[01m[Krclcpp_lifecycle::node_interfaces::LifecycleNodeInterface::CallbackReturn[m[Kâ€™ to â€˜[01m[Kcontroller_interface::return_type[m[Kâ€™ in return
[2.975s]   140 |   return rclcpp_lifecycle::node_interfaces::LifecycleNodeInterface::CallbackReturn::[01;31m[KSUCCESS[m[K;
[2.975s]       |                                                                                     [01;31m[K^~~~~~~[m[K
[3.583s] make[2]: *** [CMakeFiles/cartesian_controller_handles.dir/build.make:63: CMakeFiles/cartesian_controller_handles.dir/src/motion_control_handle.cpp.o] Error 1
[3.584s] make[1]: *** [CMakeFiles/Makefile2:78: CMakeFiles/cartesian_controller_handles.dir/all] Error 2
[3.584s] make: *** [Makefile:141: all] Error 2
[3.586s] Invoked command in '/home/d-lab/workspace/ros_ur_driver/build/cartesian_controller_handles' returned '2': AMENT_PREFIX_PATH=/home/d-lab/workspace/ros_ur_driver/install/cartesian_controller_base:/home/d-lab/workspace/ros_ur_driver/install/controller_interface:/home/d-lab/workspace/ros_ur_driver/install/hardware_interface:/home/d-lab/workspace/ros_ur_driver/install/control_msgs:${AMENT_PREFIX_PATH} CMAKE_PREFIX_PATH=/home/d-lab/workspace/ros_ur_driver/install/cartesian_controller_base:/home/d-lab/workspace/ros_ur_driver/install/controller_interface:/home/d-lab/workspace/ros_ur_driver/install/hardware_interface:/home/d-lab/workspace/ros_ur_driver/install/control_msgs:/opt/ros/foxy LD_LIBRARY_PATH=/home/d-lab/workspace/ros_ur_driver/install/cartesian_controller_base/lib:/home/d-lab/workspace/ros_ur_driver/install/controller_interface/lib:/home/d-lab/workspace/ros_ur_driver/install/hardware_interface/lib:/home/d-lab/workspace/ros_ur_driver/install/control_msgs/lib:${LD_LIBRARY_PATH} PYTHONPATH=/home/d-lab/workspace/ros_ur_driver/install/control_msgs/lib/python3.8/site-packages:${PYTHONPATH} /usr/bin/cmake --build /home/d-lab/workspace/ros_ur_driver/build/cartesian_controller_handles -- -j16 -l16
