[0.187s] Invoking command in '/home/d-lab/workspace/ros_ur_driver/src/build/move_arm': CMAKE_PREFIX_PATH=/opt/ros/foxy /usr/bin/cmake --build /home/d-lab/workspace/ros_ur_driver/src/build/move_arm -- -j16 -l16
[0.365s] [35m[1mScanning dependencies of target move_to_point[0m
[0.367s] [ 50%] [32mBuilding CXX object CMakeFiles/move_to_point.dir/src/move_to_point.cpp.o[0m
[2.382s] [01m[K/home/d-lab/workspace/ros_ur_driver/src/move_arm/src/move_to_point.cpp:[m[K In function â€˜[01m[Kint main(int, char**)[m[Kâ€™:
[2.382s] [01m[K/home/d-lab/workspace/ros_ur_driver/src/move_arm/src/move_to_point.cpp:147:61:[m[K [01;31m[Kerror: [m[Kâ€˜[01m[Kmoveit::core::MoveItErrorCode[m[Kâ€™ has not been declared
[2.382s]   147 | l success = (move_group.plan(my_plan) == moveit::core::[01;31m[KMoveItErrorCode[m[K::SUCCESS);
[2.382s]       |                                                        [01;31m[K^~~~~~~~~~~~~~~[m[K
[2.382s] 
[2.383s] [01m[K/home/d-lab/workspace/ros_ur_driver/src/move_arm/src/move_to_point.cpp:88:40:[m[K [01;35m[Kwarning: [m[Kunused variable â€˜[01m[Kjoint_model_group[m[Kâ€™ [[01;35m[K-Wunused-variable[m[K]
[2.383s]    88 |   const moveit::core::JointModelGroup* [01;35m[Kjoint_model_group[m[K =
[2.383s]       |                                        [01;35m[K^~~~~~~~~~~~~~~~~[m[K
[4.095s] make[2]: *** [CMakeFiles/move_to_point.dir/build.make:63: CMakeFiles/move_to_point.dir/src/move_to_point.cpp.o] Error 1
[4.095s] make[1]: *** [CMakeFiles/Makefile2:78: CMakeFiles/move_to_point.dir/all] Error 2
[4.095s] make: *** [Makefile:141: all] Error 2
[4.097s] Invoked command in '/home/d-lab/workspace/ros_ur_driver/src/build/move_arm' returned '2': CMAKE_PREFIX_PATH=/opt/ros/foxy /usr/bin/cmake --build /home/d-lab/workspace/ros_ur_driver/src/build/move_arm -- -j16 -l16
