[0.335s] Invoking command in '/home/d-lab/workspace/ros_ur_driver/build/admittance_controller': AMENT_PREFIX_PATH=/home/d-lab/workspace/ros_ur_driver/install/controller_manager:/home/d-lab/workspace/ros_ur_driver/install/controller_interface:/home/d-lab/workspace/ros_ur_driver/install/hardware_interface:/home/d-lab/workspace/ros_ur_driver/install/ros2_control_test_assets:/home/d-lab/workspace/ros_ur_driver/install/filters:/home/d-lab/workspace/ros_ur_driver/install/controller_manager_msgs:/home/d-lab/workspace/ros_ur_driver/install/control_msgs:${AMENT_PREFIX_PATH} CMAKE_PREFIX_PATH=/home/d-lab/workspace/ros_ur_driver/install/controller_manager:/home/d-lab/workspace/ros_ur_driver/install/controller_interface:/home/d-lab/workspace/ros_ur_driver/install/hardware_interface:/home/d-lab/workspace/ros_ur_driver/install/ros2_control_test_assets:/home/d-lab/workspace/ros_ur_driver/install/filters:/home/d-lab/workspace/ros_ur_driver/install/controller_manager_msgs:/home/d-lab/workspace/ros_ur_driver/install/control_msgs:/opt/ros/foxy LD_LIBRARY_PATH=/home/d-lab/workspace/ros_ur_driver/install/controller_manager/lib:/home/d-lab/workspace/ros_ur_driver/install/controller_interface/lib:/home/d-lab/workspace/ros_ur_driver/install/hardware_interface/lib:/home/d-lab/workspace/ros_ur_driver/install/filters/lib:/home/d-lab/workspace/ros_ur_driver/install/controller_manager_msgs/lib:/home/d-lab/workspace/ros_ur_driver/install/control_msgs/lib:${LD_LIBRARY_PATH} PYTHONPATH=/home/d-lab/workspace/ros_ur_driver/install/controller_manager/lib/python3.8/site-packages:/home/d-lab/workspace/ros_ur_driver/install/controller_manager_msgs/lib/python3.8/site-packages:/home/d-lab/workspace/ros_ur_driver/install/control_msgs/lib/python3.8/site-packages:${PYTHONPATH} /usr/bin/cmake --build /home/d-lab/workspace/ros_ur_driver/build/admittance_controller -- -j16 -l16
[0.431s] [ 25%] Built target gmock
[0.435s] [ 41%] Built target gmock_main
[0.436s] [ 50%] [32mBuilding CXX object CMakeFiles/admittance_controller.dir/src/moveit_kinematics.cpp.o[0m
[0.437s] [ 66%] Built target test_load_admittance_controller
[0.437s] [ 75%] [32mBuilding CXX object CMakeFiles/admittance_controller.dir/src/admittance_controller.cpp.o[0m
[0.923s] In file included from [01m[K/home/d-lab/workspace/ros_ur_driver/src/ros2_controllers/admittance_controller/include/admittance_controller/admittance_controller.hpp:24[m[K,
[0.924s]                  from [01m[K/home/d-lab/workspace/ros_ur_driver/src/ros2_controllers/admittance_controller/src/admittance_controller.cpp:17[m[K:
[0.925s] [01m[K/home/d-lab/workspace/ros_ur_driver/src/ros2_controllers/admittance_controller/include/admittance_controller/admittance_rule.hpp:23:10:[m[K [01;31m[Kfatal error: [m[Kcontrol_msgs/msg/admittance_controller_state.hpp: No such file or directory
[0.927s]    23 | #include [01;31m[K"control_msgs/msg/admittance_controller_state.hpp"[m[K
[0.928s]       |          [01;31m[K^~~~~~~~~~~~~~~~~~~~~~~~~~~~~~~~~~~~~~~~~~~~~~~~~~[m[K
[0.928s] compilation terminated.
[0.932s] make[2]: *** [CMakeFiles/admittance_controller.dir/build.make:63: CMakeFiles/admittance_controller.dir/src/admittance_controller.cpp.o] Error 1
[0.932s] make[2]: *** Waiting for unfinished jobs....
[0.986s] [01m[K/home/d-lab/workspace/ros_ur_driver/src/ros2_controllers/admittance_controller/src/moveit_kinematics.cpp:19:10:[m[K [01;31m[Kfatal error: [m[Ktf2_eigen/tf2_eigen.hpp: No such file or directory
[0.986s]    19 | #include [01;31m[K"tf2_eigen/tf2_eigen.hpp"[m[K
[0.986s]       |          [01;31m[K^~~~~~~~~~~~~~~~~~~~~~~~~[m[K
[0.986s] compilation terminated.
[0.987s] make[2]: *** [CMakeFiles/admittance_controller.dir/build.make:76: CMakeFiles/admittance_controller.dir/src/moveit_kinematics.cpp.o] Error 1
[0.987s] make[1]: *** [CMakeFiles/Makefile2:182: CMakeFiles/admittance_controller.dir/all] Error 2
[0.987s] make: *** [Makefile:141: all] Error 2
[1.051s] Invoked command in '/home/d-lab/workspace/ros_ur_driver/build/admittance_controller' returned '2': AMENT_PREFIX_PATH=/home/d-lab/workspace/ros_ur_driver/install/controller_manager:/home/d-lab/workspace/ros_ur_driver/install/controller_interface:/home/d-lab/workspace/ros_ur_driver/install/hardware_interface:/home/d-lab/workspace/ros_ur_driver/install/ros2_control_test_assets:/home/d-lab/workspace/ros_ur_driver/install/filters:/home/d-lab/workspace/ros_ur_driver/install/controller_manager_msgs:/home/d-lab/workspace/ros_ur_driver/install/control_msgs:${AMENT_PREFIX_PATH} CMAKE_PREFIX_PATH=/home/d-lab/workspace/ros_ur_driver/install/controller_manager:/home/d-lab/workspace/ros_ur_driver/install/controller_interface:/home/d-lab/workspace/ros_ur_driver/install/hardware_interface:/home/d-lab/workspace/ros_ur_driver/install/ros2_control_test_assets:/home/d-lab/workspace/ros_ur_driver/install/filters:/home/d-lab/workspace/ros_ur_driver/install/controller_manager_msgs:/home/d-lab/workspace/ros_ur_driver/install/control_msgs:/opt/ros/foxy LD_LIBRARY_PATH=/home/d-lab/workspace/ros_ur_driver/install/controller_manager/lib:/home/d-lab/workspace/ros_ur_driver/install/controller_interface/lib:/home/d-lab/workspace/ros_ur_driver/install/hardware_interface/lib:/home/d-lab/workspace/ros_ur_driver/install/filters/lib:/home/d-lab/workspace/ros_ur_driver/install/controller_manager_msgs/lib:/home/d-lab/workspace/ros_ur_driver/install/control_msgs/lib:${LD_LIBRARY_PATH} PYTHONPATH=/home/d-lab/workspace/ros_ur_driver/install/controller_manager/lib/python3.8/site-packages:/home/d-lab/workspace/ros_ur_driver/install/controller_manager_msgs/lib/python3.8/site-packages:/home/d-lab/workspace/ros_ur_driver/install/control_msgs/lib/python3.8/site-packages:${PYTHONPATH} /usr/bin/cmake --build /home/d-lab/workspace/ros_ur_driver/build/admittance_controller -- -j16 -l16
